                      :-) GROMACS - gmx mdrun, 2022.5 (-:

Copyright 1991-2022 The GROMACS Authors.
GROMACS is free software; you can redistribute it and/or modify it
under the terms of the GNU Lesser General Public License
as published by the Free Software Foundation; either version 2.1
of the License, or (at your option) any later version.

                         Current GROMACS contributors:
       Mark Abraham           Andrey Alekseenko           Cathrine Bergh      
      Christian Blau            Eliane Briand               Kevin Boyd        
     Oliver Fleetwood         Stefan Fleischmann           Vytas Gapsys       
       Gaurav Garg           Gilles Gouaillardet            Alan Gray         
      Victor Holanda           M. Eric Irrgang              Joe Jordan        
    Christoph Junghans        Prashanth Kanduri           Sebastian Kehl      
     Sebastian Keller          Carsten Kutzner           Magnus Lundborg      
       Pascal Merz              Dmitry Morozov             Szilard Pall       
      Roland Schulz             Michael Shirts         David van der Spoel    
     Alessandra Villa      Sebastian Wingbermuehle        Artem Zhmurov       

                         Previous GROMACS contributors:
        Emile Apol             Rossen Apostolov           James Barnett       
  Herman J.C. Berendsen          Par Bjelkmar           Viacheslav Bolnykh    
    Aldert van Buuren          Carlo Camilloni           Rudi van Drunen      
      Anton Feenstra           Gerrit Groenhof            Bert de Groot       
      Anca Hamuraru           Vincent Hindriksen         Aleksei Iupinov      
   Dimitrios Karkoulis           Peter Kasson               Jiri Kraus        
       Per Larsson             Justin A. Lemkul           Viveca Lindahl      
      Erik Marklund           Pieter Meulenhoff           Vedran Miletic      
      Teemu Murtola              Sander Pronk            Alexey Shvetsov      
      Alfons Sijbers            Peter Tieleman             Jon Vincent        
     Teemu Virolainen         Christian Wennberg           Maarten Wolf       

                  Coordinated by the GROMACS project leaders:
                    Paul Bauer, Berk Hess, and Erik Lindahl

GROMACS:      gmx mdrun, version 2022.5
Executable:   /usr/local/gromacs/bin/gmx
Data prefix:  /usr/local/gromacs
Working dir:  /home/zhmurov/git/artemzhmurov/5cb-tutorial/WIP/tmp/5CB_100_E
Process ID:   212579
Command line:
  gmx mdrun -deffnm em

GROMACS version:    2022.5
Precision:          mixed
Memory model:       64 bit
MPI library:        thread_mpi
OpenMP support:     enabled (GMX_OPENMP_MAX_THREADS = 128)
GPU support:        disabled
SIMD instructions:  AVX2_256
CPU FFT library:    fftw-3.3.8-sse2-avx
GPU FFT library:    none
RDTSCP usage:       enabled
TNG support:        enabled
Hwloc support:      disabled
Tracing support:    disabled
C compiler:         /usr/bin/cc GNU 11.2.0
C compiler flags:   -mavx2 -mfma -Wno-missing-field-initializers -fexcess-precision=fast -funroll-all-loops -O3 -DNDEBUG
C++ compiler:       /usr/bin/c++ GNU 11.2.0
C++ compiler flags: -mavx2 -mfma -Wno-missing-field-initializers -fexcess-precision=fast -funroll-all-loops -fopenmp -O3 -DNDEBUG


Running on 1 node with total 4 cores, 8 processing units
Hardware detected:
  CPU info:
    Vendor: Intel
    Brand:  11th Gen Intel(R) Core(TM) i5-1135G7 @ 2.40GHz
    Family: 6   Model: 140   Stepping: 1
    Features: aes apic avx avx2 avx512f avx512cd avx512bw avx512vl avx512secondFMA clfsh cmov cx8 cx16 f16c fma htt intel lahf mmx msr nonstop_tsc pcid pclmuldq pdcm pdpe1gb popcnt pse rdrnd rdtscp sha sse2 sse3 sse4.1 sse4.2 ssse3 tdt x2apic
    Number of AVX-512 FMA units: 1 (AVX2 is faster w/o 2 AVX-512 FMA units)
  Hardware topology: Basic
    Packages, cores, and logical processors:
    [indices refer to OS logical processors]
      Package  0: [   0   1] [   2   3] [   4   5] [   6   7]
    CPU limit set by OS: -1   Recommended max number of threads: 8


++++ PLEASE READ AND CITE THE FOLLOWING REFERENCE ++++
M. J. Abraham, T. Murtola, R. Schulz, S. Páll, J. C. Smith, B. Hess, E.
Lindahl
GROMACS: High performance molecular simulations through multi-level
parallelism from laptops to supercomputers
SoftwareX 1 (2015) pp. 19-25
-------- -------- --- Thank You --- -------- --------


++++ PLEASE READ AND CITE THE FOLLOWING REFERENCE ++++
S. Páll, M. J. Abraham, C. Kutzner, B. Hess, E. Lindahl
Tackling Exascale Software Challenges in Molecular Dynamics Simulations with
GROMACS
In S. Markidis & E. Laure (Eds.), Solving Software Challenges for Exascale 8759 (2015) pp. 3-27
-------- -------- --- Thank You --- -------- --------


++++ PLEASE READ AND CITE THE FOLLOWING REFERENCE ++++
S. Pronk, S. Páll, R. Schulz, P. Larsson, P. Bjelkmar, R. Apostolov, M. R.
Shirts, J. C. Smith, P. M. Kasson, D. van der Spoel, B. Hess, and E. Lindahl
GROMACS 4.5: a high-throughput and highly parallel open source molecular
simulation toolkit
Bioinformatics 29 (2013) pp. 845-54
-------- -------- --- Thank You --- -------- --------


++++ PLEASE READ AND CITE THE FOLLOWING REFERENCE ++++
B. Hess and C. Kutzner and D. van der Spoel and E. Lindahl
GROMACS 4: Algorithms for highly efficient, load-balanced, and scalable
molecular simulation
J. Chem. Theory Comput. 4 (2008) pp. 435-447
-------- -------- --- Thank You --- -------- --------


++++ PLEASE READ AND CITE THE FOLLOWING REFERENCE ++++
D. van der Spoel, E. Lindahl, B. Hess, G. Groenhof, A. E. Mark and H. J. C.
Berendsen
GROMACS: Fast, Flexible and Free
J. Comp. Chem. 26 (2005) pp. 1701-1719
-------- -------- --- Thank You --- -------- --------


++++ PLEASE READ AND CITE THE FOLLOWING REFERENCE ++++
E. Lindahl and B. Hess and D. van der Spoel
GROMACS 3.0: A package for molecular simulation and trajectory analysis
J. Mol. Mod. 7 (2001) pp. 306-317
-------- -------- --- Thank You --- -------- --------


++++ PLEASE READ AND CITE THE FOLLOWING REFERENCE ++++
H. J. C. Berendsen, D. van der Spoel and R. van Drunen
GROMACS: A message-passing parallel molecular dynamics implementation
Comp. Phys. Comm. 91 (1995) pp. 43-56
-------- -------- --- Thank You --- -------- --------


++++ PLEASE CITE THE DOI FOR THIS VERSION OF GROMACS ++++
https://doi.org/10.5281/zenodo.7586780
-------- -------- --- Thank You --- -------- --------

Input Parameters:
   integrator                     = steep
   tinit                          = 0
   dt                             = 0.001
   nsteps                         = -1
   init-step                      = 0
   simulation-part                = 1
   mts                            = false
   comm-mode                      = Linear
   nstcomm                        = 100
   bd-fric                        = 0
   ld-seed                        = -1956917603
   emtol                          = 1000
   emstep                         = 0.01
   niter                          = 20
   fcstep                         = 0
   nstcgsteep                     = 1000
   nbfgscorr                      = 10
   rtpi                           = 0.05
   nstxout                        = 0
   nstvout                        = 0
   nstfout                        = 0
   nstlog                         = 1000
   nstcalcenergy                  = 100
   nstenergy                      = 500
   nstxout-compressed             = 500
   compressed-x-precision         = 1000
   cutoff-scheme                  = Verlet
   nstlist                        = 10
   pbc                            = xyz
   periodic-molecules             = false
   verlet-buffer-tolerance        = 0.005
   rlist                          = 1.47
   coulombtype                    = Cut-off
   coulomb-modifier               = Potential-shift
   rcoulomb-switch                = 0
   rcoulomb                       = 1.4
   epsilon-r                      = 1
   epsilon-rf                     = inf
   vdw-type                       = Cut-off
   vdw-modifier                   = Potential-shift
   rvdw-switch                    = 0
   rvdw                           = 1.4
   DispCorr                       = No
   table-extension                = 1
   fourierspacing                 = 0.12
   fourier-nx                     = 0
   fourier-ny                     = 0
   fourier-nz                     = 0
   pme-order                      = 4
   ewald-rtol                     = 1e-05
   ewald-rtol-lj                  = 0.001
   lj-pme-comb-rule               = Geometric
   ewald-geometry                 = 3d
   epsilon-surface                = 0
   tcoupl                         = No
   nsttcouple                     = -1
   nh-chain-length                = 0
   print-nose-hoover-chain-variables = false
   pcoupl                         = No
   pcoupltype                     = Isotropic
   nstpcouple                     = -1
   tau-p                          = 1
   compressibility (3x3):
      compressibility[    0]={ 0.00000e+00,  0.00000e+00,  0.00000e+00}
      compressibility[    1]={ 0.00000e+00,  0.00000e+00,  0.00000e+00}
      compressibility[    2]={ 0.00000e+00,  0.00000e+00,  0.00000e+00}
   ref-p (3x3):
      ref-p[    0]={ 0.00000e+00,  0.00000e+00,  0.00000e+00}
      ref-p[    1]={ 0.00000e+00,  0.00000e+00,  0.00000e+00}
      ref-p[    2]={ 0.00000e+00,  0.00000e+00,  0.00000e+00}
   refcoord-scaling               = No
   posres-com (3):
      posres-com[0]= 0.00000e+00
      posres-com[1]= 0.00000e+00
      posres-com[2]= 0.00000e+00
   posres-comB (3):
      posres-comB[0]= 0.00000e+00
      posres-comB[1]= 0.00000e+00
      posres-comB[2]= 0.00000e+00
   QMMM                           = false
qm-opts:
   ngQM                           = 0
   constraint-algorithm           = Lincs
   continuation                   = false
   Shake-SOR                      = false
   shake-tol                      = 0.0001
   lincs-order                    = 4
   lincs-iter                     = 1
   lincs-warnangle                = 90
   nwall                          = 0
   wall-type                      = 9-3
   wall-r-linpot                  = -1
   wall-atomtype[0]               = -1
   wall-atomtype[1]               = -1
   wall-density[0]                = 0
   wall-density[1]                = 0
   wall-ewald-zfac                = 3
   pull                           = false
   awh                            = false
   rotation                       = false
   interactiveMD                  = false
   disre                          = No
   disre-weighting                = Conservative
   disre-mixed                    = false
   dr-fc                          = 1000
   dr-tau                         = 0
   nstdisreout                    = 100
   orire-fc                       = 0
   orire-tau                      = 0
   nstorireout                    = 100
   free-energy                    = no
   cos-acceleration               = 0
   deform (3x3):
      deform[    0]={ 0.00000e+00,  0.00000e+00,  0.00000e+00}
      deform[    1]={ 0.00000e+00,  0.00000e+00,  0.00000e+00}
      deform[    2]={ 0.00000e+00,  0.00000e+00,  0.00000e+00}
   simulated-tempering            = false
   swapcoords                     = no
   userint1                       = 0
   userint2                       = 0
   userint3                       = 0
   userint4                       = 0
   userreal1                      = 0
   userreal2                      = 0
   userreal3                      = 0
   userreal4                      = 0
   applied-forces:
     electric-field:
       x:
         E0                       = 0
         omega                    = 0
         t0                       = 0
         sigma                    = 0
       y:
         E0                       = 0
         omega                    = 0
         t0                       = 0
         sigma                    = 0
       z:
         E0                       = 0
         omega                    = 0
         t0                       = 0
         sigma                    = 0
     density-guided-simulation:
       active                     = false
       group                      = protein
       similarity-measure         = inner-product
       atom-spreading-weight      = unity
       force-constant             = 1e+09
       gaussian-transform-spreading-width = 0.2
       gaussian-transform-spreading-range-in-multiples-of-width = 4
       reference-density-filename = reference.mrc
       nst                        = 1
       normalize-densities        = true
       adaptive-force-scaling     = false
       adaptive-force-scaling-time-constant = 4
       shift-vector               = 
       transformation-matrix      = 
     qmmm-cp2k:
       active                     = false
       qmgroup                    = System
       qmmethod                   = PBE
       qmfilenames                = 
       qmcharge                   = 0
       qmmultiplicity             = 1
grpopts:
   nrdf:        3697
   ref-t:           0
   tau-t:           0
annealing:          No
annealing-npoints:           0
   acc:	           0           0           0
   nfreeze:           N           N           N
   energygrp-flags[  0]: 0

When checking whether update groups are usable:
  Domain decomposition is not active, so there is no need for update groups
  At least one moleculetype does not conform to the requirements for using update groups
Using 1 MPI thread
Using 8 OpenMP threads 

Pinning threads with an auto-selected logical cpu stride of 1
System total charge: 0.000
Potential shift: LJ r^-12: -1.764e-02 r^-6: -1.328e-01, Coulomb -7e-01


Using SIMD 4x8 nonbonded short-range kernels

Using a 4x8 pair-list setup:
  updated every 10 steps, buffer 0.070 nm, rlist 1.470 nm

Using Lorentz-Berthelot Lennard-Jones combination rule
Removing pbc first time

Initializing LINear Constraint Solver

++++ PLEASE READ AND CITE THE FOLLOWING REFERENCE ++++
B. Hess and H. Bekker and H. J. C. Berendsen and J. G. E. M. Fraaije
LINCS: A Linear Constraint Solver for molecular simulations
J. Comp. Chem. 18 (1997) pp. 1463-1472
-------- -------- --- Thank You --- -------- --------

The number of constraints is 2000

Note that activating steepest-descent energy minimization via the integrator .mdp option and the command gmx mdrun may be available in a different form in a future version of GROMACS, e.g. gmx minimize and an .mdp option.
Initiating Steepest Descents
Started Steepest Descents on rank 0 Fri Nov 17 15:46:54 2023


Steepest Descents:
   Tolerance (Fmax)   =  1.00000e+03
   Number of steps    =           -1
           Step           Time
              0        0.00000

   Energies (kJ/mol)
          Angle Ryckaert-Bell.  Improper Dih.        LJ (SR)   Coulomb (SR)
    7.69680e+03    1.07833e+02    0.00000e+00    4.46395e+05    2.32823e+02
      Potential Pressure (bar)   Constr. rmsd
    4.54433e+05    7.56380e+05    7.73028e-04

           Step           Time
              1        1.00000

   Energies (kJ/mol)
          Angle Ryckaert-Bell.  Improper Dih.        LJ (SR)   Coulomb (SR)
    7.99900e+03    1.08162e+02    0.00000e+00    3.94868e+05    2.32724e+02
      Potential Pressure (bar)   Constr. rmsd
    4.03207e+05    6.40145e+05    5.17334e-05

           Step           Time
              2        2.00000

   Energies (kJ/mol)
          Angle Ryckaert-Bell.  Improper Dih.        LJ (SR)   Coulomb (SR)
    8.04889e+03    1.08073e+02    0.00000e+00    3.66602e+05    2.32677e+02
      Potential Pressure (bar)   Constr. rmsd
    3.74992e+05    5.88517e+05    4.89044e-06

           Step           Time
              3        3.00000

   Energies (kJ/mol)
          Angle Ryckaert-Bell.  Improper Dih.        LJ (SR)   Coulomb (SR)
    8.23450e+03    1.09288e+02    0.00000e+00    3.07422e+05    2.32252e+02
      Potential Pressure (bar)   Constr. rmsd
    3.15999e+05    4.90341e+05    2.23071e-05

           Step           Time
              4        4.00000

   Energies (kJ/mol)
          Angle Ryckaert-Bell.  Improper Dih.        LJ (SR)   Coulomb (SR)
    9.77263e+03    1.31867e+02    0.00000e+00    1.99762e+05    2.30581e+02
      Potential Pressure (bar)   Constr. rmsd
    2.09897e+05    3.12341e+05    6.84652e-05

           Step           Time
              5        5.00000

   Energies (kJ/mol)
          Angle Ryckaert-Bell.  Improper Dih.        LJ (SR)   Coulomb (SR)
    1.46717e+04    2.18336e+02    0.00000e+00    1.15969e+05    2.28273e+02
      Potential Pressure (bar)   Constr. rmsd
    1.31088e+05    1.75964e+05    1.61225e-04

           Step           Time
              6        6.00000

   Energies (kJ/mol)
          Angle Ryckaert-Bell.  Improper Dih.        LJ (SR)   Coulomb (SR)
    1.81346e+04    3.34926e+02    0.00000e+00    7.32890e+04    2.28221e+02
      Potential Pressure (bar)   Constr. rmsd
    9.19868e+04    1.09689e+05    1.46246e-04

           Step           Time
              7        7.00000

   Energies (kJ/mol)
          Angle Ryckaert-Bell.  Improper Dih.        LJ (SR)   Coulomb (SR)
    1.68257e+04    4.34896e+02    0.00000e+00    5.14785e+04    2.28704e+02
      Potential Pressure (bar)   Constr. rmsd
    6.89677e+04    7.73061e+04    1.81608e-04

           Step           Time
              8        8.00000

   Energies (kJ/mol)
          Angle Ryckaert-Bell.  Improper Dih.        LJ (SR)   Coulomb (SR)
    1.56395e+04    4.65703e+02    0.00000e+00    4.54572e+04    2.28610e+02
      Potential Pressure (bar)   Constr. rmsd
    6.17911e+04    6.91156e+04    6.14943e-05

           Step           Time
              9        9.00000

   Energies (kJ/mol)
          Angle Ryckaert-Bell.  Improper Dih.        LJ (SR)   Coulomb (SR)
    1.30830e+04    5.53330e+02    0.00000e+00    3.55771e+04    2.27942e+02
      Potential Pressure (bar)   Constr. rmsd
    4.94414e+04    5.64059e+04    2.37610e-04

           Step           Time
             10       10.00000

   Energies (kJ/mol)
          Angle Ryckaert-Bell.  Improper Dih.        LJ (SR)   Coulomb (SR)
    1.23806e+04    5.71444e+02    0.00000e+00    3.17874e+04    2.27755e+02
      Potential Pressure (bar)   Constr. rmsd
    4.49672e+04    5.13296e+04    9.62296e-05

           Step           Time
             11       11.00000

   Energies (kJ/mol)
          Angle Ryckaert-Bell.  Improper Dih.        LJ (SR)   Coulomb (SR)
    8.50370e+03    7.33507e+02    0.00000e+00    1.85455e+04    2.25987e+02
      Potential Pressure (bar)   Constr. rmsd
    2.80087e+04    3.76234e+04    6.06502e-04

           Step           Time
             12       12.00000

   Energies (kJ/mol)
          Angle Ryckaert-Bell.  Improper Dih.        LJ (SR)   Coulomb (SR)
    8.34043e+03    7.22358e+02    0.00000e+00    1.53822e+04    2.27033e+02
      Potential Pressure (bar)   Constr. rmsd
    2.46720e+04    3.40624e+04    5.93508e-04

           Step           Time
             13       13.00000

           Step           Time
             14       14.00000

   Energies (kJ/mol)
          Angle Ryckaert-Bell.  Improper Dih.        LJ (SR)   Coulomb (SR)
    6.74403e+03    7.29317e+02    0.00000e+00    1.42372e+04    2.26717e+02
      Potential Pressure (bar)   Constr. rmsd
    2.19373e+04    3.27616e+04    6.07248e-04

           Step           Time
             15       15.00000

   Energies (kJ/mol)
          Angle Ryckaert-Bell.  Improper Dih.        LJ (SR)   Coulomb (SR)
    9.99204e+03    7.45518e+02    0.00000e+00    1.08451e+04    2.29399e+02
      Potential Pressure (bar)   Constr. rmsd
    2.18120e+04    3.10821e+04    2.57808e-03

           Step           Time
             16       16.00000

   Energies (kJ/mol)
          Angle Ryckaert-Bell.  Improper Dih.        LJ (SR)   Coulomb (SR)
    5.27294e+03    7.47726e+02    0.00000e+00    1.04642e+04    2.27793e+02
      Potential Pressure (bar)   Constr. rmsd
    1.67127e+04    2.94756e+04    2.63340e-03

           Step           Time
             17       17.00000

           Step           Time
             18       18.00000

           Step           Time
             19       19.00000

   Energies (kJ/mol)
          Angle Ryckaert-Bell.  Improper Dih.        LJ (SR)   Coulomb (SR)
    4.96322e+03    7.40840e+02    0.00000e+00    9.52843e+03    2.28718e+02
      Potential Pressure (bar)   Constr. rmsd
    1.54612e+04    2.78448e+04    2.46872e-04

           Step           Time
             20       20.00000

   Energies (kJ/mol)
          Angle Ryckaert-Bell.  Improper Dih.        LJ (SR)   Coulomb (SR)
    4.70927e+03    7.34368e+02    0.00000e+00    8.78412e+03    2.28543e+02
      Potential Pressure (bar)   Constr. rmsd
    1.44563e+04    2.73314e+04    2.43688e-04

           Step           Time
             21       21.00000

   Energies (kJ/mol)
          Angle Ryckaert-Bell.  Improper Dih.        LJ (SR)   Coulomb (SR)
    5.51803e+03    7.32191e+02    0.00000e+00    7.69046e+03    2.29627e+02
      Potential Pressure (bar)   Constr. rmsd
    1.41703e+04    2.62407e+04    6.14555e-04

           Step           Time
             22       22.00000

   Energies (kJ/mol)
          Angle Ryckaert-Bell.  Improper Dih.        LJ (SR)   Coulomb (SR)
    4.18108e+03    7.27379e+02    0.00000e+00    7.41435e+03    2.28852e+02
      Potential Pressure (bar)   Constr. rmsd
    1.25517e+04    2.56372e+04    5.67468e-04

           Step           Time
             23       23.00000

           Step           Time
             24       24.00000

   Energies (kJ/mol)
          Angle Ryckaert-Bell.  Improper Dih.        LJ (SR)   Coulomb (SR)
    4.57877e+03    7.22544e+02    0.00000e+00    6.58468e+03    2.29833e+02
      Potential Pressure (bar)   Constr. rmsd
    1.21158e+04    2.47002e+04    3.67331e-04

           Step           Time
             25       25.00000

   Energies (kJ/mol)
          Angle Ryckaert-Bell.  Improper Dih.        LJ (SR)   Coulomb (SR)
    3.75224e+03    7.19093e+02    0.00000e+00    6.31429e+03    2.29101e+02
      Potential Pressure (bar)   Constr. rmsd
    1.10147e+04    2.42227e+04    3.24799e-04

           Step           Time
             26       26.00000

           Step           Time
             27       27.00000

   Energies (kJ/mol)
          Angle Ryckaert-Bell.  Improper Dih.        LJ (SR)   Coulomb (SR)
    3.74643e+03    7.14795e+02    0.00000e+00    5.72879e+03    2.29763e+02
      Potential Pressure (bar)   Constr. rmsd
    1.04198e+04    2.34097e+04    1.66104e-04

           Step           Time
             28       28.00000

   Energies (kJ/mol)
          Angle Ryckaert-Bell.  Improper Dih.        LJ (SR)   Coulomb (SR)
    3.55264e+03    7.10764e+02    0.00000e+00    5.38037e+03    2.29149e+02
      Potential Pressure (bar)   Constr. rmsd
    9.87293e+03    2.30867e+04    1.94705e-04

           Step           Time
             29       29.00000

           Step           Time
             30       30.00000

   Energies (kJ/mol)
          Angle Ryckaert-Bell.  Improper Dih.        LJ (SR)   Coulomb (SR)
    3.20887e+03    7.08013e+02    0.00000e+00    5.02837e+03    2.29596e+02
      Potential Pressure (bar)   Constr. rmsd
    9.17484e+03    2.24088e+04    8.56528e-05

           Step           Time
             31       31.00000

   Energies (kJ/mol)
          Angle Ryckaert-Bell.  Improper Dih.        LJ (SR)   Coulomb (SR)
    3.37020e+03    7.00043e+02    0.00000e+00    4.30009e+03    2.29061e+02
      Potential Pressure (bar)   Constr. rmsd
    8.59939e+03    2.17628e+04    1.23118e-04

           Step           Time
             32       32.00000

   Energies (kJ/mol)
          Angle Ryckaert-Bell.  Improper Dih.        LJ (SR)   Coulomb (SR)
    3.14930e+03    6.97172e+02    0.00000e+00    3.90870e+03    2.29683e+02
      Potential Pressure (bar)   Constr. rmsd
    7.98486e+03    2.10725e+04    1.96878e-04

           Step           Time
             33       33.00000

           Step           Time
             34       34.00000

   Energies (kJ/mol)
          Angle Ryckaert-Bell.  Improper Dih.        LJ (SR)   Coulomb (SR)
    2.77376e+03    6.95457e+02    0.00000e+00    3.72159e+03    2.29246e+02
      Potential Pressure (bar)   Constr. rmsd
    7.42005e+03    2.07184e+04    7.23786e-05

           Step           Time
             35       35.00000

   Energies (kJ/mol)
          Angle Ryckaert-Bell.  Improper Dih.        LJ (SR)   Coulomb (SR)
    3.03452e+03    6.86551e+02    0.00000e+00    3.03553e+03    2.29603e+02
      Potential Pressure (bar)   Constr. rmsd
    6.98620e+03    1.99508e+04    9.83499e-05

           Step           Time
             36       36.00000

   Energies (kJ/mol)
          Angle Ryckaert-Bell.  Improper Dih.        LJ (SR)   Coulomb (SR)
    2.71282e+03    6.86408e+02    0.00000e+00    2.83208e+03    2.28855e+02
      Potential Pressure (bar)   Constr. rmsd
    6.46016e+03    1.96438e+04    1.66477e-04

           Step           Time
             37       37.00000

           Step           Time
             38       38.00000

   Energies (kJ/mol)
          Angle Ryckaert-Bell.  Improper Dih.        LJ (SR)   Coulomb (SR)
    2.48393e+03    6.83282e+02    0.00000e+00    2.61370e+03    2.29212e+02
      Potential Pressure (bar)   Constr. rmsd
    6.01012e+03    1.91959e+04    6.33028e-05

           Step           Time
             39       39.00000

   Energies (kJ/mol)
          Angle Ryckaert-Bell.  Improper Dih.        LJ (SR)   Coulomb (SR)
    2.72582e+03    6.79392e+02    0.00000e+00    2.18467e+03    2.28491e+02
      Potential Pressure (bar)   Constr. rmsd
    5.81837e+03    1.88218e+04    1.01593e-04

           Step           Time
             40       40.00000

   Energies (kJ/mol)
          Angle Ryckaert-Bell.  Improper Dih.        LJ (SR)   Coulomb (SR)
    2.42741e+03    6.75878e+02    0.00000e+00    1.97399e+03    2.29043e+02
      Potential Pressure (bar)   Constr. rmsd
    5.30632e+03    1.83665e+04    1.34471e-04

           Step           Time
             41       41.00000

           Step           Time
             42       42.00000

   Energies (kJ/mol)
          Angle Ryckaert-Bell.  Improper Dih.        LJ (SR)   Coulomb (SR)
    2.23168e+03    6.74893e+02    0.00000e+00    1.81247e+03    2.28541e+02
      Potential Pressure (bar)   Constr. rmsd
    4.94758e+03    1.80800e+04    5.24034e-05

           Step           Time
             43       43.00000

   Energies (kJ/mol)
          Angle Ryckaert-Bell.  Improper Dih.        LJ (SR)   Coulomb (SR)
    2.37377e+03    6.68784e+02    0.00000e+00    1.45741e+03    2.28822e+02
      Potential Pressure (bar)   Constr. rmsd
    4.72879e+03    1.76550e+04    7.01251e-05

           Step           Time
             44       44.00000

   Energies (kJ/mol)
          Angle Ryckaert-Bell.  Improper Dih.        LJ (SR)   Coulomb (SR)
    2.17498e+03    6.68453e+02    0.00000e+00    1.28974e+03    2.28105e+02
      Potential Pressure (bar)   Constr. rmsd
    4.36128e+03    1.73839e+04    9.68300e-05

           Step           Time
             45       45.00000

           Step           Time
             46       46.00000

   Energies (kJ/mol)
          Angle Ryckaert-Bell.  Improper Dih.        LJ (SR)   Coulomb (SR)
    2.02800e+03    6.65607e+02    0.00000e+00    1.15334e+03    2.28370e+02
      Potential Pressure (bar)   Constr. rmsd
    4.07533e+03    1.71042e+04    3.64638e-05

           Step           Time
             47       47.00000

   Energies (kJ/mol)
          Angle Ryckaert-Bell.  Improper Dih.        LJ (SR)   Coulomb (SR)
    2.06486e+03    6.62319e+02    0.00000e+00    8.66181e+02    2.27780e+02
      Potential Pressure (bar)   Constr. rmsd
    3.82114e+03    1.67510e+04    4.72103e-05

           Step           Time
             48       48.00000

   Energies (kJ/mol)
          Angle Ryckaert-Bell.  Improper Dih.        LJ (SR)   Coulomb (SR)
    1.98068e+03    6.58800e+02    0.00000e+00    7.18131e+02    2.28139e+02
      Potential Pressure (bar)   Constr. rmsd
    3.58575e+03    1.65025e+04    6.01713e-05

           Step           Time
             49       49.00000

   Energies (kJ/mol)
          Angle Ryckaert-Bell.  Improper Dih.        LJ (SR)   Coulomb (SR)
    2.02814e+03    6.57016e+02    0.00000e+00    5.16499e+02    2.27415e+02
      Potential Pressure (bar)   Constr. rmsd
    3.42907e+03    1.62719e+04    7.96066e-05

           Step           Time
             50       50.00000

   Energies (kJ/mol)
          Angle Ryckaert-Bell.  Improper Dih.        LJ (SR)   Coulomb (SR)
    2.00167e+03    6.52866e+02    0.00000e+00    3.74937e+02    2.27934e+02
      Potential Pressure (bar)   Constr. rmsd
    3.25741e+03    1.60542e+04    1.13193e-04

           Step           Time
             51       51.00000

   Energies (kJ/mol)
          Angle Ryckaert-Bell.  Improper Dih.        LJ (SR)   Coulomb (SR)
    2.05578e+03    6.51656e+02    0.00000e+00    1.92501e+02    2.26996e+02
      Potential Pressure (bar)   Constr. rmsd
    3.12694e+03    1.58511e+04    1.55467e-04

           Step           Time
             52       52.00000

   Energies (kJ/mol)
          Angle Ryckaert-Bell.  Improper Dih.        LJ (SR)   Coulomb (SR)
    2.12072e+03    6.46909e+02    0.00000e+00    6.88341e+01    2.27756e+02
      Potential Pressure (bar)   Constr. rmsd
    3.06422e+03    1.57003e+04    2.28605e-04

           Step           Time
             53       53.00000

   Energies (kJ/mol)
          Angle Ryckaert-Bell.  Improper Dih.        LJ (SR)   Coulomb (SR)
    2.17615e+03    6.46255e+02    0.00000e+00   -1.09483e+02    2.26523e+02
      Potential Pressure (bar)   Constr. rmsd
    2.93944e+03    1.55060e+04    3.20319e-04

           Step           Time
             54       54.00000

           Step           Time
             55       55.00000

   Energies (kJ/mol)
          Angle Ryckaert-Bell.  Improper Dih.        LJ (SR)   Coulomb (SR)
    1.65936e+03    6.43553e+02    0.00000e+00   -1.75764e+02    2.27050e+02
      Potential Pressure (bar)   Constr. rmsd
    2.35420e+03    1.51316e+04    1.05100e-04

           Step           Time
             56       56.00000

   Energies (kJ/mol)
          Angle Ryckaert-Bell.  Improper Dih.        LJ (SR)   Coulomb (SR)
    2.10268e+03    6.31130e+02    0.00000e+00   -7.32984e+02    2.25688e+02
      Potential Pressure (bar)   Constr. rmsd
    2.22651e+03    1.45406e+04    1.47933e-04

           Step           Time
             57       57.00000

   Energies (kJ/mol)
          Angle Ryckaert-Bell.  Improper Dih.        LJ (SR)   Coulomb (SR)
    1.60076e+03    6.28026e+02    0.00000e+00   -7.85055e+02    2.26414e+02
      Potential Pressure (bar)   Constr. rmsd
    1.67014e+03    1.42528e+04    2.19446e-04

           Step           Time
             58       58.00000

           Step           Time
             59       59.00000

   Energies (kJ/mol)
          Angle Ryckaert-Bell.  Improper Dih.        LJ (SR)   Coulomb (SR)
    1.58532e+03    6.25957e+02    0.00000e+00   -9.18591e+02    2.25709e+02
      Potential Pressure (bar)   Constr. rmsd
    1.51840e+03    1.40428e+04    8.41727e-05

           Step           Time
             60       60.00000

   Energies (kJ/mol)
          Angle Ryckaert-Bell.  Improper Dih.        LJ (SR)   Coulomb (SR)
    1.63732e+03    6.21346e+02    0.00000e+00   -1.01927e+03    2.26139e+02
      Potential Pressure (bar)   Constr. rmsd
    1.46554e+03    1.39200e+04    1.12996e-04

           Step           Time
             61       61.00000

   Energies (kJ/mol)
          Angle Ryckaert-Bell.  Improper Dih.        LJ (SR)   Coulomb (SR)
    1.62265e+03    6.19542e+02    0.00000e+00   -1.15225e+03    2.25227e+02
      Potential Pressure (bar)   Constr. rmsd
    1.31517e+03    1.37349e+04    1.60043e-04

           Step           Time
             62       62.00000

           Step           Time
             63       63.00000

   Energies (kJ/mol)
          Angle Ryckaert-Bell.  Improper Dih.        LJ (SR)   Coulomb (SR)
    1.41609e+03    6.17130e+02    0.00000e+00   -1.19920e+03    2.25551e+02
      Potential Pressure (bar)   Constr. rmsd
    1.05958e+03    1.35555e+04    5.59975e-05

           Step           Time
             64       64.00000

   Energies (kJ/mol)
          Angle Ryckaert-Bell.  Improper Dih.        LJ (SR)   Coulomb (SR)
    1.61668e+03    6.08573e+02    0.00000e+00   -1.50887e+03    2.24524e+02
      Potential Pressure (bar)   Constr. rmsd
    9.40907e+02    1.31888e+04    8.89770e-05

           Step           Time
             65       65.00000

   Energies (kJ/mol)
          Angle Ryckaert-Bell.  Improper Dih.        LJ (SR)   Coulomb (SR)
    1.37423e+03    6.05897e+02    0.00000e+00   -1.54839e+03    2.24998e+02
      Potential Pressure (bar)   Constr. rmsd
    6.56742e+02    1.30313e+04    1.10977e-04

           Step           Time
             66       66.00000

           Step           Time
             67       67.00000

   Energies (kJ/mol)
          Angle Ryckaert-Bell.  Improper Dih.        LJ (SR)   Coulomb (SR)
    1.36673e+03    6.03542e+02    0.00000e+00   -1.65328e+03    2.24458e+02
      Potential Pressure (bar)   Constr. rmsd
    5.41458e+02    1.28680e+04    4.67290e-05

           Step           Time
             68       68.00000

   Energies (kJ/mol)
          Angle Ryckaert-Bell.  Improper Dih.        LJ (SR)   Coulomb (SR)
    1.37849e+03    5.99470e+02    0.00000e+00   -1.73805e+03    2.24687e+02
      Potential Pressure (bar)   Constr. rmsd
    4.64593e+02    1.27461e+04    6.23047e-05

           Step           Time
             69       69.00000

   Energies (kJ/mol)
          Angle Ryckaert-Bell.  Improper Dih.        LJ (SR)   Coulomb (SR)
    1.37470e+03    5.97338e+02    0.00000e+00   -1.84437e+03    2.24003e+02
      Potential Pressure (bar)   Constr. rmsd
    3.51667e+02    1.25965e+04    8.70452e-05

           Step           Time
             70       70.00000

   Energies (kJ/mol)
          Angle Ryckaert-Bell.  Improper Dih.        LJ (SR)   Coulomb (SR)
    1.43305e+03    5.93220e+02    0.00000e+00   -1.91295e+03    2.24419e+02
      Potential Pressure (bar)   Constr. rmsd
    3.37741e+02    1.25204e+04    1.29354e-04

           Step           Time
             71       71.00000

   Energies (kJ/mol)
          Angle Ryckaert-Bell.  Improper Dih.        LJ (SR)   Coulomb (SR)
    1.42184e+03    5.91401e+02    0.00000e+00   -2.02426e+03    2.23542e+02
      Potential Pressure (bar)   Constr. rmsd
    2.12523e+02    1.23603e+04    1.82282e-04

           Step           Time
             72       72.00000

           Step           Time
             73       73.00000

   Energies (kJ/mol)
          Angle Ryckaert-Bell.  Improper Dih.        LJ (SR)   Coulomb (SR)
    1.23022e+03    5.89292e+02    0.00000e+00   -2.05630e+03    2.23866e+02
      Potential Pressure (bar)   Constr. rmsd
   -1.29164e+01    1.22085e+04    6.31299e-05

           Step           Time
             74       74.00000

   Energies (kJ/mol)
          Angle Ryckaert-Bell.  Improper Dih.        LJ (SR)   Coulomb (SR)
    1.46664e+03    5.81593e+02    0.00000e+00   -2.29803e+03    2.22892e+02
      Potential Pressure (bar)   Constr. rmsd
   -2.69075e+01    1.19494e+04    1.00848e-04

           Step           Time
             75       75.00000

   Energies (kJ/mol)
          Angle Ryckaert-Bell.  Improper Dih.        LJ (SR)   Coulomb (SR)
    1.20173e+03    5.79350e+02    0.00000e+00   -2.32106e+03    2.23373e+02
      Potential Pressure (bar)   Constr. rmsd
   -3.16605e+02    1.18031e+04    1.24182e-04

           Step           Time
             76       76.00000

           Step           Time
             77       77.00000

   Energies (kJ/mol)
          Angle Ryckaert-Bell.  Improper Dih.        LJ (SR)   Coulomb (SR)
    1.22333e+03    5.76798e+02    0.00000e+00   -2.41679e+03    2.22826e+02
      Potential Pressure (bar)   Constr. rmsd
   -3.93834e+02    1.16644e+04    5.40665e-05

           Step           Time
             78       78.00000

   Energies (kJ/mol)
          Angle Ryckaert-Bell.  Improper Dih.        LJ (SR)   Coulomb (SR)
    1.20974e+03    5.73547e+02    0.00000e+00   -2.46817e+03    2.23106e+02
      Potential Pressure (bar)   Constr. rmsd
   -4.61774e+02    1.15777e+04    6.86204e-05

           Step           Time
             79       79.00000

   Energies (kJ/mol)
          Angle Ryckaert-Bell.  Improper Dih.        LJ (SR)   Coulomb (SR)
    1.25904e+03    5.71209e+02    0.00000e+00   -2.56610e+03    2.22415e+02
      Potential Pressure (bar)   Constr. rmsd
   -5.13442e+02    1.14608e+04    1.02458e-04

           Step           Time
             80       80.00000

   Energies (kJ/mol)
          Angle Ryckaert-Bell.  Improper Dih.        LJ (SR)   Coulomb (SR)
    1.25805e+03    5.67935e+02    0.00000e+00   -2.60462e+03    2.22873e+02
      Potential Pressure (bar)   Constr. rmsd
   -5.55764e+02    1.13998e+04    1.44740e-04

           Step           Time
             81       81.00000

   Energies (kJ/mol)
          Angle Ryckaert-Bell.  Improper Dih.        LJ (SR)   Coulomb (SR)
    1.35585e+03    5.65885e+02    0.00000e+00   -2.70864e+03    2.21980e+02
      Potential Pressure (bar)   Constr. rmsd
   -5.64921e+02    1.12995e+04    2.19187e-04

           Step           Time
             82       82.00000

   Energies (kJ/mol)
          Angle Ryckaert-Bell.  Improper Dih.        LJ (SR)   Coulomb (SR)
    1.37838e+03    5.62585e+02    0.00000e+00   -2.73136e+03    2.22684e+02
      Potential Pressure (bar)   Constr. rmsd
   -5.67715e+02    1.12745e+04    3.15516e-04

           Step           Time
             83       83.00000

           Step           Time
             84       84.00000

   Energies (kJ/mol)
          Angle Ryckaert-Bell.  Improper Dih.        LJ (SR)   Coulomb (SR)
    1.07806e+03    5.61782e+02    0.00000e+00   -2.79646e+03    2.22094e+02
      Potential Pressure (bar)   Constr. rmsd
   -9.34518e+02    1.10249e+04    1.03551e-04


Steepest Descents converged to Fmax < 1000 in 85 steps
Potential Energy  = -9.3451807e+02
Maximum force     =  6.7579535e+02 on atom 615
Norm of force     =  1.2371702e+02
Finished mdrun on rank 0 Fri Nov 17 15:46:54 2023

