                      :-) GROMACS - gmx mdrun, 2022.5 (-:

Copyright 1991-2022 The GROMACS Authors.
GROMACS is free software; you can redistribute it and/or modify it
under the terms of the GNU Lesser General Public License
as published by the Free Software Foundation; either version 2.1
of the License, or (at your option) any later version.

                         Current GROMACS contributors:
       Mark Abraham           Andrey Alekseenko           Cathrine Bergh      
      Christian Blau            Eliane Briand               Kevin Boyd        
     Oliver Fleetwood         Stefan Fleischmann           Vytas Gapsys       
       Gaurav Garg           Gilles Gouaillardet            Alan Gray         
      Victor Holanda           M. Eric Irrgang              Joe Jordan        
    Christoph Junghans        Prashanth Kanduri           Sebastian Kehl      
     Sebastian Keller          Carsten Kutzner           Magnus Lundborg      
       Pascal Merz              Dmitry Morozov             Szilard Pall       
      Roland Schulz             Michael Shirts         David van der Spoel    
     Alessandra Villa      Sebastian Wingbermuehle        Artem Zhmurov       

                         Previous GROMACS contributors:
        Emile Apol             Rossen Apostolov           James Barnett       
  Herman J.C. Berendsen          Par Bjelkmar           Viacheslav Bolnykh    
    Aldert van Buuren          Carlo Camilloni           Rudi van Drunen      
      Anton Feenstra           Gerrit Groenhof            Bert de Groot       
      Anca Hamuraru           Vincent Hindriksen         Aleksei Iupinov      
   Dimitrios Karkoulis           Peter Kasson               Jiri Kraus        
       Per Larsson             Justin A. Lemkul           Viveca Lindahl      
      Erik Marklund           Pieter Meulenhoff           Vedran Miletic      
      Teemu Murtola              Sander Pronk            Alexey Shvetsov      
      Alfons Sijbers            Peter Tieleman             Jon Vincent        
     Teemu Virolainen         Christian Wennberg           Maarten Wolf       

                  Coordinated by the GROMACS project leaders:
                    Paul Bauer, Berk Hess, and Erik Lindahl

GROMACS:      gmx mdrun, version 2022.5
Executable:   /usr/local/gromacs/bin/gmx
Data prefix:  /usr/local/gromacs
Working dir:  /home/zhmurov/git/artemzhmurov/5cb-tutorial/WIP/tmp/5CB_100_E
Process ID:   256341
Command line:
  gmx mdrun -deffnm md_iso_1.0 -nt 2

GROMACS version:    2022.5
Precision:          mixed
Memory model:       64 bit
MPI library:        thread_mpi
OpenMP support:     enabled (GMX_OPENMP_MAX_THREADS = 128)
GPU support:        disabled
SIMD instructions:  AVX2_256
CPU FFT library:    fftw-3.3.8-sse2-avx
GPU FFT library:    none
RDTSCP usage:       enabled
TNG support:        enabled
Hwloc support:      disabled
Tracing support:    disabled
C compiler:         /usr/bin/cc GNU 11.2.0
C compiler flags:   -mavx2 -mfma -Wno-missing-field-initializers -fexcess-precision=fast -funroll-all-loops -O3 -DNDEBUG
C++ compiler:       /usr/bin/c++ GNU 11.2.0
C++ compiler flags: -mavx2 -mfma -Wno-missing-field-initializers -fexcess-precision=fast -funroll-all-loops -fopenmp -O3 -DNDEBUG


Running on 1 node with total 4 cores, 8 processing units
Hardware detected:
  CPU info:
    Vendor: Intel
    Brand:  11th Gen Intel(R) Core(TM) i5-1135G7 @ 2.40GHz
    Family: 6   Model: 140   Stepping: 1
    Features: aes apic avx avx2 avx512f avx512cd avx512bw avx512vl avx512secondFMA clfsh cmov cx8 cx16 f16c fma htt intel lahf mmx msr nonstop_tsc pcid pclmuldq pdcm pdpe1gb popcnt pse rdrnd rdtscp sha sse2 sse3 sse4.1 sse4.2 ssse3 tdt x2apic
    Number of AVX-512 FMA units: 1 (AVX2 is faster w/o 2 AVX-512 FMA units)
  Hardware topology: Basic
    Packages, cores, and logical processors:
    [indices refer to OS logical processors]
      Package  0: [   0   1] [   2   3] [   4   5] [   6   7]
    CPU limit set by OS: -1   Recommended max number of threads: 8


++++ PLEASE READ AND CITE THE FOLLOWING REFERENCE ++++
M. J. Abraham, T. Murtola, R. Schulz, S. Páll, J. C. Smith, B. Hess, E.
Lindahl
GROMACS: High performance molecular simulations through multi-level
parallelism from laptops to supercomputers
SoftwareX 1 (2015) pp. 19-25
-------- -------- --- Thank You --- -------- --------


++++ PLEASE READ AND CITE THE FOLLOWING REFERENCE ++++
S. Páll, M. J. Abraham, C. Kutzner, B. Hess, E. Lindahl
Tackling Exascale Software Challenges in Molecular Dynamics Simulations with
GROMACS
In S. Markidis & E. Laure (Eds.), Solving Software Challenges for Exascale 8759 (2015) pp. 3-27
-------- -------- --- Thank You --- -------- --------


++++ PLEASE READ AND CITE THE FOLLOWING REFERENCE ++++
S. Pronk, S. Páll, R. Schulz, P. Larsson, P. Bjelkmar, R. Apostolov, M. R.
Shirts, J. C. Smith, P. M. Kasson, D. van der Spoel, B. Hess, and E. Lindahl
GROMACS 4.5: a high-throughput and highly parallel open source molecular
simulation toolkit
Bioinformatics 29 (2013) pp. 845-54
-------- -------- --- Thank You --- -------- --------


++++ PLEASE READ AND CITE THE FOLLOWING REFERENCE ++++
B. Hess and C. Kutzner and D. van der Spoel and E. Lindahl
GROMACS 4: Algorithms for highly efficient, load-balanced, and scalable
molecular simulation
J. Chem. Theory Comput. 4 (2008) pp. 435-447
-------- -------- --- Thank You --- -------- --------


++++ PLEASE READ AND CITE THE FOLLOWING REFERENCE ++++
D. van der Spoel, E. Lindahl, B. Hess, G. Groenhof, A. E. Mark and H. J. C.
Berendsen
GROMACS: Fast, Flexible and Free
J. Comp. Chem. 26 (2005) pp. 1701-1719
-------- -------- --- Thank You --- -------- --------


++++ PLEASE READ AND CITE THE FOLLOWING REFERENCE ++++
E. Lindahl and B. Hess and D. van der Spoel
GROMACS 3.0: A package for molecular simulation and trajectory analysis
J. Mol. Mod. 7 (2001) pp. 306-317
-------- -------- --- Thank You --- -------- --------


++++ PLEASE READ AND CITE THE FOLLOWING REFERENCE ++++
H. J. C. Berendsen, D. van der Spoel and R. van Drunen
GROMACS: A message-passing parallel molecular dynamics implementation
Comp. Phys. Comm. 91 (1995) pp. 43-56
-------- -------- --- Thank You --- -------- --------


++++ PLEASE CITE THE DOI FOR THIS VERSION OF GROMACS ++++
https://doi.org/10.5281/zenodo.7586780
-------- -------- --- Thank You --- -------- --------

Input Parameters:
   integrator                     = md
   tinit                          = 0
   dt                             = 0.002
   nsteps                         = 2000000
   init-step                      = 0
   simulation-part                = 1
   mts                            = false
   comm-mode                      = Linear
   nstcomm                        = 100
   bd-fric                        = 0
   ld-seed                        = -1151600904
   emtol                          = 10
   emstep                         = 0.01
   niter                          = 20
   fcstep                         = 0
   nstcgsteep                     = 1000
   nbfgscorr                      = 10
   rtpi                           = 0.05
   nstxout                        = 0
   nstvout                        = 0
   nstfout                        = 0
   nstlog                         = 1000
   nstcalcenergy                  = 100
   nstenergy                      = 500
   nstxout-compressed             = 5000
   compressed-x-precision         = 1000
   cutoff-scheme                  = Verlet
   nstlist                        = 10
   pbc                            = xyz
   periodic-molecules             = false
   verlet-buffer-tolerance        = 0.005
   rlist                          = 1.4
   coulombtype                    = PME
   coulomb-modifier               = Potential-shift
   rcoulomb-switch                = 0
   rcoulomb                       = 1.4
   epsilon-r                      = 1
   epsilon-rf                     = inf
   vdw-type                       = Cut-off
   vdw-modifier                   = Potential-shift
   rvdw-switch                    = 0
   rvdw                           = 1.4
   DispCorr                       = No
   table-extension                = 1
   fourierspacing                 = 0.1
   fourier-nx                     = 36
   fourier-ny                     = 36
   fourier-nz                     = 36
   pme-order                      = 4
   ewald-rtol                     = 1e-05
   ewald-rtol-lj                  = 0.001
   lj-pme-comb-rule               = Geometric
   ewald-geometry                 = 3d
   epsilon-surface                = 0
   tcoupl                         = V-rescale
   nsttcouple                     = 10
   nh-chain-length                = 0
   print-nose-hoover-chain-variables = false
   pcoupl                         = C-rescale
   pcoupltype                     = Isotropic
   nstpcouple                     = 10
   tau-p                          = 5
   compressibility (3x3):
      compressibility[    0]={ 4.50000e-05,  0.00000e+00,  0.00000e+00}
      compressibility[    1]={ 0.00000e+00,  4.50000e-05,  0.00000e+00}
      compressibility[    2]={ 0.00000e+00,  0.00000e+00,  4.50000e-05}
   ref-p (3x3):
      ref-p[    0]={ 1.00000e+00,  0.00000e+00,  0.00000e+00}
      ref-p[    1]={ 0.00000e+00,  1.00000e+00,  0.00000e+00}
      ref-p[    2]={ 0.00000e+00,  0.00000e+00,  1.00000e+00}
   refcoord-scaling               = COM
   posres-com (3):
      posres-com[0]= 0.00000e+00
      posres-com[1]= 0.00000e+00
      posres-com[2]= 0.00000e+00
   posres-comB (3):
      posres-comB[0]= 0.00000e+00
      posres-comB[1]= 0.00000e+00
      posres-comB[2]= 0.00000e+00
   QMMM                           = false
qm-opts:
   ngQM                           = 0
   constraint-algorithm           = Lincs
   continuation                   = true
   Shake-SOR                      = false
   shake-tol                      = 0.0001
   lincs-order                    = 4
   lincs-iter                     = 1
   lincs-warnangle                = 30
   nwall                          = 0
   wall-type                      = 9-3
   wall-r-linpot                  = -1
   wall-atomtype[0]               = -1
   wall-atomtype[1]               = -1
   wall-density[0]                = 0
   wall-density[1]                = 0
   wall-ewald-zfac                = 3
   pull                           = false
   awh                            = false
   rotation                       = false
   interactiveMD                  = false
   disre                          = No
   disre-weighting                = Conservative
   disre-mixed                    = false
   dr-fc                          = 1000
   dr-tau                         = 0
   nstdisreout                    = 100
   orire-fc                       = 0
   orire-tau                      = 0
   nstorireout                    = 100
   free-energy                    = no
   cos-acceleration               = 0
   deform (3x3):
      deform[    0]={ 0.00000e+00,  0.00000e+00,  0.00000e+00}
      deform[    1]={ 0.00000e+00,  0.00000e+00,  0.00000e+00}
      deform[    2]={ 0.00000e+00,  0.00000e+00,  0.00000e+00}
   simulated-tempering            = false
   swapcoords                     = no
   userint1                       = 0
   userint2                       = 0
   userint3                       = 0
   userint4                       = 0
   userreal1                      = 0
   userreal2                      = 0
   userreal3                      = 0
   userreal4                      = 0
   applied-forces:
     electric-field:
       x:
         E0                       = 1
         omega                    = 0
         t0                       = 0
         sigma                    = 0
       y:
         E0                       = 0
         omega                    = 0
         t0                       = 0
         sigma                    = 0
       z:
         E0                       = 0
         omega                    = 0
         t0                       = 0
         sigma                    = 0
     density-guided-simulation:
       active                     = false
       group                      = protein
       similarity-measure         = inner-product
       atom-spreading-weight      = unity
       force-constant             = 1e+09
       gaussian-transform-spreading-width = 0.2
       gaussian-transform-spreading-range-in-multiples-of-width = 4
       reference-density-filename = reference.mrc
       nst                        = 1
       normalize-densities        = true
       adaptive-force-scaling     = false
       adaptive-force-scaling-time-constant = 4
       shift-vector               = 
       transformation-matrix      = 
     qmmm-cp2k:
       active                     = false
       qmgroup                    = System
       qmmethod                   = PBE
       qmfilenames                = 
       qmcharge                   = 0
       qmmultiplicity             = 1
grpopts:
   nrdf:        3697
   ref-t:         300
   tau-t:         0.1
annealing:          No
annealing-npoints:           0
   acc:	           0           0           0
   nfreeze:           N           N           N
   energygrp-flags[  0]: 0

Changing nstlist from 10 to 100, rlist from 1.4 to 1.4

When checking whether update groups are usable:
  At least one moleculetype does not conform to the requirements for using update groups

Initializing Domain Decomposition on 1 ranks
Dynamic load balancing: auto
Minimum cell size due to atom displacement: 0.525 nm
Initial maximum distances in bonded interactions:
    two-body bonded interactions: 0.407 nm, Exclusion, atoms 356 359
  multi-body bonded interactions: 0.373 nm, Ryckaert-Bell., atoms 64 67
Minimum cell size due to bonded interactions: 0.410 nm
Maximum distance for 5 constraints, at 120 deg. angles, all-trans: 0.770 nm
Estimated maximum distance required for P-LINCS: 0.770 nm
This distance will limit the DD cell size, you can override this with -rcon
Using 0 separate PME ranks because: there are too few total ranks for efficient splitting
Optimizing the DD grid for 1 cells with a minimum initial size of 0.770 nm
The maximum allowed number of cells is: X 4 Y 4 Z 4
Domain decomposition grid 1 x 1 x 1, separate PME ranks 0
PME domain decomposition: 1 x 1 x 1

The initial number of communication pulses is:
The initial domain decomposition cell size is:

The maximum allowed distance for atoms involved in interactions is:
                 non-bonded interactions           1.400 nm
(the following are initial values, they could change due to box deformation)
            two-body bonded interactions  (-rdd)   1.400 nm
          multi-body bonded interactions  (-rdd)   1.400 nm
  atoms separated by up to 5 constraints  (-rcon)  3.403 nm

When dynamic load balancing gets turned on, these settings will change to:
The maximum number of communication pulses is:
The minimum size for domain decomposition cells is 1.400 nm
The requested allowed shrink of DD cells (option -dds) is: 0.80
The allowed shrink of domain decomposition cells is:
The maximum allowed distance for atoms involved in interactions is:
                 non-bonded interactions           1.400 nm
            two-body bonded interactions  (-rdd)   1.400 nm
          multi-body bonded interactions  (-rdd)   1.400 nm
  atoms separated by up to 5 constraints  (-rcon)  1.400 nm

Using 1 MPI thread
Using 2 OpenMP threads 


NOTE: The number of threads is not equal to the number of (logical) cpus
      and the -pin option is set to auto: will not pin threads to cpus.
      This can lead to significant performance degradation.
      Consider using -pin on (and -pinoffset in case you run multiple jobs).
System total charge: 0.000
Will do PME sum in reciprocal space for electrostatic interactions.

++++ PLEASE READ AND CITE THE FOLLOWING REFERENCE ++++
U. Essmann, L. Perera, M. L. Berkowitz, T. Darden, H. Lee and L. G. Pedersen 
A smooth particle mesh Ewald method
J. Chem. Phys. 103 (1995) pp. 8577-8592
-------- -------- --- Thank You --- -------- --------

Using a Gaussian width (1/beta) of 0.448228 nm for Ewald
Potential shift: LJ r^-12: -1.764e-02 r^-6: -1.328e-01, Ewald -7.143e-06
Initialized non-bonded Coulomb Ewald tables, spacing: 1.10e-03 size: 1270



Using SIMD 4x8 nonbonded short-range kernels

Using a 4x8 pair-list setup:
  updated every 100 steps, buffer 0.000 nm, rlist 1.400 nm
At tolerance 0.005 kJ/mol/ps per atom, equivalent classical 1x1 list would be:
  updated every 100 steps, buffer 0.111 nm, rlist 1.511 nm

Using Lorentz-Berthelot Lennard-Jones combination rule

Linking all bonded interactions to atoms


Initializing Parallel LINear Constraint Solver

++++ PLEASE READ AND CITE THE FOLLOWING REFERENCE ++++
B. Hess
P-LINCS: A Parallel Linear Constraint Solver for molecular simulation
J. Chem. Theory Comput. 4 (2008) pp. 116-122
-------- -------- --- Thank You --- -------- --------

The number of constraints is 2000
There are constraints between atoms in different decomposition domains,
will communicate selected coordinates each lincs iteration

++++ PLEASE READ AND CITE THE FOLLOWING REFERENCE ++++
G. Bussi, D. Donadio and M. Parrinello
Canonical sampling through velocity rescaling
J. Chem. Phys. 126 (2007) pp. 014101
-------- -------- --- Thank You --- -------- --------


++++ PLEASE READ AND CITE THE FOLLOWING REFERENCE ++++
M. Bernetti, G. Bussi
Pressure control using stochastic cell rescaling
J. Chem. Phys. 153 (2020) pp. 114107
-------- -------- --- Thank You --- -------- --------


++++ PLEASE READ AND CITE THE FOLLOWING REFERENCE ++++
C. Caleman and D. van der Spoel
Picosecond Melting of Ice by an Infrared Laser Pulse: A Simulation Study
Angew. Chem. Int. Ed 47 (2008) pp. 1417-1420
-------- -------- --- Thank You --- -------- --------

There are: 1900 Atoms

Atom distribution over 1 domains: av 1900 stddev 0 min 1900 max 1900
Center of mass motion removal mode is Linear
We have the following groups for center of mass motion removal:
  0:  rest

Started mdrun on rank 0 Sat Nov 18 10:29:28 2023

           Step           Time
              0        0.00000

   Energies (kJ/mol)
          Angle Ryckaert-Bell.  Improper Dih.        LJ (SR)   Coulomb (SR)
    2.37194e+03    3.70291e+02    0.00000e+00   -1.05708e+04   -3.33169e+02
   Coul. recip.      Potential    Kinetic En.   Total Energy  Conserved En.
    1.02093e+02   -8.05963e+03    4.79310e+03   -3.26653e+03   -3.27145e+03
    Temperature Pressure (bar)   Constr. rmsd
    3.11862e+02   -7.30815e+02    2.43818e-05

           Step           Time
           1000        2.00000

   Energies (kJ/mol)
          Angle Ryckaert-Bell.  Improper Dih.        LJ (SR)   Coulomb (SR)
    2.54380e+03    3.70314e+02    0.00000e+00   -1.05413e+04   -3.27390e+02
   Coul. recip.      Potential    Kinetic En.   Total Energy  Conserved En.
    9.63338e+01   -7.85819e+03    4.39550e+03   -3.46269e+03   -3.39052e+03
    Temperature Pressure (bar)   Constr. rmsd
    2.85992e+02   -2.03625e+02    1.60228e-05

           Step           Time
           2000        4.00000

   Energies (kJ/mol)
          Angle Ryckaert-Bell.  Improper Dih.        LJ (SR)   Coulomb (SR)
    2.37707e+03    3.95890e+02    0.00000e+00   -1.06440e+04   -3.30624e+02
   Coul. recip.      Potential    Kinetic En.   Total Energy  Conserved En.
    9.93553e+01   -8.10231e+03    4.49466e+03   -3.60764e+03   -3.37959e+03
    Temperature Pressure (bar)   Constr. rmsd
    2.92445e+02    1.18170e+02    1.48910e-05

           Step           Time
           3000        6.00000

   Energies (kJ/mol)
          Angle Ryckaert-Bell.  Improper Dih.        LJ (SR)   Coulomb (SR)
    2.36561e+03    3.96185e+02    0.00000e+00   -1.06173e+04   -3.25368e+02
   Coul. recip.      Potential    Kinetic En.   Total Energy  Conserved En.
    9.78115e+01   -8.08304e+03    4.69512e+03   -3.38792e+03   -3.40342e+03
    Temperature Pressure (bar)   Constr. rmsd
    3.05487e+02   -8.64677e+02    1.58221e-05

           Step           Time
           4000        8.00000

   Energies (kJ/mol)
          Angle Ryckaert-Bell.  Improper Dih.        LJ (SR)   Coulomb (SR)
    2.58036e+03    4.50785e+02    0.00000e+00   -1.05535e+04   -3.16708e+02
   Coul. recip.      Potential    Kinetic En.   Total Energy  Conserved En.
    1.02589e+02   -7.73650e+03    4.54025e+03   -3.19625e+03   -3.47116e+03
    Temperature Pressure (bar)   Constr. rmsd
    2.95411e+02    2.86950e+02    1.57951e-05

           Step           Time
           5000       10.00000

   Energies (kJ/mol)
          Angle Ryckaert-Bell.  Improper Dih.        LJ (SR)   Coulomb (SR)
    2.61986e+03    3.89941e+02    0.00000e+00   -1.05592e+04   -3.36321e+02
   Coul. recip.      Potential    Kinetic En.   Total Energy  Conserved En.
    1.02095e+02   -7.78363e+03    4.75817e+03   -3.02546e+03   -3.48351e+03
    Temperature Pressure (bar)   Constr. rmsd
    3.09590e+02   -5.81989e+02    1.79135e-05

           Step           Time
           6000       12.00000

   Energies (kJ/mol)
          Angle Ryckaert-Bell.  Improper Dih.        LJ (SR)   Coulomb (SR)
    2.52909e+03    4.11041e+02    0.00000e+00   -1.04574e+04   -3.35043e+02
   Coul. recip.      Potential    Kinetic En.   Total Energy  Conserved En.
    9.33715e+01   -7.75893e+03    4.52737e+03   -3.23157e+03   -3.54496e+03
    Temperature Pressure (bar)   Constr. rmsd
    2.94572e+02   -6.96631e+02    1.75673e-05

           Step           Time
           7000       14.00000

   Energies (kJ/mol)
          Angle Ryckaert-Bell.  Improper Dih.        LJ (SR)   Coulomb (SR)
    2.39667e+03    4.74185e+02    0.00000e+00   -1.04927e+04   -3.43494e+02
   Coul. recip.      Potential    Kinetic En.   Total Energy  Conserved En.
    9.69933e+01   -7.86838e+03    4.65892e+03   -3.20946e+03   -3.59511e+03
    Temperature Pressure (bar)   Constr. rmsd
    3.03132e+02   -4.90081e+02    1.73866e-05

           Step           Time
           8000       16.00000

   Energies (kJ/mol)
          Angle Ryckaert-Bell.  Improper Dih.        LJ (SR)   Coulomb (SR)
    2.56361e+03    4.50878e+02    0.00000e+00   -1.04737e+04   -3.21684e+02
   Coul. recip.      Potential    Kinetic En.   Total Energy  Conserved En.
    9.61928e+01   -7.68472e+03    4.60343e+03   -3.08129e+03   -3.64270e+03
    Temperature Pressure (bar)   Constr. rmsd
    2.99521e+02   -5.97913e+02    1.58964e-05

           Step           Time
           9000       18.00000

   Energies (kJ/mol)
          Angle Ryckaert-Bell.  Improper Dih.        LJ (SR)   Coulomb (SR)
    2.36453e+03    3.94171e+02    0.00000e+00   -1.03397e+04   -3.17926e+02
   Coul. recip.      Potential    Kinetic En.   Total Energy  Conserved En.
    9.10713e+01   -7.80789e+03    4.61762e+03   -3.19028e+03   -3.71463e+03
    Temperature Pressure (bar)   Constr. rmsd
    3.00445e+02    3.11154e+02    1.53888e-05



Received the INT signal, stopping within 100 steps

           Step           Time
           9400       18.80000

Writing checkpoint, step 9400 at Sat Nov 18 10:29:59 2023


   Energies (kJ/mol)
          Angle Ryckaert-Bell.  Improper Dih.        LJ (SR)   Coulomb (SR)
    2.46087e+03    3.60909e+02    0.00000e+00   -1.02897e+04   -3.28291e+02
   Coul. recip.      Potential    Kinetic En.   Total Energy  Conserved En.
    9.30838e+01   -7.70316e+03    4.61377e+03   -3.08939e+03   -3.71533e+03
    Temperature Pressure (bar)   Constr. rmsd
    3.00194e+02    5.25385e+02    1.50617e-05


Energy conservation over simulation part #1 of length 18.8 ps, time 0 to 18.8 ps
  Conserved energy drift: -1.24e-02 kJ/mol/ps per atom


	<======  ###############  ==>
	<====  A V E R A G E S  ====>
	<==  ###############  ======>

	Statistics over 9401 steps using 95 frames

   Energies (kJ/mol)
          Angle Ryckaert-Bell.  Improper Dih.        LJ (SR)   Coulomb (SR)
    2.49142e+03    3.95788e+02    0.00000e+00   -1.05103e+04   -3.30879e+02
   Coul. recip.      Potential    Kinetic En.   Total Energy  Conserved En.
    9.80248e+01   -7.85599e+03    4.60725e+03   -3.24874e+03   -3.50429e+03
    Temperature Pressure (bar)   Constr. rmsd
    2.99770e+02    1.50441e+01    0.00000e+00

          Box-X          Box-Y          Box-Z
    3.40959e+00    3.40959e+00    3.40959e+00

   Total Virial (kJ/mol)
    1.61788e+03    3.57725e+01    5.11717e+01
    3.57720e+01    1.57488e+03    1.62486e+02
    5.11728e+01    1.62485e+02    1.36238e+03

   Pressure (bar)
   -2.35912e+01   -2.45202e+01   -2.18434e+01
   -2.45198e+01   -5.05871e+01   -2.26933e+02
   -2.18443e+01   -2.26932e+02    1.19310e+02


	M E G A - F L O P S   A C C O U N T I N G

 NB=Group-cutoff nonbonded kernels    NxN=N-by-N cluster Verlet kernels
 RF=Reaction-Field  VdW=Van der Waals  QSTab=quadratic-spline table
 W3=SPC/TIP3p  W4=TIP4p (single or pairs)
 V&F=Potential and force  V=Potential only  F=Force only

 Computing:                               M-Number         M-Flops  % Flops
-----------------------------------------------------------------------------
 Pair Search distance check              72.887076         655.984     0.1
 NxN Ewald Elec. + LJ [F]              9265.541472      611525.737    76.9
 NxN Ewald Elec. + LJ [V&F]              94.585328       10120.630     1.3
 NxN LJ [F]                             873.845280       28836.894     3.6
 NxN LJ [V&F]                             8.896256         382.539     0.0
 NxN Ewald Elec. [F]                    191.508768       11682.035     1.5
 NxN Ewald Elec. [V&F]                    1.952592         164.018     0.0
 Calc Weights                            53.585700        1929.085     0.2
 Spread Q Bspline                      1143.161600        2286.323     0.3
 Gather F Bspline                      1143.161600        6858.970     0.9
 3D-FFT                               13605.578448      108844.628    13.7
 Solve PME                               12.183696         779.757     0.1
 Reset In Box                             0.178600           0.536     0.0
 CG-CoM                                   0.180500           0.541     0.0
 Angles                                  23.502500        3948.420     0.5
 Impropers                               15.041600        3128.653     0.4
 RB-Dihedrals                             3.760400         928.819     0.1
 Virial                                   1.830245          32.944     0.0
 Stop-CM                                  0.180500           1.805     0.0
 P-Coupling                               1.787900          10.727     0.0
 Calc-Ekin                                3.575800          96.547     0.0
 Lincs                                   18.802000        1128.120     0.1
 Lincs-Mat                              282.030000        1128.120     0.1
 Constraint-V                            37.604000         338.436     0.0
 Constraint-Vir                           1.882000          45.168     0.0
-----------------------------------------------------------------------------
 Total                                                  794855.435   100.0
-----------------------------------------------------------------------------


    D O M A I N   D E C O M P O S I T I O N   S T A T I S T I C S

 av. #atoms communicated per step for force:  2 x 0.0
 av. #atoms communicated per step for LINCS:  2 x 0.0


     R E A L   C Y C L E   A N D   T I M E   A C C O U N T I N G

On 1 MPI rank, each using 2 OpenMP threads

 Computing:          Num   Num      Call    Wall time         Giga-Cycles
                     Ranks Threads  Count      (s)         total sum    %
-----------------------------------------------------------------------------
 Domain decomp.         1    2         94       0.088          0.427   0.3
 Neighbor search        1    2         95       0.416          2.010   1.4
 Force                  1    2       9401      19.207         92.820  62.9
 PME mesh               1    2       9401       8.804         42.547  28.8
 NB X/F buffer ops.     1    2      18707       0.236          1.140   0.8
 Write traj.            1    2          3       0.023          0.113   0.1
 Update                 1    2       9401       0.124          0.600   0.4
 Constraints            1    2       9401       1.398          6.757   4.6
 Rest                                           0.243          1.172   0.8
-----------------------------------------------------------------------------
 Total                                         30.540        147.586 100.0
-----------------------------------------------------------------------------
 Breakdown of PME mesh computation
-----------------------------------------------------------------------------
 PME spread             1    2       9401       1.382          6.677   4.5
 PME gather             1    2       9401       0.852          4.118   2.8
 PME 3D-FFT             1    2      18802       5.284         25.537  17.3
 PME solve Elec         1    2       9401       1.252          6.050   4.1
-----------------------------------------------------------------------------

               Core t (s)   Wall t (s)        (%)
       Time:       61.080       30.540      200.0
                 (ns/day)    (hour/ns)
Performance:       53.192        0.451
Finished mdrun on rank 0 Sat Nov 18 10:29:59 2023

