                      :-) GROMACS - gmx mdrun, 2022.5 (-:

Copyright 1991-2022 The GROMACS Authors.
GROMACS is free software; you can redistribute it and/or modify it
under the terms of the GNU Lesser General Public License
as published by the Free Software Foundation; either version 2.1
of the License, or (at your option) any later version.

                         Current GROMACS contributors:
       Mark Abraham           Andrey Alekseenko           Cathrine Bergh      
      Christian Blau            Eliane Briand               Kevin Boyd        
     Oliver Fleetwood         Stefan Fleischmann           Vytas Gapsys       
       Gaurav Garg           Gilles Gouaillardet            Alan Gray         
      Victor Holanda           M. Eric Irrgang              Joe Jordan        
    Christoph Junghans        Prashanth Kanduri           Sebastian Kehl      
     Sebastian Keller          Carsten Kutzner           Magnus Lundborg      
       Pascal Merz              Dmitry Morozov             Szilard Pall       
      Roland Schulz             Michael Shirts         David van der Spoel    
     Alessandra Villa      Sebastian Wingbermuehle        Artem Zhmurov       

                         Previous GROMACS contributors:
        Emile Apol             Rossen Apostolov           James Barnett       
  Herman J.C. Berendsen          Par Bjelkmar           Viacheslav Bolnykh    
    Aldert van Buuren          Carlo Camilloni           Rudi van Drunen      
      Anton Feenstra           Gerrit Groenhof            Bert de Groot       
      Anca Hamuraru           Vincent Hindriksen         Aleksei Iupinov      
   Dimitrios Karkoulis           Peter Kasson               Jiri Kraus        
       Per Larsson             Justin A. Lemkul           Viveca Lindahl      
      Erik Marklund           Pieter Meulenhoff           Vedran Miletic      
      Teemu Murtola              Sander Pronk            Alexey Shvetsov      
      Alfons Sijbers            Peter Tieleman             Jon Vincent        
     Teemu Virolainen         Christian Wennberg           Maarten Wolf       

                  Coordinated by the GROMACS project leaders:
                    Paul Bauer, Berk Hess, and Erik Lindahl

GROMACS:      gmx mdrun, version 2022.5
Executable:   /usr/local/gromacs/bin/gmx
Data prefix:  /usr/local/gromacs
Working dir:  /home/zhmurov/git/artemzhmurov/5cb-tutorial/WIP/tmp/5CB_100_E
Process ID:   213174
Command line:
  gmx mdrun -deffnm npt

GROMACS version:    2022.5
Precision:          mixed
Memory model:       64 bit
MPI library:        thread_mpi
OpenMP support:     enabled (GMX_OPENMP_MAX_THREADS = 128)
GPU support:        disabled
SIMD instructions:  AVX2_256
CPU FFT library:    fftw-3.3.8-sse2-avx
GPU FFT library:    none
RDTSCP usage:       enabled
TNG support:        enabled
Hwloc support:      disabled
Tracing support:    disabled
C compiler:         /usr/bin/cc GNU 11.2.0
C compiler flags:   -mavx2 -mfma -Wno-missing-field-initializers -fexcess-precision=fast -funroll-all-loops -O3 -DNDEBUG
C++ compiler:       /usr/bin/c++ GNU 11.2.0
C++ compiler flags: -mavx2 -mfma -Wno-missing-field-initializers -fexcess-precision=fast -funroll-all-loops -fopenmp -O3 -DNDEBUG


Running on 1 node with total 4 cores, 8 processing units
Hardware detected:
  CPU info:
    Vendor: Intel
    Brand:  11th Gen Intel(R) Core(TM) i5-1135G7 @ 2.40GHz
    Family: 6   Model: 140   Stepping: 1
    Features: aes apic avx avx2 avx512f avx512cd avx512bw avx512vl avx512secondFMA clfsh cmov cx8 cx16 f16c fma htt intel lahf mmx msr nonstop_tsc pcid pclmuldq pdcm pdpe1gb popcnt pse rdrnd rdtscp sha sse2 sse3 sse4.1 sse4.2 ssse3 tdt x2apic
    Number of AVX-512 FMA units: 1 (AVX2 is faster w/o 2 AVX-512 FMA units)
  Hardware topology: Basic
    Packages, cores, and logical processors:
    [indices refer to OS logical processors]
      Package  0: [   0   1] [   2   3] [   4   5] [   6   7]
    CPU limit set by OS: -1   Recommended max number of threads: 8


++++ PLEASE READ AND CITE THE FOLLOWING REFERENCE ++++
M. J. Abraham, T. Murtola, R. Schulz, S. Páll, J. C. Smith, B. Hess, E.
Lindahl
GROMACS: High performance molecular simulations through multi-level
parallelism from laptops to supercomputers
SoftwareX 1 (2015) pp. 19-25
-------- -------- --- Thank You --- -------- --------


++++ PLEASE READ AND CITE THE FOLLOWING REFERENCE ++++
S. Páll, M. J. Abraham, C. Kutzner, B. Hess, E. Lindahl
Tackling Exascale Software Challenges in Molecular Dynamics Simulations with
GROMACS
In S. Markidis & E. Laure (Eds.), Solving Software Challenges for Exascale 8759 (2015) pp. 3-27
-------- -------- --- Thank You --- -------- --------


++++ PLEASE READ AND CITE THE FOLLOWING REFERENCE ++++
S. Pronk, S. Páll, R. Schulz, P. Larsson, P. Bjelkmar, R. Apostolov, M. R.
Shirts, J. C. Smith, P. M. Kasson, D. van der Spoel, B. Hess, and E. Lindahl
GROMACS 4.5: a high-throughput and highly parallel open source molecular
simulation toolkit
Bioinformatics 29 (2013) pp. 845-54
-------- -------- --- Thank You --- -------- --------


++++ PLEASE READ AND CITE THE FOLLOWING REFERENCE ++++
B. Hess and C. Kutzner and D. van der Spoel and E. Lindahl
GROMACS 4: Algorithms for highly efficient, load-balanced, and scalable
molecular simulation
J. Chem. Theory Comput. 4 (2008) pp. 435-447
-------- -------- --- Thank You --- -------- --------


++++ PLEASE READ AND CITE THE FOLLOWING REFERENCE ++++
D. van der Spoel, E. Lindahl, B. Hess, G. Groenhof, A. E. Mark and H. J. C.
Berendsen
GROMACS: Fast, Flexible and Free
J. Comp. Chem. 26 (2005) pp. 1701-1719
-------- -------- --- Thank You --- -------- --------


++++ PLEASE READ AND CITE THE FOLLOWING REFERENCE ++++
E. Lindahl and B. Hess and D. van der Spoel
GROMACS 3.0: A package for molecular simulation and trajectory analysis
J. Mol. Mod. 7 (2001) pp. 306-317
-------- -------- --- Thank You --- -------- --------


++++ PLEASE READ AND CITE THE FOLLOWING REFERENCE ++++
H. J. C. Berendsen, D. van der Spoel and R. van Drunen
GROMACS: A message-passing parallel molecular dynamics implementation
Comp. Phys. Comm. 91 (1995) pp. 43-56
-------- -------- --- Thank You --- -------- --------


++++ PLEASE CITE THE DOI FOR THIS VERSION OF GROMACS ++++
https://doi.org/10.5281/zenodo.7586780
-------- -------- --- Thank You --- -------- --------

Input Parameters:
   integrator                     = md
   tinit                          = 0
   dt                             = 0.002
   nsteps                         = 50000
   init-step                      = 0
   simulation-part                = 1
   mts                            = false
   comm-mode                      = Linear
   nstcomm                        = 100
   bd-fric                        = 0
   ld-seed                        = 2130181625
   emtol                          = 10
   emstep                         = 0.01
   niter                          = 20
   fcstep                         = 0
   nstcgsteep                     = 1000
   nbfgscorr                      = 10
   rtpi                           = 0.05
   nstxout                        = 0
   nstvout                        = 0
   nstfout                        = 0
   nstlog                         = 1000
   nstcalcenergy                  = 100
   nstenergy                      = 500
   nstxout-compressed             = 5000
   compressed-x-precision         = 1000
   cutoff-scheme                  = Verlet
   nstlist                        = 10
   pbc                            = xyz
   periodic-molecules             = false
   verlet-buffer-tolerance        = 0.005
   rlist                          = 1.4
   coulombtype                    = PME
   coulomb-modifier               = Potential-shift
   rcoulomb-switch                = 0
   rcoulomb                       = 1.4
   epsilon-r                      = 1
   epsilon-rf                     = inf
   vdw-type                       = Cut-off
   vdw-modifier                   = Potential-shift
   rvdw-switch                    = 0
   rvdw                           = 1.4
   DispCorr                       = No
   table-extension                = 1
   fourierspacing                 = 0.1
   fourier-nx                     = 40
   fourier-ny                     = 40
   fourier-nz                     = 40
   pme-order                      = 4
   ewald-rtol                     = 1e-05
   ewald-rtol-lj                  = 0.001
   lj-pme-comb-rule               = Geometric
   ewald-geometry                 = 3d
   epsilon-surface                = 0
   tcoupl                         = V-rescale
   nsttcouple                     = 10
   nh-chain-length                = 0
   print-nose-hoover-chain-variables = false
   pcoupl                         = C-rescale
   pcoupltype                     = Isotropic
   nstpcouple                     = 10
   tau-p                          = 1
   compressibility (3x3):
      compressibility[    0]={ 4.50000e-05,  0.00000e+00,  0.00000e+00}
      compressibility[    1]={ 0.00000e+00,  4.50000e-05,  0.00000e+00}
      compressibility[    2]={ 0.00000e+00,  0.00000e+00,  4.50000e-05}
   ref-p (3x3):
      ref-p[    0]={ 1.00000e+00,  0.00000e+00,  0.00000e+00}
      ref-p[    1]={ 0.00000e+00,  1.00000e+00,  0.00000e+00}
      ref-p[    2]={ 0.00000e+00,  0.00000e+00,  1.00000e+00}
   refcoord-scaling               = COM
   posres-com (3):
      posres-com[0]= 0.00000e+00
      posres-com[1]= 0.00000e+00
      posres-com[2]= 0.00000e+00
   posres-comB (3):
      posres-comB[0]= 0.00000e+00
      posres-comB[1]= 0.00000e+00
      posres-comB[2]= 0.00000e+00
   QMMM                           = false
qm-opts:
   ngQM                           = 0
   constraint-algorithm           = Lincs
   continuation                   = true
   Shake-SOR                      = false
   shake-tol                      = 0.0001
   lincs-order                    = 4
   lincs-iter                     = 1
   lincs-warnangle                = 30
   nwall                          = 0
   wall-type                      = 9-3
   wall-r-linpot                  = -1
   wall-atomtype[0]               = -1
   wall-atomtype[1]               = -1
   wall-density[0]                = 0
   wall-density[1]                = 0
   wall-ewald-zfac                = 3
   pull                           = false
   awh                            = false
   rotation                       = false
   interactiveMD                  = false
   disre                          = No
   disre-weighting                = Conservative
   disre-mixed                    = false
   dr-fc                          = 1000
   dr-tau                         = 0
   nstdisreout                    = 100
   orire-fc                       = 0
   orire-tau                      = 0
   nstorireout                    = 100
   free-energy                    = no
   cos-acceleration               = 0
   deform (3x3):
      deform[    0]={ 0.00000e+00,  0.00000e+00,  0.00000e+00}
      deform[    1]={ 0.00000e+00,  0.00000e+00,  0.00000e+00}
      deform[    2]={ 0.00000e+00,  0.00000e+00,  0.00000e+00}
   simulated-tempering            = false
   swapcoords                     = no
   userint1                       = 0
   userint2                       = 0
   userint3                       = 0
   userint4                       = 0
   userreal1                      = 0
   userreal2                      = 0
   userreal3                      = 0
   userreal4                      = 0
   applied-forces:
     electric-field:
       x:
         E0                       = 0
         omega                    = 0
         t0                       = 0
         sigma                    = 0
       y:
         E0                       = 0
         omega                    = 0
         t0                       = 0
         sigma                    = 0
       z:
         E0                       = 0
         omega                    = 0
         t0                       = 0
         sigma                    = 0
     density-guided-simulation:
       active                     = false
       group                      = protein
       similarity-measure         = inner-product
       atom-spreading-weight      = unity
       force-constant             = 1e+09
       gaussian-transform-spreading-width = 0.2
       gaussian-transform-spreading-range-in-multiples-of-width = 4
       reference-density-filename = reference.mrc
       nst                        = 1
       normalize-densities        = true
       adaptive-force-scaling     = false
       adaptive-force-scaling-time-constant = 4
       shift-vector               = 
       transformation-matrix      = 
     qmmm-cp2k:
       active                     = false
       qmgroup                    = System
       qmmethod                   = PBE
       qmfilenames                = 
       qmcharge                   = 0
       qmmultiplicity             = 1
grpopts:
   nrdf:        3697
   ref-t:         300
   tau-t:         0.1
annealing:          No
annealing-npoints:           0
   acc:	           0           0           0
   nfreeze:           N           N           N
   energygrp-flags[  0]: 0

Changing nstlist from 10 to 100, rlist from 1.4 to 1.4

When checking whether update groups are usable:
  At least one moleculetype does not conform to the requirements for using update groups

Initializing Domain Decomposition on 1 ranks
Dynamic load balancing: auto
Minimum cell size due to atom displacement: 0.525 nm
Initial maximum distances in bonded interactions:
    two-body bonded interactions: 0.406 nm, Exclusion, atoms 1857 1860
  multi-body bonded interactions: 0.379 nm, Ryckaert-Bell., atoms 1622 1625
Minimum cell size due to bonded interactions: 0.417 nm
Maximum distance for 5 constraints, at 120 deg. angles, all-trans: 0.770 nm
Estimated maximum distance required for P-LINCS: 0.770 nm
This distance will limit the DD cell size, you can override this with -rcon
Using 0 separate PME ranks because: there are too few total ranks for efficient splitting
Optimizing the DD grid for 1 cells with a minimum initial size of 0.770 nm
The maximum allowed number of cells is: X 5 Y 5 Z 5
Domain decomposition grid 1 x 1 x 1, separate PME ranks 0
PME domain decomposition: 1 x 1 x 1

The initial number of communication pulses is:
The initial domain decomposition cell size is:

The maximum allowed distance for atoms involved in interactions is:
                 non-bonded interactions           1.400 nm
(the following are initial values, they could change due to box deformation)
            two-body bonded interactions  (-rdd)   1.400 nm
          multi-body bonded interactions  (-rdd)   1.400 nm
  atoms separated by up to 5 constraints  (-rcon)  4.000 nm

When dynamic load balancing gets turned on, these settings will change to:
The maximum number of communication pulses is:
The minimum size for domain decomposition cells is 1.400 nm
The requested allowed shrink of DD cells (option -dds) is: 0.80
The allowed shrink of domain decomposition cells is:
The maximum allowed distance for atoms involved in interactions is:
                 non-bonded interactions           1.400 nm
            two-body bonded interactions  (-rdd)   1.400 nm
          multi-body bonded interactions  (-rdd)   1.400 nm
  atoms separated by up to 5 constraints  (-rcon)  1.400 nm

Using 1 MPI thread
Using 8 OpenMP threads 

Pinning threads with an auto-selected logical cpu stride of 1
System total charge: 0.000
Will do PME sum in reciprocal space for electrostatic interactions.

++++ PLEASE READ AND CITE THE FOLLOWING REFERENCE ++++
U. Essmann, L. Perera, M. L. Berkowitz, T. Darden, H. Lee and L. G. Pedersen 
A smooth particle mesh Ewald method
J. Chem. Phys. 103 (1995) pp. 8577-8592
-------- -------- --- Thank You --- -------- --------

Using a Gaussian width (1/beta) of 0.448228 nm for Ewald
Potential shift: LJ r^-12: -1.764e-02 r^-6: -1.328e-01, Ewald -7.143e-06
Initialized non-bonded Coulomb Ewald tables, spacing: 1.10e-03 size: 1270



Using SIMD 4x8 nonbonded short-range kernels

Using a 4x8 pair-list setup:
  updated every 100 steps, buffer 0.000 nm, rlist 1.400 nm
At tolerance 0.005 kJ/mol/ps per atom, equivalent classical 1x1 list would be:
  updated every 100 steps, buffer 0.087 nm, rlist 1.487 nm

Using Lorentz-Berthelot Lennard-Jones combination rule

Linking all bonded interactions to atoms


Initializing Parallel LINear Constraint Solver

++++ PLEASE READ AND CITE THE FOLLOWING REFERENCE ++++
B. Hess
P-LINCS: A Parallel Linear Constraint Solver for molecular simulation
J. Chem. Theory Comput. 4 (2008) pp. 116-122
-------- -------- --- Thank You --- -------- --------

The number of constraints is 2000
There are constraints between atoms in different decomposition domains,
will communicate selected coordinates each lincs iteration

++++ PLEASE READ AND CITE THE FOLLOWING REFERENCE ++++
G. Bussi, D. Donadio and M. Parrinello
Canonical sampling through velocity rescaling
J. Chem. Phys. 126 (2007) pp. 014101
-------- -------- --- Thank You --- -------- --------


++++ PLEASE READ AND CITE THE FOLLOWING REFERENCE ++++
M. Bernetti, G. Bussi
Pressure control using stochastic cell rescaling
J. Chem. Phys. 153 (2020) pp. 114107
-------- -------- --- Thank You --- -------- --------

There are: 1900 Atoms

Atom distribution over 1 domains: av 1900 stddev 0 min 1900 max 1900
Center of mass motion removal mode is Linear
We have the following groups for center of mass motion removal:
  0:  rest

Started mdrun on rank 0 Fri Nov 17 15:50:21 2023

           Step           Time
              0        0.00000

   Energies (kJ/mol)
          Angle Ryckaert-Bell.  Improper Dih.        LJ (SR)   Coulomb (SR)
    2.66899e+03    3.67323e+02    0.00000e+00   -9.20493e+03   -3.12433e+02
   Coul. recip.      Potential    Kinetic En.   Total Energy  Conserved En.
    1.19271e+02   -6.36177e+03    1.10331e+04    4.67131e+03    5.10729e+03
    Temperature Pressure (bar)   Constr. rmsd
    7.17865e+02    1.26561e+04    1.99732e-04

           Step           Time
           1000        2.00000

   Energies (kJ/mol)
          Angle Ryckaert-Bell.  Improper Dih.        LJ (SR)   Coulomb (SR)
    2.60410e+03    4.31035e+02    0.00000e+00   -9.13688e+03   -3.30994e+02
   Coul. recip.      Potential    Kinetic En.   Total Energy  Conserved En.
    1.05162e+02   -6.32757e+03    4.51679e+03   -1.81078e+03    2.72175e+02
    Temperature Pressure (bar)   Constr. rmsd
    2.93884e+02    3.05626e+02    1.47108e-05

           Step           Time
           2000        4.00000

   Energies (kJ/mol)
          Angle Ryckaert-Bell.  Improper Dih.        LJ (SR)   Coulomb (SR)
    2.32741e+03    4.13571e+02    0.00000e+00   -9.33914e+03   -3.26564e+02
   Coul. recip.      Potential    Kinetic En.   Total Energy  Conserved En.
    1.05528e+02   -6.81919e+03    4.63831e+03   -2.18088e+03    3.71181e+02
    Temperature Pressure (bar)   Constr. rmsd
    3.01791e+02   -8.48236e+02    1.70568e-05

           Step           Time
           3000        6.00000

   Energies (kJ/mol)
          Angle Ryckaert-Bell.  Improper Dih.        LJ (SR)   Coulomb (SR)
    2.49262e+03    4.48115e+02    0.00000e+00   -9.23468e+03   -2.98088e+02
   Coul. recip.      Potential    Kinetic En.   Total Energy  Conserved En.
    1.16540e+02   -6.47549e+03    4.72650e+03   -1.74899e+03    4.36449e+02
    Temperature Pressure (bar)   Constr. rmsd
    3.07529e+02   -3.89481e+02    1.76823e-05

           Step           Time
           4000        8.00000

   Energies (kJ/mol)
          Angle Ryckaert-Bell.  Improper Dih.        LJ (SR)   Coulomb (SR)
    2.36241e+03    4.42912e+02    0.00000e+00   -9.41383e+03   -3.24277e+02
   Coul. recip.      Potential    Kinetic En.   Total Energy  Conserved En.
    1.11586e+02   -6.82120e+03    4.54315e+03   -2.27804e+03    5.87930e+02
    Temperature Pressure (bar)   Constr. rmsd
    2.95600e+02   -2.66575e+02    1.63789e-05

           Step           Time
           5000       10.00000

   Energies (kJ/mol)
          Angle Ryckaert-Bell.  Improper Dih.        LJ (SR)   Coulomb (SR)
    2.50341e+03    4.24186e+02    0.00000e+00   -9.42946e+03   -3.32094e+02
   Coul. recip.      Potential    Kinetic En.   Total Energy  Conserved En.
    1.04913e+02   -6.72905e+03    4.75216e+03   -1.97689e+03    6.24972e+02
    Temperature Pressure (bar)   Constr. rmsd
    3.09199e+02   -2.61830e+02    1.57113e-05

           Step           Time
           6000       12.00000

   Energies (kJ/mol)
          Angle Ryckaert-Bell.  Improper Dih.        LJ (SR)   Coulomb (SR)
    2.47438e+03    4.01516e+02    0.00000e+00   -9.61728e+03   -3.31768e+02
   Coul. recip.      Potential    Kinetic En.   Total Energy  Conserved En.
    1.24503e+02   -6.94864e+03    4.61398e+03   -2.33466e+03    8.14188e+02
    Temperature Pressure (bar)   Constr. rmsd
    3.00208e+02   -3.14552e+00    1.55667e-05

           Step           Time
           7000       14.00000

   Energies (kJ/mol)
          Angle Ryckaert-Bell.  Improper Dih.        LJ (SR)   Coulomb (SR)
    2.44426e+03    3.71465e+02    0.00000e+00   -9.43034e+03   -3.04229e+02
   Coul. recip.      Potential    Kinetic En.   Total Energy  Conserved En.
    1.00718e+02   -6.81813e+03    4.71161e+03   -2.10652e+03    9.13648e+02
    Temperature Pressure (bar)   Constr. rmsd
    3.06560e+02   -5.99823e+01    1.70887e-05

           Step           Time
           8000       16.00000

   Energies (kJ/mol)
          Angle Ryckaert-Bell.  Improper Dih.        LJ (SR)   Coulomb (SR)
    2.42952e+03    3.94418e+02    0.00000e+00   -9.73831e+03   -3.06605e+02
   Coul. recip.      Potential    Kinetic En.   Total Energy  Conserved En.
    1.00257e+02   -7.12072e+03    4.58501e+03   -2.53571e+03    1.07640e+03
    Temperature Pressure (bar)   Constr. rmsd
    2.98323e+02   -1.10029e+03    1.67663e-05

           Step           Time
           9000       18.00000

   Energies (kJ/mol)
          Angle Ryckaert-Bell.  Improper Dih.        LJ (SR)   Coulomb (SR)
    2.46168e+03    3.53064e+02    0.00000e+00   -9.83091e+03   -3.08317e+02
   Coul. recip.      Potential    Kinetic En.   Total Energy  Conserved En.
    1.09390e+02   -7.21510e+03    4.57746e+03   -2.63763e+03    1.13053e+03
    Temperature Pressure (bar)   Constr. rmsd
    2.97832e+02    6.21407e+02    1.54791e-05

           Step           Time
          10000       20.00000

   Energies (kJ/mol)
          Angle Ryckaert-Bell.  Improper Dih.        LJ (SR)   Coulomb (SR)
    2.48470e+03    3.81138e+02    0.00000e+00   -9.85782e+03   -3.21068e+02
   Coul. recip.      Potential    Kinetic En.   Total Energy  Conserved En.
    1.01537e+02   -7.21151e+03    4.64907e+03   -2.56243e+03    1.26664e+03
    Temperature Pressure (bar)   Constr. rmsd
    3.02491e+02   -8.55179e+01    1.65229e-05

           Step           Time
          11000       22.00000

   Energies (kJ/mol)
          Angle Ryckaert-Bell.  Improper Dih.        LJ (SR)   Coulomb (SR)
    2.39118e+03    3.92497e+02    0.00000e+00   -9.89980e+03   -3.31767e+02
   Coul. recip.      Potential    Kinetic En.   Total Energy  Conserved En.
    9.20922e+01   -7.35580e+03    4.57782e+03   -2.77798e+03    1.31954e+03
    Temperature Pressure (bar)   Constr. rmsd
    2.97855e+02   -8.85770e+02    1.54933e-05

           Step           Time
          12000       24.00000

   Energies (kJ/mol)
          Angle Ryckaert-Bell.  Improper Dih.        LJ (SR)   Coulomb (SR)
    2.36253e+03    3.60457e+02    0.00000e+00   -9.94519e+03   -3.22217e+02
   Coul. recip.      Potential    Kinetic En.   Total Energy  Conserved En.
    1.07756e+02   -7.43667e+03    4.68724e+03   -2.74942e+03    1.44318e+03
    Temperature Pressure (bar)   Constr. rmsd
    3.04975e+02    7.53348e+02    1.51577e-05

           Step           Time
          13000       26.00000

   Energies (kJ/mol)
          Angle Ryckaert-Bell.  Improper Dih.        LJ (SR)   Coulomb (SR)
    2.55198e+03    3.72303e+02    0.00000e+00   -1.00815e+04   -3.35312e+02
   Coul. recip.      Potential    Kinetic En.   Total Energy  Conserved En.
    9.87323e+01   -7.39383e+03    4.61697e+03   -2.77685e+03    1.51937e+03
    Temperature Pressure (bar)   Constr. rmsd
    3.00403e+02   -3.86213e+02    1.78458e-05

           Step           Time
          14000       28.00000

   Energies (kJ/mol)
          Angle Ryckaert-Bell.  Improper Dih.        LJ (SR)   Coulomb (SR)
    2.49749e+03    3.93979e+02    0.00000e+00   -1.00804e+04   -3.46874e+02
   Coul. recip.      Potential    Kinetic En.   Total Energy  Conserved En.
    1.00212e+02   -7.43556e+03    4.70907e+03   -2.72650e+03    1.57120e+03
    Temperature Pressure (bar)   Constr. rmsd
    3.06395e+02   -1.44058e+03    1.72292e-05

           Step           Time
          15000       30.00000

   Energies (kJ/mol)
          Angle Ryckaert-Bell.  Improper Dih.        LJ (SR)   Coulomb (SR)
    2.56097e+03    3.95542e+02    0.00000e+00   -1.00789e+04   -3.47933e+02
   Coul. recip.      Potential    Kinetic En.   Total Energy  Conserved En.
    9.69659e+01   -7.37335e+03    4.72808e+03   -2.64527e+03    1.68806e+03
    Temperature Pressure (bar)   Constr. rmsd
    3.07632e+02    2.27986e+02    1.61448e-05

           Step           Time
          16000       32.00000

   Energies (kJ/mol)
          Angle Ryckaert-Bell.  Improper Dih.        LJ (SR)   Coulomb (SR)
    2.44496e+03    4.25157e+02    0.00000e+00   -1.00755e+04   -3.34141e+02
   Coul. recip.      Potential    Kinetic En.   Total Energy  Conserved En.
    1.02162e+02   -7.43740e+03    4.59766e+03   -2.83974e+03    1.72988e+03
    Temperature Pressure (bar)   Constr. rmsd
    2.99146e+02   -1.10418e+03    1.64289e-05

           Step           Time
          17000       34.00000

   Energies (kJ/mol)
          Angle Ryckaert-Bell.  Improper Dih.        LJ (SR)   Coulomb (SR)
    2.60417e+03    4.27307e+02    0.00000e+00   -1.02819e+04   -3.43164e+02
   Coul. recip.      Potential    Kinetic En.   Total Energy  Conserved En.
    9.26996e+01   -7.50092e+03    4.53006e+03   -2.97086e+03    1.93446e+03
    Temperature Pressure (bar)   Constr. rmsd
    2.94747e+02   -1.01379e+02    1.65284e-05

           Step           Time
          18000       36.00000

   Energies (kJ/mol)
          Angle Ryckaert-Bell.  Improper Dih.        LJ (SR)   Coulomb (SR)
    2.57155e+03    3.57169e+02    0.00000e+00   -1.02640e+04   -3.19773e+02
   Coul. recip.      Potential    Kinetic En.   Total Energy  Conserved En.
    1.01898e+02   -7.55316e+03    4.44800e+03   -3.10516e+03    2.01664e+03
    Temperature Pressure (bar)   Constr. rmsd
    2.89409e+02   -3.84176e+02    1.68091e-05

           Step           Time
          19000       38.00000

   Energies (kJ/mol)
          Angle Ryckaert-Bell.  Improper Dih.        LJ (SR)   Coulomb (SR)
    2.49256e+03    4.07542e+02    0.00000e+00   -1.03672e+04   -3.42982e+02
   Coul. recip.      Potential    Kinetic En.   Total Energy  Conserved En.
    1.01052e+02   -7.70907e+03    4.42388e+03   -3.28519e+03    2.10756e+03
    Temperature Pressure (bar)   Constr. rmsd
    2.87839e+02    1.23180e+03    1.45154e-05

           Step           Time
          20000       40.00000

   Energies (kJ/mol)
          Angle Ryckaert-Bell.  Improper Dih.        LJ (SR)   Coulomb (SR)
    2.50326e+03    3.88458e+02    0.00000e+00   -1.03759e+04   -3.39271e+02
   Coul. recip.      Potential    Kinetic En.   Total Energy  Conserved En.
    8.92234e+01   -7.73422e+03    4.50514e+03   -3.22908e+03    2.14366e+03
    Temperature Pressure (bar)   Constr. rmsd
    2.93126e+02   -3.45145e+02    1.61332e-05

           Step           Time
          21000       42.00000

   Energies (kJ/mol)
          Angle Ryckaert-Bell.  Improper Dih.        LJ (SR)   Coulomb (SR)
    2.39176e+03    4.11800e+02    0.00000e+00   -1.04557e+04   -3.32995e+02
   Coul. recip.      Potential    Kinetic En.   Total Energy  Conserved En.
    1.01076e+02   -7.88409e+03    4.70150e+03   -3.18258e+03    2.22065e+03
    Temperature Pressure (bar)   Constr. rmsd
    3.05902e+02    3.34083e+02    1.60091e-05

           Step           Time
          22000       44.00000

   Energies (kJ/mol)
          Angle Ryckaert-Bell.  Improper Dih.        LJ (SR)   Coulomb (SR)
    2.63066e+03    4.17759e+02    0.00000e+00   -1.05454e+04   -3.37597e+02
   Coul. recip.      Potential    Kinetic En.   Total Energy  Conserved En.
    9.92235e+01   -7.73537e+03    4.67462e+03   -3.06075e+03    2.31425e+03
    Temperature Pressure (bar)   Constr. rmsd
    3.04153e+02   -3.09163e+02    1.82278e-05

           Step           Time
          23000       46.00000

   Energies (kJ/mol)
          Angle Ryckaert-Bell.  Improper Dih.        LJ (SR)   Coulomb (SR)
    2.47057e+03    4.48990e+02    0.00000e+00   -1.04465e+04   -3.22359e+02
   Coul. recip.      Potential    Kinetic En.   Total Energy  Conserved En.
    1.07030e+02   -7.74226e+03    4.65328e+03   -3.08898e+03    2.35010e+03
    Temperature Pressure (bar)   Constr. rmsd
    3.02765e+02   -1.76381e+02    1.73256e-05

           Step           Time
          24000       48.00000

   Energies (kJ/mol)
          Angle Ryckaert-Bell.  Improper Dih.        LJ (SR)   Coulomb (SR)
    2.50772e+03    3.93354e+02    0.00000e+00   -1.04387e+04   -2.97625e+02
   Coul. recip.      Potential    Kinetic En.   Total Energy  Conserved En.
    1.02784e+02   -7.73248e+03    4.57153e+03   -3.16094e+03    2.39118e+03
    Temperature Pressure (bar)   Constr. rmsd
    2.97446e+02    5.22117e+02    1.53309e-05

           Step           Time
          25000       50.00000

   Energies (kJ/mol)
          Angle Ryckaert-Bell.  Improper Dih.        LJ (SR)   Coulomb (SR)
    2.42462e+03    3.73781e+02    0.00000e+00   -1.04226e+04   -3.36661e+02
   Coul. recip.      Potential    Kinetic En.   Total Energy  Conserved En.
    9.71812e+01   -7.86369e+03    4.53858e+03   -3.32512e+03    2.46718e+03
    Temperature Pressure (bar)   Constr. rmsd
    2.95302e+02   -2.40502e+02    1.74032e-05

           Step           Time
          26000       52.00000

   Energies (kJ/mol)
          Angle Ryckaert-Bell.  Improper Dih.        LJ (SR)   Coulomb (SR)
    2.62633e+03    4.22158e+02    0.00000e+00   -1.04944e+04   -3.66197e+02
   Coul. recip.      Potential    Kinetic En.   Total Energy  Conserved En.
    9.44984e+01   -7.71757e+03    4.53214e+03   -3.18543e+03    2.54958e+03
    Temperature Pressure (bar)   Constr. rmsd
    2.94883e+02   -1.12462e+03    1.81760e-05

           Step           Time
          27000       54.00000

   Energies (kJ/mol)
          Angle Ryckaert-Bell.  Improper Dih.        LJ (SR)   Coulomb (SR)
    2.46047e+03    4.27913e+02    0.00000e+00   -1.05410e+04   -3.35948e+02
   Coul. recip.      Potential    Kinetic En.   Total Energy  Conserved En.
    1.09206e+02   -7.87940e+03    4.58344e+03   -3.29595e+03    2.60514e+03
    Temperature Pressure (bar)   Constr. rmsd
    2.98221e+02   -1.77135e+02    1.60035e-05

           Step           Time
          28000       56.00000

   Energies (kJ/mol)
          Angle Ryckaert-Bell.  Improper Dih.        LJ (SR)   Coulomb (SR)
    2.40071e+03    4.39795e+02    0.00000e+00   -1.05629e+04   -3.34596e+02
   Coul. recip.      Potential    Kinetic En.   Total Energy  Conserved En.
    9.92347e+01   -7.95776e+03    4.66387e+03   -3.29389e+03    2.66988e+03
    Temperature Pressure (bar)   Constr. rmsd
    3.03454e+02   -1.15977e+03    1.81357e-05

           Step           Time
          29000       58.00000

   Energies (kJ/mol)
          Angle Ryckaert-Bell.  Improper Dih.        LJ (SR)   Coulomb (SR)
    2.55485e+03    4.37321e+02    0.00000e+00   -1.03166e+04   -3.36415e+02
   Coul. recip.      Potential    Kinetic En.   Total Energy  Conserved En.
    9.74440e+01   -7.56337e+03    4.70692e+03   -2.85644e+03    2.66438e+03
    Temperature Pressure (bar)   Constr. rmsd
    3.06255e+02    7.12182e+01    1.53682e-05

           Step           Time
          30000       60.00000

   Energies (kJ/mol)
          Angle Ryckaert-Bell.  Improper Dih.        LJ (SR)   Coulomb (SR)
    2.57436e+03    4.32979e+02    0.00000e+00   -1.04098e+04   -2.90626e+02
   Coul. recip.      Potential    Kinetic En.   Total Energy  Conserved En.
    1.04862e+02   -7.58826e+03    4.48587e+03   -3.10239e+03    2.73914e+03
    Temperature Pressure (bar)   Constr. rmsd
    2.91873e+02    2.26914e+02    1.53568e-05

           Step           Time
          31000       62.00000

   Energies (kJ/mol)
          Angle Ryckaert-Bell.  Improper Dih.        LJ (SR)   Coulomb (SR)
    2.39858e+03    3.59251e+02    0.00000e+00   -1.03707e+04   -3.54010e+02
   Coul. recip.      Potential    Kinetic En.   Total Energy  Conserved En.
    9.67306e+01   -7.87010e+03    4.63471e+03   -3.23539e+03    2.79812e+03
    Temperature Pressure (bar)   Constr. rmsd
    3.01557e+02    9.22336e+02    1.47686e-05

           Step           Time
          32000       64.00000

   Energies (kJ/mol)
          Angle Ryckaert-Bell.  Improper Dih.        LJ (SR)   Coulomb (SR)
    2.43203e+03    3.75242e+02    0.00000e+00   -1.04395e+04   -3.24466e+02
   Coul. recip.      Potential    Kinetic En.   Total Energy  Conserved En.
    1.00339e+02   -7.85635e+03    4.64403e+03   -3.21232e+03    2.89899e+03
    Temperature Pressure (bar)   Constr. rmsd
    3.02163e+02    1.27277e+03    1.43606e-05

           Step           Time
          33000       66.00000

   Energies (kJ/mol)
          Angle Ryckaert-Bell.  Improper Dih.        LJ (SR)   Coulomb (SR)
    2.35818e+03    4.28506e+02    0.00000e+00   -1.04252e+04   -3.40400e+02
   Coul. recip.      Potential    Kinetic En.   Total Energy  Conserved En.
    9.00630e+01   -7.88882e+03    4.62115e+03   -3.26767e+03    2.87031e+03
    Temperature Pressure (bar)   Constr. rmsd
    3.00675e+02    7.80338e+02    1.51993e-05

           Step           Time
          34000       68.00000

   Energies (kJ/mol)
          Angle Ryckaert-Bell.  Improper Dih.        LJ (SR)   Coulomb (SR)
    2.52587e+03    4.16987e+02    0.00000e+00   -1.04031e+04   -3.04037e+02
   Coul. recip.      Potential    Kinetic En.   Total Energy  Conserved En.
    1.01951e+02   -7.66231e+03    4.60820e+03   -3.05411e+03    3.00106e+03
    Temperature Pressure (bar)   Constr. rmsd
    2.99832e+02   -1.28990e+03    2.05721e-05

           Step           Time
          35000       70.00000

   Energies (kJ/mol)
          Angle Ryckaert-Bell.  Improper Dih.        LJ (SR)   Coulomb (SR)
    2.62554e+03    4.89096e+02    0.00000e+00   -1.06097e+04   -3.27428e+02
   Coul. recip.      Potential    Kinetic En.   Total Energy  Conserved En.
    9.99145e+01   -7.72260e+03    4.70924e+03   -3.01336e+03    3.07466e+03
    Temperature Pressure (bar)   Constr. rmsd
    3.06406e+02   -1.64056e+02    1.74407e-05

           Step           Time
          36000       72.00000

   Energies (kJ/mol)
          Angle Ryckaert-Bell.  Improper Dih.        LJ (SR)   Coulomb (SR)
    2.47032e+03    3.49138e+02    0.00000e+00   -1.05687e+04   -3.35687e+02
   Coul. recip.      Potential    Kinetic En.   Total Energy  Conserved En.
    8.96096e+01   -7.99533e+03    4.52108e+03   -3.47425e+03    3.12231e+03
    Temperature Pressure (bar)   Constr. rmsd
    2.94163e+02   -4.37855e+02    1.53993e-05

           Step           Time
          37000       74.00000

   Energies (kJ/mol)
          Angle Ryckaert-Bell.  Improper Dih.        LJ (SR)   Coulomb (SR)
    2.37148e+03    4.35541e+02    0.00000e+00   -1.05849e+04   -3.35790e+02
   Coul. recip.      Potential    Kinetic En.   Total Energy  Conserved En.
    9.99518e+01   -8.01371e+03    4.69103e+03   -3.32268e+03    3.18943e+03
    Temperature Pressure (bar)   Constr. rmsd
    3.05221e+02    7.52469e+01    1.53366e-05

           Step           Time
          38000       76.00000

   Energies (kJ/mol)
          Angle Ryckaert-Bell.  Improper Dih.        LJ (SR)   Coulomb (SR)
    2.51356e+03    3.87704e+02    0.00000e+00   -1.04795e+04   -3.34844e+02
   Coul. recip.      Potential    Kinetic En.   Total Energy  Conserved En.
    9.73986e+01   -7.81568e+03    4.66769e+03   -3.14799e+03    3.24648e+03
    Temperature Pressure (bar)   Constr. rmsd
    3.03703e+02   -8.17125e+02    1.78321e-05

           Step           Time
          39000       78.00000

   Energies (kJ/mol)
          Angle Ryckaert-Bell.  Improper Dih.        LJ (SR)   Coulomb (SR)
    2.44530e+03    3.42691e+02    0.00000e+00   -1.05176e+04   -3.46729e+02
   Coul. recip.      Potential    Kinetic En.   Total Energy  Conserved En.
    1.08743e+02   -7.96755e+03    4.42405e+03   -3.54350e+03    3.31864e+03
    Temperature Pressure (bar)   Constr. rmsd
    2.87850e+02    9.94260e+02    1.50799e-05

           Step           Time
          40000       80.00000

   Energies (kJ/mol)
          Angle Ryckaert-Bell.  Improper Dih.        LJ (SR)   Coulomb (SR)
    2.46722e+03    4.15600e+02    0.00000e+00   -1.06363e+04   -3.25635e+02
   Coul. recip.      Potential    Kinetic En.   Total Energy  Conserved En.
    9.65611e+01   -7.98253e+03    4.63963e+03   -3.34290e+03    3.43393e+03
    Temperature Pressure (bar)   Constr. rmsd
    3.01876e+02   -1.41105e+02    1.66531e-05

           Step           Time
          41000       82.00000

   Energies (kJ/mol)
          Angle Ryckaert-Bell.  Improper Dih.        LJ (SR)   Coulomb (SR)
    2.34903e+03    4.26819e+02    0.00000e+00   -1.03906e+04   -3.40800e+02
   Coul. recip.      Potential    Kinetic En.   Total Energy  Conserved En.
    9.49219e+01   -7.86059e+03    4.60462e+03   -3.25597e+03    3.46268e+03
    Temperature Pressure (bar)   Constr. rmsd
    2.99599e+02   -1.25644e+03    1.64599e-05

           Step           Time
          42000       84.00000

   Energies (kJ/mol)
          Angle Ryckaert-Bell.  Improper Dih.        LJ (SR)   Coulomb (SR)
    2.45600e+03    3.86848e+02    0.00000e+00   -1.03817e+04   -3.31402e+02
   Coul. recip.      Potential    Kinetic En.   Total Energy  Conserved En.
    9.82546e+01   -7.77200e+03    4.71270e+03   -3.05930e+03    3.52469e+03
    Temperature Pressure (bar)   Constr. rmsd
    3.06631e+02   -1.46943e+02    1.67478e-05

           Step           Time
          43000       86.00000

   Energies (kJ/mol)
          Angle Ryckaert-Bell.  Improper Dih.        LJ (SR)   Coulomb (SR)
    2.50922e+03    4.36753e+02    0.00000e+00   -1.04686e+04   -3.41763e+02
   Coul. recip.      Potential    Kinetic En.   Total Energy  Conserved En.
    9.54322e+01   -7.76895e+03    4.54482e+03   -3.22412e+03    3.63564e+03
    Temperature Pressure (bar)   Constr. rmsd
    2.95708e+02   -6.74546e+02    1.73994e-05

           Step           Time
          44000       88.00000

   Energies (kJ/mol)
          Angle Ryckaert-Bell.  Improper Dih.        LJ (SR)   Coulomb (SR)
    2.48620e+03    4.12977e+02    0.00000e+00   -1.03823e+04   -3.45750e+02
   Coul. recip.      Potential    Kinetic En.   Total Energy  Conserved En.
    9.51044e+01   -7.73380e+03    4.58404e+03   -3.14976e+03    3.66895e+03
    Temperature Pressure (bar)   Constr. rmsd
    2.98260e+02   -1.13324e+03    1.72953e-05

           Step           Time
          45000       90.00000

   Energies (kJ/mol)
          Angle Ryckaert-Bell.  Improper Dih.        LJ (SR)   Coulomb (SR)
    2.52696e+03    3.99290e+02    0.00000e+00   -1.04320e+04   -3.34689e+02
   Coul. recip.      Potential    Kinetic En.   Total Energy  Conserved En.
    9.24665e+01   -7.74801e+03    4.58089e+03   -3.16712e+03    3.71754e+03
    Temperature Pressure (bar)   Constr. rmsd
    2.98055e+02    4.67310e+02    1.44519e-05

           Step           Time
          46000       92.00000

   Energies (kJ/mol)
          Angle Ryckaert-Bell.  Improper Dih.        LJ (SR)   Coulomb (SR)
    2.45230e+03    3.53947e+02    0.00000e+00   -1.05201e+04   -3.31580e+02
   Coul. recip.      Potential    Kinetic En.   Total Energy  Conserved En.
    9.34624e+01   -7.95193e+03    4.43580e+03   -3.51613e+03    3.79154e+03
    Temperature Pressure (bar)   Constr. rmsd
    2.88615e+02    6.80575e+01    1.63487e-05

           Step           Time
          47000       94.00000

   Energies (kJ/mol)
          Angle Ryckaert-Bell.  Improper Dih.        LJ (SR)   Coulomb (SR)
    2.66445e+03    4.12170e+02    0.00000e+00   -1.05476e+04   -3.42132e+02
   Coul. recip.      Potential    Kinetic En.   Total Energy  Conserved En.
    8.74959e+01   -7.72562e+03    4.61788e+03   -3.10774e+03    3.82506e+03
    Temperature Pressure (bar)   Constr. rmsd
    3.00462e+02    1.82446e+02    1.54140e-05

           Step           Time
          48000       96.00000

   Energies (kJ/mol)
          Angle Ryckaert-Bell.  Improper Dih.        LJ (SR)   Coulomb (SR)
    2.50333e+03    3.67967e+02    0.00000e+00   -1.05502e+04   -3.29871e+02
   Coul. recip.      Potential    Kinetic En.   Total Energy  Conserved En.
    9.11747e+01   -7.91763e+03    4.41009e+03   -3.50754e+03    3.88458e+03
    Temperature Pressure (bar)   Constr. rmsd
    2.86942e+02   -3.95848e+02    1.51558e-05

           Step           Time
          49000       98.00000

   Energies (kJ/mol)
          Angle Ryckaert-Bell.  Improper Dih.        LJ (SR)   Coulomb (SR)
    2.47523e+03    3.32485e+02    0.00000e+00   -1.05898e+04   -3.31156e+02
   Coul. recip.      Potential    Kinetic En.   Total Energy  Conserved En.
    9.32451e+01   -8.01997e+03    4.63958e+03   -3.38040e+03    3.92953e+03
    Temperature Pressure (bar)   Constr. rmsd
    3.01873e+02    5.37974e+02    1.60477e-05

           Step           Time
          50000      100.00000

Writing checkpoint, step 50000 at Fri Nov 17 15:55:08 2023


   Energies (kJ/mol)
          Angle Ryckaert-Bell.  Improper Dih.        LJ (SR)   Coulomb (SR)
    2.34453e+03    3.70737e+02    0.00000e+00   -1.05708e+04   -3.33124e+02
   Coul. recip.      Potential    Kinetic En.   Total Energy  Conserved En.
    1.02116e+02   -8.08658e+03    4.66528e+03   -3.42130e+03    3.97458e+03
    Temperature Pressure (bar)   Constr. rmsd
    3.03545e+02   -2.62421e+02    1.66501e-05


Energy conservation over simulation part #1 of length 100 ps, time 0 to 100 ps
  Conserved energy drift: -5.96e-03 kJ/mol/ps per atom


	<======  ###############  ==>
	<====  A V E R A G E S  ====>
	<==  ###############  ======>

	Statistics over 50001 steps using 501 frames

   Energies (kJ/mol)
          Angle Ryckaert-Bell.  Improper Dih.        LJ (SR)   Coulomb (SR)
    2.49498e+03    4.02679e+02    0.00000e+00   -1.01949e+04   -3.30813e+02
   Coul. recip.      Potential    Kinetic En.   Total Energy  Conserved En.
    9.97441e+01   -7.52829e+03    4.62926e+03   -2.89903e+03    2.33638e+03
    Temperature Pressure (bar)   Constr. rmsd
    3.01202e+02   -9.59495e+01    0.00000e+00

          Box-X          Box-Y          Box-Z
    3.51784e+00    3.51784e+00    3.51784e+00

   Total Virial (kJ/mol)
    1.65767e+03    3.46977e+01   -1.65971e+00
    3.46976e+01    1.66820e+03   -2.31998e+01
   -1.65941e+00   -2.31997e+01    1.67836e+03

   Pressure (bar)
   -3.50376e+01   -6.48002e+00    4.46638e+01
   -6.47996e+00   -1.21385e+02   -2.55116e+01
    4.46636e+01   -2.55116e+01   -1.31426e+02


	M E G A - F L O P S   A C C O U N T I N G

 NB=Group-cutoff nonbonded kernels    NxN=N-by-N cluster Verlet kernels
 RF=Reaction-Field  VdW=Van der Waals  QSTab=quadratic-spline table
 W3=SPC/TIP3p  W4=TIP4p (single or pairs)
 V&F=Potential and force  V=Potential only  F=Force only

 Computing:                               M-Number         M-Flops  % Flops
-----------------------------------------------------------------------------
 Pair Search distance check             362.847672        3265.629     0.1
 NxN Ewald Elec. + LJ [F]             46882.368720     3094236.336    71.9
 NxN Ewald Elec. + LJ [V&F]             474.553696       50777.245     1.2
 NxN LJ [F]                            4419.556416      145845.362     3.4
 NxN LJ [V&F]                            44.745984        1924.077     0.0
 NxN Ewald Elec. [F]                   1094.434704       66760.517     1.6
 NxN Ewald Elec. [V&F]                   11.072768         930.113     0.0
 Calc Weights                           285.005700       10260.205     0.2
 Spread Q Bspline                      6080.121600       12160.243     0.3
 Gather F Bspline                      6080.121600       36480.730     0.8
 3D-FFT                              102183.043620      817464.349    19.0
 Solve PME                               80.001600        5120.102     0.1
 Reset In Box                             0.950000           2.850     0.0
 CG-CoM                                   0.951900           2.856     0.0
 Angles                                 125.002500       21000.420     0.5
 Impropers                               80.001600       16640.333     0.4
 RB-Dihedrals                            20.000400        4940.099     0.1
 Virial                                   9.726945         175.085     0.0
 Stop-CM                                  0.951900           9.519     0.0
 P-Coupling                               9.501900          57.011     0.0
 Calc-Ekin                               19.003800         513.103     0.0
 Lincs                                  100.002000        6000.120     0.1
 Lincs-Mat                             1500.030000        6000.120     0.1
 Constraint-V                           200.004000        1800.036     0.0
 Constraint-Vir                          10.002000         240.048     0.0
-----------------------------------------------------------------------------
 Total                                                 4302606.507   100.0
-----------------------------------------------------------------------------


    D O M A I N   D E C O M P O S I T I O N   S T A T I S T I C S

 av. #atoms communicated per step for force:  2 x 0.0
 av. #atoms communicated per step for LINCS:  2 x 0.0


     R E A L   C Y C L E   A N D   T I M E   A C C O U N T I N G

On 1 MPI rank, each using 8 OpenMP threads

 Computing:          Num   Num      Call    Wall time         Giga-Cycles
                     Ranks Threads  Count      (s)         total sum    %
-----------------------------------------------------------------------------
 Domain decomp.         1    8        500       1.241         24.013   0.4
 Neighbor search        1    8        501       2.011         38.915   0.7
 Force                  1    8      50001     108.838       2106.365  37.9
 PME mesh               1    8      50001     110.019       2129.214  38.3
 NB X/F buffer ops.     1    8      99501      27.714        536.361   9.7
 Write traj.            1    8         11       0.082          1.585   0.0
 Update                 1    8      50001       5.985        115.837   2.1
 Constraints            1    8      50001      27.527        532.736   9.6
 Rest                                           3.524         68.209   1.2
-----------------------------------------------------------------------------
 Total                                        286.942       5553.235 100.0
-----------------------------------------------------------------------------
 Breakdown of PME mesh computation
-----------------------------------------------------------------------------
 PME spread             1    8      50001      26.930        521.172   9.4
 PME gather             1    8      50001      27.274        527.832   9.5
 PME 3D-FFT             1    8     100002      48.038        929.696  16.7
 PME solve Elec         1    8      50001       4.621         89.434   1.6
-----------------------------------------------------------------------------

               Core t (s)   Wall t (s)        (%)
       Time:     2295.528      286.942      800.0
                 (ns/day)    (hour/ns)
Performance:       30.111        0.797
Finished mdrun on rank 0 Fri Nov 17 15:55:08 2023

