                      :-) GROMACS - gmx mdrun, 2022.5 (-:

Copyright 1991-2022 The GROMACS Authors.
GROMACS is free software; you can redistribute it and/or modify it
under the terms of the GNU Lesser General Public License
as published by the Free Software Foundation; either version 2.1
of the License, or (at your option) any later version.

                         Current GROMACS contributors:
       Mark Abraham           Andrey Alekseenko           Cathrine Bergh      
      Christian Blau            Eliane Briand               Kevin Boyd        
     Oliver Fleetwood         Stefan Fleischmann           Vytas Gapsys       
       Gaurav Garg           Gilles Gouaillardet            Alan Gray         
      Victor Holanda           M. Eric Irrgang              Joe Jordan        
    Christoph Junghans        Prashanth Kanduri           Sebastian Kehl      
     Sebastian Keller          Carsten Kutzner           Magnus Lundborg      
       Pascal Merz              Dmitry Morozov             Szilard Pall       
      Roland Schulz             Michael Shirts         David van der Spoel    
     Alessandra Villa      Sebastian Wingbermuehle        Artem Zhmurov       

                         Previous GROMACS contributors:
        Emile Apol             Rossen Apostolov           James Barnett       
  Herman J.C. Berendsen          Par Bjelkmar           Viacheslav Bolnykh    
    Aldert van Buuren          Carlo Camilloni           Rudi van Drunen      
      Anton Feenstra           Gerrit Groenhof            Bert de Groot       
      Anca Hamuraru           Vincent Hindriksen         Aleksei Iupinov      
   Dimitrios Karkoulis           Peter Kasson               Jiri Kraus        
       Per Larsson             Justin A. Lemkul           Viveca Lindahl      
      Erik Marklund           Pieter Meulenhoff           Vedran Miletic      
      Teemu Murtola              Sander Pronk            Alexey Shvetsov      
      Alfons Sijbers            Peter Tieleman             Jon Vincent        
     Teemu Virolainen         Christian Wennberg           Maarten Wolf       

                  Coordinated by the GROMACS project leaders:
                    Paul Bauer, Berk Hess, and Erik Lindahl

GROMACS:      gmx mdrun, version 2022.5
Executable:   /usr/local/gromacs/bin/gmx
Data prefix:  /usr/local/gromacs
Working dir:  /home/zhmurov/git/artemzhmurov/5cb-tutorial/WIP/tmp/5CB_100_E
Process ID:   212588
Command line:
  gmx mdrun -deffnm nvt

GROMACS version:    2022.5
Precision:          mixed
Memory model:       64 bit
MPI library:        thread_mpi
OpenMP support:     enabled (GMX_OPENMP_MAX_THREADS = 128)
GPU support:        disabled
SIMD instructions:  AVX2_256
CPU FFT library:    fftw-3.3.8-sse2-avx
GPU FFT library:    none
RDTSCP usage:       enabled
TNG support:        enabled
Hwloc support:      disabled
Tracing support:    disabled
C compiler:         /usr/bin/cc GNU 11.2.0
C compiler flags:   -mavx2 -mfma -Wno-missing-field-initializers -fexcess-precision=fast -funroll-all-loops -O3 -DNDEBUG
C++ compiler:       /usr/bin/c++ GNU 11.2.0
C++ compiler flags: -mavx2 -mfma -Wno-missing-field-initializers -fexcess-precision=fast -funroll-all-loops -fopenmp -O3 -DNDEBUG


Running on 1 node with total 4 cores, 8 processing units
Hardware detected:
  CPU info:
    Vendor: Intel
    Brand:  11th Gen Intel(R) Core(TM) i5-1135G7 @ 2.40GHz
    Family: 6   Model: 140   Stepping: 1
    Features: aes apic avx avx2 avx512f avx512cd avx512bw avx512vl avx512secondFMA clfsh cmov cx8 cx16 f16c fma htt intel lahf mmx msr nonstop_tsc pcid pclmuldq pdcm pdpe1gb popcnt pse rdrnd rdtscp sha sse2 sse3 sse4.1 sse4.2 ssse3 tdt x2apic
    Number of AVX-512 FMA units: 1 (AVX2 is faster w/o 2 AVX-512 FMA units)
  Hardware topology: Basic
    Packages, cores, and logical processors:
    [indices refer to OS logical processors]
      Package  0: [   0   1] [   2   3] [   4   5] [   6   7]
    CPU limit set by OS: -1   Recommended max number of threads: 8


++++ PLEASE READ AND CITE THE FOLLOWING REFERENCE ++++
M. J. Abraham, T. Murtola, R. Schulz, S. Páll, J. C. Smith, B. Hess, E.
Lindahl
GROMACS: High performance molecular simulations through multi-level
parallelism from laptops to supercomputers
SoftwareX 1 (2015) pp. 19-25
-------- -------- --- Thank You --- -------- --------


++++ PLEASE READ AND CITE THE FOLLOWING REFERENCE ++++
S. Páll, M. J. Abraham, C. Kutzner, B. Hess, E. Lindahl
Tackling Exascale Software Challenges in Molecular Dynamics Simulations with
GROMACS
In S. Markidis & E. Laure (Eds.), Solving Software Challenges for Exascale 8759 (2015) pp. 3-27
-------- -------- --- Thank You --- -------- --------


++++ PLEASE READ AND CITE THE FOLLOWING REFERENCE ++++
S. Pronk, S. Páll, R. Schulz, P. Larsson, P. Bjelkmar, R. Apostolov, M. R.
Shirts, J. C. Smith, P. M. Kasson, D. van der Spoel, B. Hess, and E. Lindahl
GROMACS 4.5: a high-throughput and highly parallel open source molecular
simulation toolkit
Bioinformatics 29 (2013) pp. 845-54
-------- -------- --- Thank You --- -------- --------


++++ PLEASE READ AND CITE THE FOLLOWING REFERENCE ++++
B. Hess and C. Kutzner and D. van der Spoel and E. Lindahl
GROMACS 4: Algorithms for highly efficient, load-balanced, and scalable
molecular simulation
J. Chem. Theory Comput. 4 (2008) pp. 435-447
-------- -------- --- Thank You --- -------- --------


++++ PLEASE READ AND CITE THE FOLLOWING REFERENCE ++++
D. van der Spoel, E. Lindahl, B. Hess, G. Groenhof, A. E. Mark and H. J. C.
Berendsen
GROMACS: Fast, Flexible and Free
J. Comp. Chem. 26 (2005) pp. 1701-1719
-------- -------- --- Thank You --- -------- --------


++++ PLEASE READ AND CITE THE FOLLOWING REFERENCE ++++
E. Lindahl and B. Hess and D. van der Spoel
GROMACS 3.0: A package for molecular simulation and trajectory analysis
J. Mol. Mod. 7 (2001) pp. 306-317
-------- -------- --- Thank You --- -------- --------


++++ PLEASE READ AND CITE THE FOLLOWING REFERENCE ++++
H. J. C. Berendsen, D. van der Spoel and R. van Drunen
GROMACS: A message-passing parallel molecular dynamics implementation
Comp. Phys. Comm. 91 (1995) pp. 43-56
-------- -------- --- Thank You --- -------- --------


++++ PLEASE CITE THE DOI FOR THIS VERSION OF GROMACS ++++
https://doi.org/10.5281/zenodo.7586780
-------- -------- --- Thank You --- -------- --------

Input Parameters:
   integrator                     = md
   tinit                          = 0
   dt                             = 0.002
   nsteps                         = 50000
   init-step                      = 0
   simulation-part                = 1
   mts                            = false
   comm-mode                      = Linear
   nstcomm                        = 100
   bd-fric                        = 0
   ld-seed                        = -559977561
   emtol                          = 10
   emstep                         = 0.01
   niter                          = 20
   fcstep                         = 0
   nstcgsteep                     = 1000
   nbfgscorr                      = 10
   rtpi                           = 0.05
   nstxout                        = 0
   nstvout                        = 0
   nstfout                        = 0
   nstlog                         = 1000
   nstcalcenergy                  = 100
   nstenergy                      = 500
   nstxout-compressed             = 5000
   compressed-x-precision         = 1000
   cutoff-scheme                  = Verlet
   nstlist                        = 10
   pbc                            = xyz
   periodic-molecules             = false
   verlet-buffer-tolerance        = 0.005
   rlist                          = 1.4
   coulombtype                    = PME
   coulomb-modifier               = Potential-shift
   rcoulomb-switch                = 0
   rcoulomb                       = 1.4
   epsilon-r                      = 1
   epsilon-rf                     = inf
   vdw-type                       = Cut-off
   vdw-modifier                   = Potential-shift
   rvdw-switch                    = 0
   rvdw                           = 1.4
   DispCorr                       = No
   table-extension                = 1
   fourierspacing                 = 0.1
   fourier-nx                     = 40
   fourier-ny                     = 40
   fourier-nz                     = 40
   pme-order                      = 4
   ewald-rtol                     = 1e-05
   ewald-rtol-lj                  = 0.001
   lj-pme-comb-rule               = Geometric
   ewald-geometry                 = 3d
   epsilon-surface                = 0
   tcoupl                         = V-rescale
   nsttcouple                     = 10
   nh-chain-length                = 0
   print-nose-hoover-chain-variables = false
   pcoupl                         = No
   pcoupltype                     = Isotropic
   nstpcouple                     = -1
   tau-p                          = 1
   compressibility (3x3):
      compressibility[    0]={ 0.00000e+00,  0.00000e+00,  0.00000e+00}
      compressibility[    1]={ 0.00000e+00,  0.00000e+00,  0.00000e+00}
      compressibility[    2]={ 0.00000e+00,  0.00000e+00,  0.00000e+00}
   ref-p (3x3):
      ref-p[    0]={ 0.00000e+00,  0.00000e+00,  0.00000e+00}
      ref-p[    1]={ 0.00000e+00,  0.00000e+00,  0.00000e+00}
      ref-p[    2]={ 0.00000e+00,  0.00000e+00,  0.00000e+00}
   refcoord-scaling               = No
   posres-com (3):
      posres-com[0]= 0.00000e+00
      posres-com[1]= 0.00000e+00
      posres-com[2]= 0.00000e+00
   posres-comB (3):
      posres-comB[0]= 0.00000e+00
      posres-comB[1]= 0.00000e+00
      posres-comB[2]= 0.00000e+00
   QMMM                           = false
qm-opts:
   ngQM                           = 0
   constraint-algorithm           = Lincs
   continuation                   = false
   Shake-SOR                      = false
   shake-tol                      = 0.0001
   lincs-order                    = 4
   lincs-iter                     = 1
   lincs-warnangle                = 30
   nwall                          = 0
   wall-type                      = 9-3
   wall-r-linpot                  = -1
   wall-atomtype[0]               = -1
   wall-atomtype[1]               = -1
   wall-density[0]                = 0
   wall-density[1]                = 0
   wall-ewald-zfac                = 3
   pull                           = false
   awh                            = false
   rotation                       = false
   interactiveMD                  = false
   disre                          = No
   disre-weighting                = Conservative
   disre-mixed                    = false
   dr-fc                          = 1000
   dr-tau                         = 0
   nstdisreout                    = 100
   orire-fc                       = 0
   orire-tau                      = 0
   nstorireout                    = 100
   free-energy                    = no
   cos-acceleration               = 0
   deform (3x3):
      deform[    0]={ 0.00000e+00,  0.00000e+00,  0.00000e+00}
      deform[    1]={ 0.00000e+00,  0.00000e+00,  0.00000e+00}
      deform[    2]={ 0.00000e+00,  0.00000e+00,  0.00000e+00}
   simulated-tempering            = false
   swapcoords                     = no
   userint1                       = 0
   userint2                       = 0
   userint3                       = 0
   userint4                       = 0
   userreal1                      = 0
   userreal2                      = 0
   userreal3                      = 0
   userreal4                      = 0
   applied-forces:
     electric-field:
       x:
         E0                       = 0
         omega                    = 0
         t0                       = 0
         sigma                    = 0
       y:
         E0                       = 0
         omega                    = 0
         t0                       = 0
         sigma                    = 0
       z:
         E0                       = 0
         omega                    = 0
         t0                       = 0
         sigma                    = 0
     density-guided-simulation:
       active                     = false
       group                      = protein
       similarity-measure         = inner-product
       atom-spreading-weight      = unity
       force-constant             = 1e+09
       gaussian-transform-spreading-width = 0.2
       gaussian-transform-spreading-range-in-multiples-of-width = 4
       reference-density-filename = reference.mrc
       nst                        = 1
       normalize-densities        = true
       adaptive-force-scaling     = false
       adaptive-force-scaling-time-constant = 4
       shift-vector               = 
       transformation-matrix      = 
     qmmm-cp2k:
       active                     = false
       qmgroup                    = System
       qmmethod                   = PBE
       qmfilenames                = 
       qmcharge                   = 0
       qmmultiplicity             = 1
grpopts:
   nrdf:        5697
   ref-t:         300
   tau-t:         0.1
annealing:          No
annealing-npoints:           0
   acc:	           0           0           0
   nfreeze:           N           N           N
   energygrp-flags[  0]: 0

Changing nstlist from 10 to 100, rlist from 1.4 to 1.4

When checking whether update groups are usable:
  No constraints or virtual sites are in use, so it is best not to use update groups

Initializing Domain Decomposition on 1 ranks
Dynamic load balancing: auto
Minimum cell size due to atom displacement: 0.575 nm
Initial maximum distances in bonded interactions:
    two-body bonded interactions: 0.408 nm, Exclusion, atoms 1326 1329
  multi-body bonded interactions: 0.371 nm, Ryckaert-Bell., atoms 309 316
Minimum cell size due to bonded interactions: 0.408 nm
Using 0 separate PME ranks because: there are too few total ranks for efficient splitting
Optimizing the DD grid for 1 cells with a minimum initial size of 0.575 nm
The maximum allowed number of cells is: X 6 Y 6 Z 6
Domain decomposition grid 1 x 1 x 1, separate PME ranks 0
PME domain decomposition: 1 x 1 x 1

The initial number of communication pulses is:
The initial domain decomposition cell size is:

The maximum allowed distance for atoms involved in interactions is:
                 non-bonded interactions           1.400 nm
            two-body bonded interactions  (-rdd)   1.400 nm
          multi-body bonded interactions  (-rdd)   1.400 nm

When dynamic load balancing gets turned on, these settings will change to:
The maximum number of communication pulses is:
The minimum size for domain decomposition cells is 1.400 nm
The requested allowed shrink of DD cells (option -dds) is: 0.80
The allowed shrink of domain decomposition cells is:
The maximum allowed distance for atoms involved in interactions is:
                 non-bonded interactions           1.400 nm
            two-body bonded interactions  (-rdd)   1.400 nm
          multi-body bonded interactions  (-rdd)   1.400 nm

Using 1 MPI thread
Using 8 OpenMP threads 

Pinning threads with an auto-selected logical cpu stride of 1
System total charge: 0.000
Will do PME sum in reciprocal space for electrostatic interactions.

++++ PLEASE READ AND CITE THE FOLLOWING REFERENCE ++++
U. Essmann, L. Perera, M. L. Berkowitz, T. Darden, H. Lee and L. G. Pedersen 
A smooth particle mesh Ewald method
J. Chem. Phys. 103 (1995) pp. 8577-8592
-------- -------- --- Thank You --- -------- --------

Using a Gaussian width (1/beta) of 0.448228 nm for Ewald
Potential shift: LJ r^-12: -1.764e-02 r^-6: -1.328e-01, Ewald -7.143e-06
Initialized non-bonded Coulomb Ewald tables, spacing: 1.10e-03 size: 1270



Using SIMD 4x8 nonbonded short-range kernels

Using a 4x8 pair-list setup:
  updated every 100 steps, buffer 0.000 nm, rlist 1.400 nm
At tolerance 0.005 kJ/mol/ps per atom, equivalent classical 1x1 list would be:
  updated every 100 steps, buffer 0.108 nm, rlist 1.508 nm

Using Lorentz-Berthelot Lennard-Jones combination rule
Removing pbc first time

Linking all bonded interactions to atoms


++++ PLEASE READ AND CITE THE FOLLOWING REFERENCE ++++
G. Bussi, D. Donadio and M. Parrinello
Canonical sampling through velocity rescaling
J. Chem. Phys. 126 (2007) pp. 014101
-------- -------- --- Thank You --- -------- --------

There are: 1900 Atoms

Atom distribution over 1 domains: av 1900 stddev 0 min 1900 max 1900
Center of mass motion removal mode is Linear
We have the following groups for center of mass motion removal:
  0:  rest
Initial temperature: 300.107 K

Started mdrun on rank 0 Fri Nov 17 15:46:55 2023

           Step           Time
              0        0.00000

   Energies (kJ/mol)
           Bond          Angle Ryckaert-Bell.  Improper Dih.        LJ (SR)
    8.59256e+01    1.11087e+03    5.62717e+02    0.00000e+00   -2.79994e+03
   Coulomb (SR)   Coul. recip.      Potential    Kinetic En.   Total Energy
   -1.07396e+02    3.25895e+02   -8.21925e+02    7.16018e+03    6.33826e+03
  Conserved En.    Temperature Pressure (bar)
    6.33826e+03    3.02325e+02    9.12022e+03

           Step           Time
           1000        2.00000

   Energies (kJ/mol)
           Bond          Angle Ryckaert-Bell.  Improper Dih.        LJ (SR)
    1.62037e+03    2.52504e+03    4.64841e+02    0.00000e+00   -6.36997e+03
   Coulomb (SR)   Coul. recip.      Potential    Kinetic En.   Total Energy
   -2.16164e+02    1.71311e+02   -1.80458e+03    7.36224e+03    5.55767e+03
  Conserved En.    Temperature Pressure (bar)
    6.61581e+03    3.10856e+02    7.95419e+02

           Step           Time
           2000        4.00000

   Energies (kJ/mol)
           Bond          Angle Ryckaert-Bell.  Improper Dih.        LJ (SR)
    1.76577e+03    2.60040e+03    5.22592e+02    0.00000e+00   -7.33042e+03
   Coulomb (SR)   Coul. recip.      Potential    Kinetic En.   Total Energy
   -2.43292e+02    1.55477e+02   -2.52948e+03    7.12379e+03    4.59431e+03
  Conserved En.    Temperature Pressure (bar)
    6.63259e+03    3.00788e+02   -3.83074e+02

           Step           Time
           3000        6.00000

   Energies (kJ/mol)
           Bond          Angle Ryckaert-Bell.  Improper Dih.        LJ (SR)
    1.74376e+03    2.65654e+03    5.24590e+02    0.00000e+00   -7.77074e+03
   Coulomb (SR)   Coul. recip.      Potential    Kinetic En.   Total Energy
   -2.47978e+02    1.36226e+02   -2.95760e+03    7.14930e+03    4.19170e+03
  Conserved En.    Temperature Pressure (bar)
    6.63101e+03    3.01865e+02    1.38222e+03

           Step           Time
           4000        8.00000

   Energies (kJ/mol)
           Bond          Angle Ryckaert-Bell.  Improper Dih.        LJ (SR)
    1.85545e+03    2.73129e+03    4.94827e+02    0.00000e+00   -7.99487e+03
   Coulomb (SR)   Coul. recip.      Potential    Kinetic En.   Total Energy
   -2.56945e+02    1.31854e+02   -3.03840e+03    7.23987e+03    4.20147e+03
  Conserved En.    Temperature Pressure (bar)
    6.64461e+03    3.05689e+02   -4.93730e+02

           Step           Time
           5000       10.00000

   Energies (kJ/mol)
           Bond          Angle Ryckaert-Bell.  Improper Dih.        LJ (SR)
    1.95602e+03    2.64621e+03    5.08550e+02    0.00000e+00   -8.23940e+03
   Coulomb (SR)   Coul. recip.      Potential    Kinetic En.   Total Energy
   -2.65485e+02    1.27359e+02   -3.26674e+03    7.17577e+03    3.90903e+03
  Conserved En.    Temperature Pressure (bar)
    6.65383e+03    3.02983e+02   -2.80424e+02

           Step           Time
           6000       12.00000

   Energies (kJ/mol)
           Bond          Angle Ryckaert-Bell.  Improper Dih.        LJ (SR)
    2.02101e+03    2.71012e+03    4.28047e+02    0.00000e+00   -8.38290e+03
   Coulomb (SR)   Coul. recip.      Potential    Kinetic En.   Total Energy
   -2.74289e+02    1.25743e+02   -3.37227e+03    7.19692e+03    3.82465e+03
  Conserved En.    Temperature Pressure (bar)
    6.64904e+03    3.03876e+02   -1.96061e+02

           Step           Time
           7000       14.00000

   Energies (kJ/mol)
           Bond          Angle Ryckaert-Bell.  Improper Dih.        LJ (SR)
    2.14003e+03    2.70436e+03    4.54422e+02    0.00000e+00   -8.52243e+03
   Coulomb (SR)   Coul. recip.      Potential    Kinetic En.   Total Energy
   -2.68018e+02    1.19028e+02   -3.37261e+03    7.53698e+03    4.16437e+03
  Conserved En.    Temperature Pressure (bar)
    6.65556e+03    3.18234e+02    6.15526e+01

           Step           Time
           8000       16.00000

   Energies (kJ/mol)
           Bond          Angle Ryckaert-Bell.  Improper Dih.        LJ (SR)
    2.25863e+03    2.57063e+03    4.75724e+02    0.00000e+00   -8.67636e+03
   Coulomb (SR)   Coul. recip.      Potential    Kinetic En.   Total Energy
   -2.71369e+02    1.31034e+02   -3.51171e+03    7.09859e+03    3.58688e+03
  Conserved En.    Temperature Pressure (bar)
    6.67932e+03    2.99724e+02   -7.38812e+02

           Step           Time
           9000       18.00000

   Energies (kJ/mol)
           Bond          Angle Ryckaert-Bell.  Improper Dih.        LJ (SR)
    2.14810e+03    2.75672e+03    4.67706e+02    0.00000e+00   -8.54216e+03
   Coulomb (SR)   Coul. recip.      Potential    Kinetic En.   Total Energy
   -2.99071e+02    1.17175e+02   -3.35152e+03    6.98848e+03    3.63696e+03
  Conserved En.    Temperature Pressure (bar)
    6.65372e+03    2.95075e+02   -2.95946e+02

           Step           Time
          10000       20.00000

   Energies (kJ/mol)
           Bond          Angle Ryckaert-Bell.  Improper Dih.        LJ (SR)
    2.17615e+03    2.70300e+03    4.28869e+02    0.00000e+00   -8.67328e+03
   Coulomb (SR)   Coul. recip.      Potential    Kinetic En.   Total Energy
   -2.83121e+02    1.16759e+02   -3.53162e+03    7.21855e+03    3.68693e+03
  Conserved En.    Temperature Pressure (bar)
    6.67225e+03    3.04789e+02   -5.46003e+02

           Step           Time
          11000       22.00000

   Energies (kJ/mol)
           Bond          Angle Ryckaert-Bell.  Improper Dih.        LJ (SR)
    2.21249e+03    2.54184e+03    3.97636e+02    0.00000e+00   -8.64408e+03
   Coulomb (SR)   Coul. recip.      Potential    Kinetic En.   Total Energy
   -2.75271e+02    1.26287e+02   -3.64110e+03    7.33719e+03    3.69608e+03
  Conserved En.    Temperature Pressure (bar)
    6.66422e+03    3.09798e+02    1.91525e+02

           Step           Time
          12000       24.00000

   Energies (kJ/mol)
           Bond          Angle Ryckaert-Bell.  Improper Dih.        LJ (SR)
    2.35597e+03    2.68257e+03    4.49215e+02    0.00000e+00   -8.73180e+03
   Coulomb (SR)   Coul. recip.      Potential    Kinetic En.   Total Energy
   -2.72715e+02    1.22596e+02   -3.39417e+03    7.14494e+03    3.75077e+03
  Conserved En.    Temperature Pressure (bar)
    6.67541e+03    3.01681e+02    4.29859e+02

           Step           Time
          13000       26.00000

   Energies (kJ/mol)
           Bond          Angle Ryckaert-Bell.  Improper Dih.        LJ (SR)
    2.19935e+03    2.68857e+03    4.23205e+02    0.00000e+00   -8.76883e+03
   Coulomb (SR)   Coul. recip.      Potential    Kinetic En.   Total Energy
   -2.79811e+02    1.17096e+02   -3.62042e+03    7.01323e+03    3.39280e+03
  Conserved En.    Temperature Pressure (bar)
    6.67534e+03    2.96120e+02    5.96014e+01

           Step           Time
          14000       28.00000

   Energies (kJ/mol)
           Bond          Angle Ryckaert-Bell.  Improper Dih.        LJ (SR)
    2.31947e+03    2.70701e+03    3.88474e+02    0.00000e+00   -8.85976e+03
   Coulomb (SR)   Coul. recip.      Potential    Kinetic En.   Total Energy
   -3.02018e+02    1.04851e+02   -3.64197e+03    7.07390e+03    3.43193e+03
  Conserved En.    Temperature Pressure (bar)
    6.68838e+03    2.98682e+02   -9.37098e+02

           Step           Time
          15000       30.00000

   Energies (kJ/mol)
           Bond          Angle Ryckaert-Bell.  Improper Dih.        LJ (SR)
    2.41316e+03    2.67366e+03    3.81870e+02    0.00000e+00   -8.84789e+03
   Coulomb (SR)   Coul. recip.      Potential    Kinetic En.   Total Energy
   -3.05336e+02    1.21016e+02   -3.56352e+03    7.08262e+03    3.51910e+03
  Conserved En.    Temperature Pressure (bar)
    6.70282e+03    2.99050e+02   -1.06486e+02

           Step           Time
          16000       32.00000

   Energies (kJ/mol)
           Bond          Angle Ryckaert-Bell.  Improper Dih.        LJ (SR)
    2.33837e+03    2.63945e+03    3.83459e+02    0.00000e+00   -8.86897e+03
   Coulomb (SR)   Coul. recip.      Potential    Kinetic En.   Total Energy
   -2.87259e+02    1.23354e+02   -3.67160e+03    7.13838e+03    3.46678e+03
  Conserved En.    Temperature Pressure (bar)
    6.68707e+03    3.01404e+02   -2.11957e+03

           Step           Time
          17000       34.00000

   Energies (kJ/mol)
           Bond          Angle Ryckaert-Bell.  Improper Dih.        LJ (SR)
    2.49021e+03    2.63471e+03    5.01858e+02    0.00000e+00   -8.94339e+03
   Coulomb (SR)   Coul. recip.      Potential    Kinetic En.   Total Energy
   -3.00372e+02    1.17850e+02   -3.49914e+03    7.04744e+03    3.54831e+03
  Conserved En.    Temperature Pressure (bar)
    6.70746e+03    2.97565e+02   -5.21423e+02

           Step           Time
          18000       36.00000

   Energies (kJ/mol)
           Bond          Angle Ryckaert-Bell.  Improper Dih.        LJ (SR)
    2.52597e+03    2.46010e+03    4.12055e+02    0.00000e+00   -8.96886e+03
   Coulomb (SR)   Coul. recip.      Potential    Kinetic En.   Total Energy
   -2.77250e+02    1.23357e+02   -3.72463e+03    7.22154e+03    3.49691e+03
  Conserved En.    Temperature Pressure (bar)
    6.70499e+03    3.04915e+02   -1.19960e+03

           Step           Time
          19000       38.00000

   Energies (kJ/mol)
           Bond          Angle Ryckaert-Bell.  Improper Dih.        LJ (SR)
    2.44527e+03    2.56594e+03    4.24169e+02    0.00000e+00   -8.95714e+03
   Coulomb (SR)   Coul. recip.      Potential    Kinetic En.   Total Energy
   -3.03385e+02    1.14442e+02   -3.71070e+03    7.21936e+03    3.50866e+03
  Conserved En.    Temperature Pressure (bar)
    6.68126e+03    3.04823e+02    9.60264e+02

           Step           Time
          20000       40.00000

   Energies (kJ/mol)
           Bond          Angle Ryckaert-Bell.  Improper Dih.        LJ (SR)
    2.28436e+03    2.54829e+03    3.80375e+02    0.00000e+00   -8.96265e+03
   Coulomb (SR)   Coul. recip.      Potential    Kinetic En.   Total Energy
   -3.04120e+02    1.23412e+02   -3.93033e+03    7.03453e+03    3.10419e+03
  Conserved En.    Temperature Pressure (bar)
    6.68654e+03    2.97019e+02   -1.05535e+03

           Step           Time
          21000       42.00000

   Energies (kJ/mol)
           Bond          Angle Ryckaert-Bell.  Improper Dih.        LJ (SR)
    2.42975e+03    2.47893e+03    3.66259e+02    0.00000e+00   -8.98393e+03
   Coulomb (SR)   Coul. recip.      Potential    Kinetic En.   Total Energy
   -3.20971e+02    1.04914e+02   -3.92506e+03    7.20365e+03    3.27859e+03
  Conserved En.    Temperature Pressure (bar)
    6.69942e+03    3.04160e+02   -1.09260e+03

           Step           Time
          22000       44.00000

   Energies (kJ/mol)
           Bond          Angle Ryckaert-Bell.  Improper Dih.        LJ (SR)
    2.42991e+03    2.47784e+03    3.80626e+02    0.00000e+00   -9.12833e+03
   Coulomb (SR)   Coul. recip.      Potential    Kinetic En.   Total Energy
   -2.86556e+02    1.22468e+02   -4.00404e+03    7.01065e+03    3.00661e+03
  Conserved En.    Temperature Pressure (bar)
    6.70149e+03    2.96011e+02   -1.85419e+02

           Step           Time
          23000       46.00000

   Energies (kJ/mol)
           Bond          Angle Ryckaert-Bell.  Improper Dih.        LJ (SR)
    2.40499e+03    2.55762e+03    3.78621e+02    0.00000e+00   -9.05993e+03
   Coulomb (SR)   Coul. recip.      Potential    Kinetic En.   Total Energy
   -3.05981e+02    1.22478e+02   -3.90221e+03    7.04004e+03    3.13783e+03
  Conserved En.    Temperature Pressure (bar)
    6.68498e+03    2.97252e+02   -2.74193e+02

           Step           Time
          24000       48.00000

   Energies (kJ/mol)
           Bond          Angle Ryckaert-Bell.  Improper Dih.        LJ (SR)
    2.47287e+03    2.53776e+03    4.10785e+02    0.00000e+00   -9.05119e+03
   Coulomb (SR)   Coul. recip.      Potential    Kinetic En.   Total Energy
   -2.73166e+02    1.32627e+02   -3.77031e+03    7.21922e+03    3.44891e+03
  Conserved En.    Temperature Pressure (bar)
    6.69203e+03    3.04817e+02    2.50099e+02

           Step           Time
          25000       50.00000

   Energies (kJ/mol)
           Bond          Angle Ryckaert-Bell.  Improper Dih.        LJ (SR)
    2.44606e+03    2.66857e+03    3.61448e+02    0.00000e+00   -8.94867e+03
   Coulomb (SR)   Coul. recip.      Potential    Kinetic En.   Total Energy
   -2.91672e+02    1.10868e+02   -3.65340e+03    7.32272e+03    3.66932e+03
  Conserved En.    Temperature Pressure (bar)
    6.69590e+03    3.09187e+02   -6.05846e+02

           Step           Time
          26000       52.00000

   Energies (kJ/mol)
           Bond          Angle Ryckaert-Bell.  Improper Dih.        LJ (SR)
    2.56781e+03    2.60066e+03    4.60477e+02    0.00000e+00   -9.03223e+03
   Coulomb (SR)   Coul. recip.      Potential    Kinetic En.   Total Energy
   -2.90369e+02    1.25532e+02   -3.56812e+03    6.94457e+03    3.37645e+03
  Conserved En.    Temperature Pressure (bar)
    6.71131e+03    2.93221e+02    1.26563e+02

           Step           Time
          27000       54.00000

   Energies (kJ/mol)
           Bond          Angle Ryckaert-Bell.  Improper Dih.        LJ (SR)
    2.48594e+03    2.49225e+03    3.78228e+02    0.00000e+00   -8.95981e+03
   Coulomb (SR)   Coul. recip.      Potential    Kinetic En.   Total Energy
   -2.71118e+02    1.22310e+02   -3.75220e+03    7.03073e+03    3.27854e+03
  Conserved En.    Temperature Pressure (bar)
    6.70087e+03    2.96859e+02   -1.84667e+02

           Step           Time
          28000       56.00000

   Energies (kJ/mol)
           Bond          Angle Ryckaert-Bell.  Improper Dih.        LJ (SR)
    2.53437e+03    2.58959e+03    3.78832e+02    0.00000e+00   -8.86609e+03
   Coulomb (SR)   Coul. recip.      Potential    Kinetic En.   Total Energy
   -2.89599e+02    1.31971e+02   -3.52093e+03    7.05879e+03    3.53786e+03
  Conserved En.    Temperature Pressure (bar)
    6.71133e+03    2.98043e+02    6.23752e+01

           Step           Time
          29000       58.00000

   Energies (kJ/mol)
           Bond          Angle Ryckaert-Bell.  Improper Dih.        LJ (SR)
    2.41076e+03    2.53613e+03    3.63709e+02    0.00000e+00   -8.93192e+03
   Coulomb (SR)   Coul. recip.      Potential    Kinetic En.   Total Energy
   -2.92371e+02    1.15304e+02   -3.79839e+03    6.92400e+03    3.12561e+03
  Conserved En.    Temperature Pressure (bar)
    6.70409e+03    2.92352e+02    5.54151e+01

           Step           Time
          30000       60.00000

   Energies (kJ/mol)
           Bond          Angle Ryckaert-Bell.  Improper Dih.        LJ (SR)
    2.51333e+03    2.59586e+03    3.91522e+02    0.00000e+00   -8.94952e+03
   Coulomb (SR)   Coul. recip.      Potential    Kinetic En.   Total Energy
   -2.96509e+02    1.25710e+02   -3.61960e+03    7.28878e+03    3.66918e+03
  Conserved En.    Temperature Pressure (bar)
    6.69495e+03    3.07754e+02   -3.98754e+02

           Step           Time
          31000       62.00000

   Energies (kJ/mol)
           Bond          Angle Ryckaert-Bell.  Improper Dih.        LJ (SR)
    2.39482e+03    2.58127e+03    3.58428e+02    0.00000e+00   -9.05582e+03
   Coulomb (SR)   Coul. recip.      Potential    Kinetic En.   Total Energy
   -3.17867e+02    1.13035e+02   -3.92612e+03    6.97585e+03    3.04972e+03
  Conserved En.    Temperature Pressure (bar)
    6.68672e+03    2.94541e+02   -2.60353e+02

           Step           Time
          32000       64.00000

   Energies (kJ/mol)
           Bond          Angle Ryckaert-Bell.  Improper Dih.        LJ (SR)
    2.60851e+03    2.55898e+03    4.44815e+02    0.00000e+00   -8.84331e+03
   Coulomb (SR)   Coul. recip.      Potential    Kinetic En.   Total Energy
   -3.07031e+02    1.23703e+02   -3.41433e+03    7.00004e+03    3.58571e+03
  Conserved En.    Temperature Pressure (bar)
    6.70001e+03    2.95563e+02   -8.01633e+02

           Step           Time
          33000       66.00000

   Energies (kJ/mol)
           Bond          Angle Ryckaert-Bell.  Improper Dih.        LJ (SR)
    2.37544e+03    2.58312e+03    4.07442e+02    0.00000e+00   -8.98857e+03
   Coulomb (SR)   Coul. recip.      Potential    Kinetic En.   Total Energy
   -2.97227e+02    1.12968e+02   -3.80684e+03    6.93949e+03    3.13265e+03
  Conserved En.    Temperature Pressure (bar)
    6.68027e+03    2.93006e+02   -1.48963e+03

           Step           Time
          34000       68.00000

   Energies (kJ/mol)
           Bond          Angle Ryckaert-Bell.  Improper Dih.        LJ (SR)
    2.48585e+03    2.65194e+03    3.89293e+02    0.00000e+00   -8.94495e+03
   Coulomb (SR)   Coul. recip.      Potential    Kinetic En.   Total Energy
   -3.04092e+02    1.28023e+02   -3.59394e+03    7.35356e+03    3.75961e+03
  Conserved En.    Temperature Pressure (bar)
    6.69333e+03    3.10490e+02   -9.57591e+02

           Step           Time
          35000       70.00000

   Energies (kJ/mol)
           Bond          Angle Ryckaert-Bell.  Improper Dih.        LJ (SR)
    2.57722e+03    2.70940e+03    3.81627e+02    0.00000e+00   -8.79122e+03
   Coulomb (SR)   Coul. recip.      Potential    Kinetic En.   Total Energy
   -3.09429e+02    1.15351e+02   -3.31706e+03    7.11220e+03    3.79514e+03
  Conserved En.    Temperature Pressure (bar)
    6.70332e+03    3.00299e+02   -9.52296e+02

           Step           Time
          36000       72.00000

   Energies (kJ/mol)
           Bond          Angle Ryckaert-Bell.  Improper Dih.        LJ (SR)
    2.60403e+03    2.54330e+03    4.07848e+02    0.00000e+00   -9.13167e+03
   Coulomb (SR)   Coul. recip.      Potential    Kinetic En.   Total Energy
   -2.95526e+02    1.28321e+02   -3.74370e+03    7.32951e+03    3.58581e+03
  Conserved En.    Temperature Pressure (bar)
    6.69540e+03    3.09474e+02    3.51991e+02

           Step           Time
          37000       74.00000

   Energies (kJ/mol)
           Bond          Angle Ryckaert-Bell.  Improper Dih.        LJ (SR)
    2.44115e+03    2.63269e+03    4.24175e+02    0.00000e+00   -8.97995e+03
   Coulomb (SR)   Coul. recip.      Potential    Kinetic En.   Total Energy
   -3.10251e+02    1.17686e+02   -3.67450e+03    7.31309e+03    3.63859e+03
  Conserved En.    Temperature Pressure (bar)
    6.67803e+03    3.08781e+02    2.30977e+02

           Step           Time
          38000       76.00000

   Energies (kJ/mol)
           Bond          Angle Ryckaert-Bell.  Improper Dih.        LJ (SR)
    2.36541e+03    2.44459e+03    4.16917e+02    0.00000e+00   -9.00593e+03
   Coulomb (SR)   Coul. recip.      Potential    Kinetic En.   Total Energy
   -2.94778e+02    1.10693e+02   -3.96310e+03    7.11769e+03    3.15459e+03
  Conserved En.    Temperature Pressure (bar)
    6.66694e+03    3.00531e+02   -5.37364e+02

           Step           Time
          39000       78.00000

   Energies (kJ/mol)
           Bond          Angle Ryckaert-Bell.  Improper Dih.        LJ (SR)
    2.50366e+03    2.49276e+03    3.94997e+02    0.00000e+00   -9.08295e+03
   Coulomb (SR)   Coul. recip.      Potential    Kinetic En.   Total Energy
   -3.01618e+02    1.09920e+02   -3.88323e+03    6.88541e+03    3.00219e+03
  Conserved En.    Temperature Pressure (bar)
    6.69022e+03    2.90723e+02   -7.91763e+02

           Step           Time
          40000       80.00000

   Energies (kJ/mol)
           Bond          Angle Ryckaert-Bell.  Improper Dih.        LJ (SR)
    2.44900e+03    2.67849e+03    4.10404e+02    0.00000e+00   -9.03186e+03
   Coulomb (SR)   Coul. recip.      Potential    Kinetic En.   Total Energy
   -2.99174e+02    1.12255e+02   -3.68088e+03    6.98845e+03    3.30757e+03
  Conserved En.    Temperature Pressure (bar)
    6.70502e+03    2.95074e+02   -7.06460e+02

           Step           Time
          41000       82.00000

   Energies (kJ/mol)
           Bond          Angle Ryckaert-Bell.  Improper Dih.        LJ (SR)
    2.43181e+03    2.49163e+03    4.43805e+02    0.00000e+00   -9.09102e+03
   Coulomb (SR)   Coul. recip.      Potential    Kinetic En.   Total Energy
   -3.07851e+02    1.16795e+02   -3.91482e+03    7.02365e+03    3.10882e+03
  Conserved En.    Temperature Pressure (bar)
    6.69146e+03    2.96560e+02   -4.63482e+02

           Step           Time
          42000       84.00000

   Energies (kJ/mol)
           Bond          Angle Ryckaert-Bell.  Improper Dih.        LJ (SR)
    2.50521e+03    2.58506e+03    4.17292e+02    0.00000e+00   -9.00659e+03
   Coulomb (SR)   Coul. recip.      Potential    Kinetic En.   Total Energy
   -3.29569e+02    1.21959e+02   -3.70664e+03    7.29882e+03    3.59218e+03
  Conserved En.    Temperature Pressure (bar)
    6.67858e+03    3.08179e+02   -2.74759e+02

           Step           Time
          43000       86.00000

   Energies (kJ/mol)
           Bond          Angle Ryckaert-Bell.  Improper Dih.        LJ (SR)
    2.38328e+03    2.66156e+03    3.66913e+02    0.00000e+00   -9.04220e+03
   Coulomb (SR)   Coul. recip.      Potential    Kinetic En.   Total Energy
   -2.98979e+02    1.23260e+02   -3.80616e+03    7.13849e+03    3.33233e+03
  Conserved En.    Temperature Pressure (bar)
    6.70021e+03    3.01409e+02    7.73259e+02

           Step           Time
          44000       88.00000

   Energies (kJ/mol)
           Bond          Angle Ryckaert-Bell.  Improper Dih.        LJ (SR)
    2.39327e+03    2.68201e+03    4.03528e+02    0.00000e+00   -9.08196e+03
   Coulomb (SR)   Coul. recip.      Potential    Kinetic En.   Total Energy
   -3.08988e+02    1.20085e+02   -3.79206e+03    7.43361e+03    3.64155e+03
  Conserved En.    Temperature Pressure (bar)
    6.67719e+03    3.13870e+02    5.23400e+02

           Step           Time
          45000       90.00000

   Energies (kJ/mol)
           Bond          Angle Ryckaert-Bell.  Improper Dih.        LJ (SR)
    2.48810e+03    2.61246e+03    4.01868e+02    0.00000e+00   -9.09907e+03
   Coulomb (SR)   Coul. recip.      Potential    Kinetic En.   Total Energy
   -3.03583e+02    1.12378e+02   -3.78785e+03    7.19131e+03    3.40346e+03
  Conserved En.    Temperature Pressure (bar)
    6.69286e+03    3.03639e+02    4.83503e+02

           Step           Time
          46000       92.00000

   Energies (kJ/mol)
           Bond          Angle Ryckaert-Bell.  Improper Dih.        LJ (SR)
    2.55541e+03    2.56976e+03    3.74508e+02    0.00000e+00   -9.15359e+03
   Coulomb (SR)   Coul. recip.      Potential    Kinetic En.   Total Energy
   -2.99538e+02    1.13345e+02   -3.84011e+03    7.17323e+03    3.33312e+03
  Conserved En.    Temperature Pressure (bar)
    6.70906e+03    3.02876e+02    2.97071e+02

           Step           Time
          47000       94.00000

   Energies (kJ/mol)
           Bond          Angle Ryckaert-Bell.  Improper Dih.        LJ (SR)
    2.54287e+03    2.62170e+03    3.84926e+02    0.00000e+00   -9.12880e+03
   Coulomb (SR)   Coul. recip.      Potential    Kinetic En.   Total Energy
   -2.98881e+02    1.06770e+02   -3.77142e+03    7.24584e+03    3.47442e+03
  Conserved En.    Temperature Pressure (bar)
    6.70757e+03    3.05942e+02   -8.59706e+02

           Step           Time
          48000       96.00000

   Energies (kJ/mol)
           Bond          Angle Ryckaert-Bell.  Improper Dih.        LJ (SR)
    2.45162e+03    2.35839e+03    3.48091e+02    0.00000e+00   -9.03877e+03
   Coulomb (SR)   Coul. recip.      Potential    Kinetic En.   Total Energy
   -3.09113e+02    1.24592e+02   -4.06519e+03    7.21315e+03    3.14796e+03
  Conserved En.    Temperature Pressure (bar)
    6.69186e+03    3.04561e+02    1.38384e+01

           Step           Time
          49000       98.00000

   Energies (kJ/mol)
           Bond          Angle Ryckaert-Bell.  Improper Dih.        LJ (SR)
    2.51167e+03    2.49105e+03    3.91356e+02    0.00000e+00   -9.19869e+03
   Coulomb (SR)   Coul. recip.      Potential    Kinetic En.   Total Energy
   -3.10087e+02    1.16817e+02   -3.99788e+03    7.25733e+03    3.25944e+03
  Conserved En.    Temperature Pressure (bar)
    6.67702e+03    3.06426e+02   -6.25159e+01

           Step           Time
          50000      100.00000

Writing checkpoint, step 50000 at Fri Nov 17 15:50:19 2023


   Energies (kJ/mol)
           Bond          Angle Ryckaert-Bell.  Improper Dih.        LJ (SR)
    2.56234e+03    2.65663e+03    3.69359e+02    0.00000e+00   -9.20892e+03
   Coulomb (SR)   Coul. recip.      Potential    Kinetic En.   Total Energy
   -3.12409e+02    1.19242e+02   -3.81376e+03    7.18419e+03    3.37043e+03
  Conserved En.    Temperature Pressure (bar)
    6.69925e+03    3.03338e+02    4.66345e+02


Energy conservation over simulation part #1 of length 100 ps, time 0 to 100 ps
  Conserved energy drift: 1.90e-03 kJ/mol/ps per atom


	<======  ###############  ==>
	<====  A V E R A G E S  ====>
	<==  ###############  ======>

	Statistics over 50001 steps using 501 frames

   Energies (kJ/mol)
           Bond          Angle Ryckaert-Bell.  Improper Dih.        LJ (SR)
    2.32822e+03    2.57560e+03    4.12454e+02    0.00000e+00   -8.76796e+03
   Coulomb (SR)   Coul. recip.      Potential    Kinetic En.   Total Energy
   -2.91471e+02    1.22450e+02   -3.62071e+03    7.12200e+03    3.50129e+03
  Conserved En.    Temperature Pressure (bar)
    6.68268e+03    3.00713e+02   -3.48924e+02

   Total Virial (kJ/mol)
    3.09010e+03   -6.67422e+01   -3.51351e+01
   -6.67422e+01    2.91642e+03    1.28987e+02
   -3.51358e+01    1.28988e+02    3.13270e+03

   Pressure (bar)
   -3.77219e+02    3.41267e+01    1.87030e+01
    3.41267e+01   -2.79198e+02   -6.31715e+01
    1.87034e+01   -6.31719e+01   -3.90355e+02


	M E G A - F L O P S   A C C O U N T I N G

 NB=Group-cutoff nonbonded kernels    NxN=N-by-N cluster Verlet kernels
 RF=Reaction-Field  VdW=Van der Waals  QSTab=quadratic-spline table
 W3=SPC/TIP3p  W4=TIP4p (single or pairs)
 V&F=Potential and force  V=Potential only  F=Force only

 Computing:                               M-Number         M-Flops  % Flops
-----------------------------------------------------------------------------
 Pair Search distance check             279.734248        2517.608     0.1
 NxN Ewald Elec. + LJ [F]             38591.435520     2547034.744    69.2
 NxN Ewald Elec. + LJ [V&F]             390.603792       41794.606     1.1
 NxN LJ [F]                            3199.825728      105594.249     2.9
 NxN LJ [V&F]                            32.385472        1392.575     0.0
 NxN Ewald Elec. [F]                    856.199520       52228.171     1.4
 NxN Ewald Elec. [V&F]                    8.666160         727.957     0.0
 Calc Weights                           285.005700       10260.205     0.3
 Spread Q Bspline                      6080.121600       12160.243     0.3
 Gather F Bspline                      6080.121600       36480.730     1.0
 3D-FFT                              102183.043620      817464.349    22.2
 Solve PME                               80.001600        5120.102     0.1
 Reset In Box                             0.951900           2.856     0.0
 CG-CoM                                   0.953800           2.861     0.0
 Bonds                                  100.002000        5900.118     0.2
 Angles                                 125.002500       21000.420     0.6
 Impropers                               80.001600       16640.333     0.5
 RB-Dihedrals                            20.000400        4940.099     0.1
 Virial                                   0.974445          17.540     0.0
 Stop-CM                                  0.953800           9.538     0.0
 Calc-Ekin                               19.003800         513.103     0.0
-----------------------------------------------------------------------------
 Total                                                 3681802.407   100.0
-----------------------------------------------------------------------------


    D O M A I N   D E C O M P O S I T I O N   S T A T I S T I C S

 av. #atoms communicated per step for force:  2 x 0.0


     R E A L   C Y C L E   A N D   T I M E   A C C O U N T I N G

On 1 MPI rank, each using 8 OpenMP threads

 Computing:          Num   Num      Call    Wall time         Giga-Cycles
                     Ranks Threads  Count      (s)         total sum    %
-----------------------------------------------------------------------------
 Domain decomp.         1    8        501       0.744         14.392   0.4
 Neighbor search        1    8        501       1.630         31.550   0.8
 Force                  1    8      50001      81.237       1572.233  39.7
 PME mesh               1    8      50001      90.452       1750.588  44.2
 NB X/F buffer ops.     1    8      99501      22.373        433.003  10.9
 Write traj.            1    8         11       0.112          2.164   0.1
 Update                 1    8      50001       6.390        123.663   3.1
 Rest                                           1.797         34.778   0.9
-----------------------------------------------------------------------------
 Total                                        204.735       3962.371 100.0
-----------------------------------------------------------------------------
 Breakdown of PME mesh computation
-----------------------------------------------------------------------------
 PME spread             1    8      50001      22.406        433.645  10.9
 PME gather             1    8      50001      23.154        448.113  11.3
 PME 3D-FFT             1    8     100002      39.711        768.563  19.4
 PME solve Elec         1    8      50001       2.623         50.756   1.3
-----------------------------------------------------------------------------

               Core t (s)   Wall t (s)        (%)
       Time:     1637.873      204.735      800.0
                 (ns/day)    (hour/ns)
Performance:       42.202        0.569
Finished mdrun on rank 0 Fri Nov 17 15:50:19 2023

