                      :-) GROMACS - gmx mdrun, 2023.3 (-:

Copyright 1991-2023 The GROMACS Authors.
GROMACS is free software; you can redistribute it and/or modify it
under the terms of the GNU Lesser General Public License
as published by the Free Software Foundation; either version 2.1
of the License, or (at your option) any later version.

                         Current GROMACS contributors:
       Mark Abraham           Andrey Alekseenko           Cathrine Bergh      
      Christian Blau            Eliane Briand             Mahesh Doijade      
    Stefan Fleischmann           Vytas Gapsys              Gaurav Garg        
      Sergey Gorelov         Gilles Gouaillardet            Alan Gray         
     M. Eric Irrgang         Farzaneh Jalalypour            Joe Jordan        
    Christoph Junghans        Prashanth Kanduri          Sebastian Keller     
     Carsten Kutzner           Justin A. Lemkul          Magnus Lundborg      
       Pascal Merz              Vedran Miletic            Dmitry Morozov      
       Szilard Pall             Roland Schulz             Michael Shirts      
     Alexey Shvetsov            Balint Soproni         David van der Spoel    
      Philip Turner             Carsten Uphoff           Alessandra Villa     
 Sebastian Wingbermuehle        Artem Zhmurov       

                         Previous GROMACS contributors:
        Emile Apol             Rossen Apostolov           James Barnett       
  Herman J.C. Berendsen          Par Bjelkmar           Viacheslav Bolnykh    
        Kevin Boyd            Aldert van Buuren          Carlo Camilloni      
     Rudi van Drunen            Anton Feenstra           Oliver Fleetwood     
     Gerrit Groenhof            Bert de Groot             Anca Hamuraru       
    Vincent Hindriksen          Victor Holanda           Aleksei Iupinov      
   Dimitrios Karkoulis           Peter Kasson             Sebastian Kehl      
        Jiri Kraus               Per Larsson              Viveca Lindahl      
      Erik Marklund           Pieter Meulenhoff           Teemu Murtola       
       Sander Pronk             Alfons Sijbers            Peter Tieleman      
       Jon Vincent             Teemu Virolainen         Christian Wennberg    
       Maarten Wolf       

                  Coordinated by the GROMACS project leaders:
                    Paul Bauer, Berk Hess, and Erik Lindahl

GROMACS:      gmx mdrun, version 2023.3
Executable:   /usr/local/gromacs/bin/gmx
Data prefix:  /usr/local/gromacs
Working dir:  /home/student/gromacs/zhmurov/5cb-tutorial/tmp/5CB_100_E
Process ID:   42496
Command line:
  gmx mdrun -deffnm em

GROMACS version:    2023.3
Precision:          mixed
Memory model:       64 bit
MPI library:        thread_mpi
OpenMP support:     enabled (GMX_OPENMP_MAX_THREADS = 128)
GPU support:        CUDA
NB cluster size:    8
SIMD instructions:  AVX2_256
CPU FFT library:    fftw-3.3.8-sse2-avx
GPU FFT library:    cuFFT
Multi-GPU FFT:      none
RDTSCP usage:       enabled
TNG support:        enabled
Hwloc support:      disabled
Tracing support:    disabled
C compiler:         /usr/bin/gcc-9 GNU 9.5.0
C compiler flags:   -fexcess-precision=fast -funroll-all-loops -mavx2 -mfma -Wno-missing-field-initializers -O3 -DNDEBUG
C++ compiler:       /usr/bin/g++-9 GNU 9.5.0
C++ compiler flags: -fexcess-precision=fast -funroll-all-loops -mavx2 -mfma -Wno-missing-field-initializers -Wno-cast-function-type-strict -fopenmp -O3 -DNDEBUG
BLAS library:       
LAPACK library:     
CUDA compiler:      /usr/bin/nvcc nvcc: NVIDIA (R) Cuda compiler driver;Copyright (c) 2005-2021 NVIDIA Corporation;Built on Thu_Nov_18_09:45:30_PST_2021;Cuda compilation tools, release 11.5, V11.5.119;Build cuda_11.5.r11.5/compiler.30672275_0
CUDA compiler flags:-std=c++17;;-D_FORCE_INLINES;-fexcess-precision=fast -funroll-all-loops -mavx2 -mfma -Wno-missing-field-initializers -Wno-cast-function-type-strict -fopenmp -O3 -DNDEBUG
CUDA driver:        12.20
CUDA runtime:       11.50


Running on 1 node with total 8 cores, 16 processing units, 1 compatible GPU
Hardware detected on host ad02-ws-5cf205:
  CPU info:
    Vendor: Intel
    Brand:  11th Gen Intel(R) Core(TM) i7-11700K @ 3.60GHz
    Family: 6   Model: 167   Stepping: 1
    Features: aes apic avx avx2 avx512f avx512cd avx512bw avx512vl avx512secondFMA clfsh cmov cx8 cx16 f16c fma htt intel lahf mmx msr nonstop_tsc pcid pclmuldq pdcm pdpe1gb popcnt pse rdrnd rdtscp sha sse2 sse3 sse4.1 sse4.2 ssse3 tdt x2apic
    Number of AVX-512 FMA units: 1 (For Intel, AVX2 is faster w/o 2 AVX-512 FMA units)
  Hardware topology: Basic
    Packages, cores, and logical processors:
    [indices refer to OS logical processors]
      Package  0: [   0   8] [   1   9] [   2  10] [   3  11] [   4  12] [   5  13] [   6  14] [   7  15]
    CPU limit set by OS: -1   Recommended max number of threads: 16
  GPU info:
    Number of GPUs detected: 1
    #0: NVIDIA NVIDIA GeForce RTX 3070, compute cap.: 8.6, ECC:  no, stat: compatible


++++ PLEASE READ AND CITE THE FOLLOWING REFERENCE ++++
M. J. Abraham, T. Murtola, R. Schulz, S. Páll, J. C. Smith, B. Hess, E.
Lindahl
GROMACS: High performance molecular simulations through multi-level
parallelism from laptops to supercomputers
SoftwareX 1 (2015) pp. 19-25
-------- -------- --- Thank You --- -------- --------


++++ PLEASE READ AND CITE THE FOLLOWING REFERENCE ++++
S. Páll, M. J. Abraham, C. Kutzner, B. Hess, E. Lindahl
Tackling Exascale Software Challenges in Molecular Dynamics Simulations with
GROMACS
In S. Markidis & E. Laure (Eds.), Solving Software Challenges for Exascale 8759 (2015) pp. 3-27
-------- -------- --- Thank You --- -------- --------


++++ PLEASE READ AND CITE THE FOLLOWING REFERENCE ++++
S. Pronk, S. Páll, R. Schulz, P. Larsson, P. Bjelkmar, R. Apostolov, M. R.
Shirts, J. C. Smith, P. M. Kasson, D. van der Spoel, B. Hess, and E. Lindahl
GROMACS 4.5: a high-throughput and highly parallel open source molecular
simulation toolkit
Bioinformatics 29 (2013) pp. 845-54
-------- -------- --- Thank You --- -------- --------


++++ PLEASE READ AND CITE THE FOLLOWING REFERENCE ++++
B. Hess and C. Kutzner and D. van der Spoel and E. Lindahl
GROMACS 4: Algorithms for highly efficient, load-balanced, and scalable
molecular simulation
J. Chem. Theory Comput. 4 (2008) pp. 435-447
-------- -------- --- Thank You --- -------- --------


++++ PLEASE READ AND CITE THE FOLLOWING REFERENCE ++++
D. van der Spoel, E. Lindahl, B. Hess, G. Groenhof, A. E. Mark and H. J. C.
Berendsen
GROMACS: Fast, Flexible and Free
J. Comp. Chem. 26 (2005) pp. 1701-1719
-------- -------- --- Thank You --- -------- --------


++++ PLEASE READ AND CITE THE FOLLOWING REFERENCE ++++
E. Lindahl and B. Hess and D. van der Spoel
GROMACS 3.0: A package for molecular simulation and trajectory analysis
J. Mol. Mod. 7 (2001) pp. 306-317
-------- -------- --- Thank You --- -------- --------


++++ PLEASE READ AND CITE THE FOLLOWING REFERENCE ++++
H. J. C. Berendsen, D. van der Spoel and R. van Drunen
GROMACS: A message-passing parallel molecular dynamics implementation
Comp. Phys. Comm. 91 (1995) pp. 43-56
-------- -------- --- Thank You --- -------- --------


++++ PLEASE CITE THE DOI FOR THIS VERSION OF GROMACS ++++
https://doi.org/10.5281/zenodo.10017686
-------- -------- --- Thank You --- -------- --------

Input Parameters:
   integrator                     = steep
   tinit                          = 0
   dt                             = 0.001
   nsteps                         = -1
   init-step                      = 0
   simulation-part                = 1
   mts                            = false
   comm-mode                      = Linear
   nstcomm                        = 100
   bd-fric                        = 0
   ld-seed                        = 2004646899
   emtol                          = 1000
   emstep                         = 0.01
   niter                          = 20
   fcstep                         = 0
   nstcgsteep                     = 1000
   nbfgscorr                      = 10
   rtpi                           = 0.05
   nstxout                        = 0
   nstvout                        = 0
   nstfout                        = 0
   nstlog                         = 1000
   nstcalcenergy                  = 100
   nstenergy                      = 500
   nstxout-compressed             = 500
   compressed-x-precision         = 1000
   cutoff-scheme                  = Verlet
   nstlist                        = 10
   pbc                            = xyz
   periodic-molecules             = false
   verlet-buffer-tolerance        = 0.005
   rlist                          = 1.47
   coulombtype                    = Cut-off
   coulomb-modifier               = Potential-shift
   rcoulomb-switch                = 0
   rcoulomb                       = 1.4
   epsilon-r                      = 1
   epsilon-rf                     = inf
   vdw-type                       = Cut-off
   vdw-modifier                   = Potential-shift
   rvdw-switch                    = 0
   rvdw                           = 1.4
   DispCorr                       = No
   table-extension                = 1
   fourierspacing                 = 0.12
   fourier-nx                     = 0
   fourier-ny                     = 0
   fourier-nz                     = 0
   pme-order                      = 4
   ewald-rtol                     = 1e-05
   ewald-rtol-lj                  = 0.001
   lj-pme-comb-rule               = Geometric
   ewald-geometry                 = 3d
   epsilon-surface                = 0
   ensemble-temperature-setting   = not available
   ensemble-temperature           = -1
   tcoupl                         = No
   nsttcouple                     = -1
   nh-chain-length                = 0
   print-nose-hoover-chain-variables = false
   pcoupl                         = No
   pcoupltype                     = Isotropic
   nstpcouple                     = -1
   tau-p                          = 1
   compressibility (3x3):
      compressibility[    0]={ 0.00000e+00,  0.00000e+00,  0.00000e+00}
      compressibility[    1]={ 0.00000e+00,  0.00000e+00,  0.00000e+00}
      compressibility[    2]={ 0.00000e+00,  0.00000e+00,  0.00000e+00}
   ref-p (3x3):
      ref-p[    0]={ 0.00000e+00,  0.00000e+00,  0.00000e+00}
      ref-p[    1]={ 0.00000e+00,  0.00000e+00,  0.00000e+00}
      ref-p[    2]={ 0.00000e+00,  0.00000e+00,  0.00000e+00}
   refcoord-scaling               = No
   posres-com (3):
      posres-com[0]= 0.00000e+00
      posres-com[1]= 0.00000e+00
      posres-com[2]= 0.00000e+00
   posres-comB (3):
      posres-comB[0]= 0.00000e+00
      posres-comB[1]= 0.00000e+00
      posres-comB[2]= 0.00000e+00
   QMMM                           = false
qm-opts:
   ngQM                           = 0
   constraint-algorithm           = Lincs
   continuation                   = false
   Shake-SOR                      = false
   shake-tol                      = 0.0001
   lincs-order                    = 4
   lincs-iter                     = 1
   lincs-warnangle                = 90
   nwall                          = 0
   wall-type                      = 9-3
   wall-r-linpot                  = -1
   wall-atomtype[0]               = -1
   wall-atomtype[1]               = -1
   wall-density[0]                = 0
   wall-density[1]                = 0
   wall-ewald-zfac                = 3
   pull                           = false
   awh                            = false
   rotation                       = false
   interactiveMD                  = false
   disre                          = No
   disre-weighting                = Conservative
   disre-mixed                    = false
   dr-fc                          = 1000
   dr-tau                         = 0
   nstdisreout                    = 100
   orire-fc                       = 0
   orire-tau                      = 0
   nstorireout                    = 100
   free-energy                    = no
   cos-acceleration               = 0
   deform (3x3):
      deform[    0]={ 0.00000e+00,  0.00000e+00,  0.00000e+00}
      deform[    1]={ 0.00000e+00,  0.00000e+00,  0.00000e+00}
      deform[    2]={ 0.00000e+00,  0.00000e+00,  0.00000e+00}
   simulated-tempering            = false
   swapcoords                     = no
   userint1                       = 0
   userint2                       = 0
   userint3                       = 0
   userint4                       = 0
   userreal1                      = 0
   userreal2                      = 0
   userreal3                      = 0
   userreal4                      = 0
   applied-forces:
     electric-field:
       x:
         E0                       = 0
         omega                    = 0
         t0                       = 0
         sigma                    = 0
       y:
         E0                       = 0
         omega                    = 0
         t0                       = 0
         sigma                    = 0
       z:
         E0                       = 0
         omega                    = 0
         t0                       = 0
         sigma                    = 0
     density-guided-simulation:
       active                     = false
       group                      = protein
       similarity-measure         = inner-product
       atom-spreading-weight      = unity
       force-constant             = 1e+09
       gaussian-transform-spreading-width = 0.2
       gaussian-transform-spreading-range-in-multiples-of-width = 4
       reference-density-filename = reference.mrc
       nst                        = 1
       normalize-densities        = true
       adaptive-force-scaling     = false
       adaptive-force-scaling-time-constant = 4
       shift-vector               = 
       transformation-matrix      = 
     qmmm-cp2k:
       active                     = false
       qmgroup                    = System
       qmmethod                   = PBE
       qmfilenames                = 
       qmcharge                   = 0
       qmmultiplicity             = 1
grpopts:
   nrdf:        3697
   ref-t:           0
   tau-t:           0
annealing:          No
annealing-npoints:           0
   acc:	           0           0           0
   nfreeze:           N           N           N
   energygrp-flags[  0]: 0

Update groups can not be used for this system because there are three or more consecutively coupled constraints

Update task can not run on the GPU, because the following condition(s) were not satisfied:

Only the md integrator is supported.

1 GPU selected for this run.
Mapping of GPU IDs to the 1 GPU task in the 1 rank on this node:
  PP:0
PP tasks will do (non-perturbed) short-ranged interactions on the GPU
PP task will update and constrain coordinates on the CPU
Using 1 MPI thread
Using 16 OpenMP threads 

System total charge: 0.000
Potential shift: LJ r^-12: -1.764e-02 r^-6: -1.328e-01, Coulomb -7e-01


Using GPU 8x8 nonbonded short-range kernels

Using a 8x8 pair-list setup:
  updated every 10 steps, buffer 0.070 nm, rlist 1.470 nm

Using Lorentz-Berthelot Lennard-Jones combination rule
Removing pbc first time

Pinning threads with an auto-selected logical cpu stride of 1

Initializing LINear Constraint Solver

++++ PLEASE READ AND CITE THE FOLLOWING REFERENCE ++++
B. Hess and H. Bekker and H. J. C. Berendsen and J. G. E. M. Fraaije
LINCS: A Linear Constraint Solver for molecular simulations
J. Comp. Chem. 18 (1997) pp. 1463-1472
-------- -------- --- Thank You --- -------- --------

The number of constraints is 2000

Note that activating steepest-descent energy minimization via the integrator .mdp option and the command gmx mdrun may be available in a different form in a future version of GROMACS, e.g. gmx minimize and an .mdp option.
Initiating Steepest Descents
Started Steepest Descents on rank 0 Fri Nov 17 19:50:09 2023


Steepest Descents:
   Tolerance (Fmax)   =  1.00000e+03
   Number of steps    =           -1
           Step           Time
              0        0.00000

   Energies (kJ/mol)
          Angle Ryckaert-Bell.  Improper Dih.        LJ (SR)   Coulomb (SR)
    7.69680e+03    1.07833e+02    0.00000e+00    4.46395e+05    2.32823e+02
      Potential Pressure (bar)   Constr. rmsd
    4.54433e+05    7.56380e+05    7.73028e-04

           Step           Time
              1        1.00000

   Energies (kJ/mol)
          Angle Ryckaert-Bell.  Improper Dih.        LJ (SR)   Coulomb (SR)
    7.99900e+03    1.08162e+02    0.00000e+00    3.94868e+05    2.32724e+02
      Potential Pressure (bar)   Constr. rmsd
    4.03208e+05    6.40145e+05    5.17334e-05

           Step           Time
              2        2.00000

   Energies (kJ/mol)
          Angle Ryckaert-Bell.  Improper Dih.        LJ (SR)   Coulomb (SR)
    8.04889e+03    1.08073e+02    0.00000e+00    3.66602e+05    2.32677e+02
      Potential Pressure (bar)   Constr. rmsd
    3.74992e+05    5.88517e+05    4.89045e-06

           Step           Time
              3        3.00000

   Energies (kJ/mol)
          Angle Ryckaert-Bell.  Improper Dih.        LJ (SR)   Coulomb (SR)
    8.23451e+03    1.09288e+02    0.00000e+00    3.07422e+05    2.32252e+02
      Potential Pressure (bar)   Constr. rmsd
    3.15998e+05    4.90341e+05    2.23076e-05

           Step           Time
              4        4.00000

   Energies (kJ/mol)
          Angle Ryckaert-Bell.  Improper Dih.        LJ (SR)   Coulomb (SR)
    9.77260e+03    1.31867e+02    0.00000e+00    1.99762e+05    2.30581e+02
      Potential Pressure (bar)   Constr. rmsd
    2.09897e+05    3.12342e+05    6.84641e-05

           Step           Time
              5        5.00000

   Energies (kJ/mol)
          Angle Ryckaert-Bell.  Improper Dih.        LJ (SR)   Coulomb (SR)
    1.46717e+04    2.18335e+02    0.00000e+00    1.15969e+05    2.28272e+02
      Potential Pressure (bar)   Constr. rmsd
    1.31088e+05    1.75964e+05    1.61223e-04

           Step           Time
              6        6.00000

   Energies (kJ/mol)
          Angle Ryckaert-Bell.  Improper Dih.        LJ (SR)   Coulomb (SR)
    1.81347e+04    3.34927e+02    0.00000e+00    7.32886e+04    2.28221e+02
      Potential Pressure (bar)   Constr. rmsd
    9.19865e+04    1.09689e+05    1.46253e-04

           Step           Time
              7        7.00000

   Energies (kJ/mol)
          Angle Ryckaert-Bell.  Improper Dih.        LJ (SR)   Coulomb (SR)
    1.68256e+04    4.34902e+02    0.00000e+00    5.14774e+04    2.28704e+02
      Potential Pressure (bar)   Constr. rmsd
    6.89666e+04    7.73047e+04    1.81624e-04

           Step           Time
              8        8.00000

   Energies (kJ/mol)
          Angle Ryckaert-Bell.  Improper Dih.        LJ (SR)   Coulomb (SR)
    1.56394e+04    4.65711e+02    0.00000e+00    4.54563e+04    2.28611e+02
      Potential Pressure (bar)   Constr. rmsd
    6.17900e+04    6.91142e+04    6.14814e-05

           Step           Time
              9        9.00000

   Energies (kJ/mol)
          Angle Ryckaert-Bell.  Improper Dih.        LJ (SR)   Coulomb (SR)
    1.30828e+04    5.53342e+02    0.00000e+00    3.55761e+04    2.27942e+02
      Potential Pressure (bar)   Constr. rmsd
    4.94402e+04    5.64046e+04    2.37625e-04

           Step           Time
             10       10.00000

   Energies (kJ/mol)
          Angle Ryckaert-Bell.  Improper Dih.        LJ (SR)   Coulomb (SR)
    1.23804e+04    5.71453e+02    0.00000e+00    3.17866e+04    2.27755e+02
      Potential Pressure (bar)   Constr. rmsd
    4.49663e+04    5.13287e+04    9.61741e-05

           Step           Time
             11       11.00000

   Energies (kJ/mol)
          Angle Ryckaert-Bell.  Improper Dih.        LJ (SR)   Coulomb (SR)
    8.50334e+03    7.33539e+02    0.00000e+00    1.85436e+04    2.25987e+02
      Potential Pressure (bar)   Constr. rmsd
    2.80065e+04    3.76217e+04    6.06636e-04

           Step           Time
             12       12.00000

   Energies (kJ/mol)
          Angle Ryckaert-Bell.  Improper Dih.        LJ (SR)   Coulomb (SR)
    8.33979e+03    7.22374e+02    0.00000e+00    1.53809e+04    2.27034e+02
      Potential Pressure (bar)   Constr. rmsd
    2.46701e+04    3.40610e+04    5.93161e-04

           Step           Time
             13       13.00000

           Step           Time
             14       14.00000

   Energies (kJ/mol)
          Angle Ryckaert-Bell.  Improper Dih.        LJ (SR)   Coulomb (SR)
    6.74380e+03    7.29333e+02    0.00000e+00    1.42361e+04    2.26717e+02
      Potential Pressure (bar)   Constr. rmsd
    2.19360e+04    3.27608e+04    6.07360e-04

           Step           Time
             15       15.00000

   Energies (kJ/mol)
          Angle Ryckaert-Bell.  Improper Dih.        LJ (SR)   Coulomb (SR)
    9.99417e+03    7.45509e+02    0.00000e+00    1.08453e+04    2.29400e+02
      Potential Pressure (bar)   Constr. rmsd
    2.18144e+04    3.10827e+04    2.57930e-03

           Step           Time
             16       16.00000

   Energies (kJ/mol)
          Angle Ryckaert-Bell.  Improper Dih.        LJ (SR)   Coulomb (SR)
    5.27214e+03    7.47721e+02    0.00000e+00    1.04640e+04    2.27793e+02
      Potential Pressure (bar)   Constr. rmsd
    1.67117e+04    2.94743e+04    2.63270e-03

           Step           Time
             17       17.00000

           Step           Time
             18       18.00000

           Step           Time
             19       19.00000

   Energies (kJ/mol)
          Angle Ryckaert-Bell.  Improper Dih.        LJ (SR)   Coulomb (SR)
    4.96385e+03    7.40839e+02    0.00000e+00    9.52773e+03    2.28720e+02
      Potential Pressure (bar)   Constr. rmsd
    1.54611e+04    2.78443e+04    2.46710e-04

           Step           Time
             20       20.00000

   Energies (kJ/mol)
          Angle Ryckaert-Bell.  Improper Dih.        LJ (SR)   Coulomb (SR)
    4.70902e+03    7.34380e+02    0.00000e+00    8.78479e+03    2.28542e+02
      Potential Pressure (bar)   Constr. rmsd
    1.44567e+04    2.73314e+04    2.43569e-04

           Step           Time
             21       21.00000

   Energies (kJ/mol)
          Angle Ryckaert-Bell.  Improper Dih.        LJ (SR)   Coulomb (SR)
    5.52034e+03    7.32195e+02    0.00000e+00    7.69039e+03    2.29630e+02
      Potential Pressure (bar)   Constr. rmsd
    1.41725e+04    2.62415e+04    6.14660e-04

           Step           Time
             22       22.00000

   Energies (kJ/mol)
          Angle Ryckaert-Bell.  Improper Dih.        LJ (SR)   Coulomb (SR)
    4.18000e+03    7.27382e+02    0.00000e+00    7.41455e+03    2.28853e+02
      Potential Pressure (bar)   Constr. rmsd
    1.25508e+04    2.56367e+04    5.67108e-04

           Step           Time
             23       23.00000

           Step           Time
             24       24.00000

   Energies (kJ/mol)
          Angle Ryckaert-Bell.  Improper Dih.        LJ (SR)   Coulomb (SR)
    4.57983e+03    7.22539e+02    0.00000e+00    6.58397e+03    2.29835e+02
      Potential Pressure (bar)   Constr. rmsd
    1.21162e+04    2.46998e+04    3.66951e-04

           Step           Time
             25       25.00000

   Energies (kJ/mol)
          Angle Ryckaert-Bell.  Improper Dih.        LJ (SR)   Coulomb (SR)
    3.75140e+03    7.19089e+02    0.00000e+00    6.31386e+03    2.29101e+02
      Potential Pressure (bar)   Constr. rmsd
    1.10135e+04    2.42217e+04    3.24630e-04

           Step           Time
             26       26.00000

           Step           Time
             27       27.00000

   Energies (kJ/mol)
          Angle Ryckaert-Bell.  Improper Dih.        LJ (SR)   Coulomb (SR)
    3.74679e+03    7.14788e+02    0.00000e+00    5.72787e+03    2.29764e+02
      Potential Pressure (bar)   Constr. rmsd
    1.04192e+04    2.34088e+04    1.65961e-04

           Step           Time
             28       28.00000

   Energies (kJ/mol)
          Angle Ryckaert-Bell.  Improper Dih.        LJ (SR)   Coulomb (SR)
    3.55187e+03    7.10759e+02    0.00000e+00    5.37986e+03    2.29149e+02
      Potential Pressure (bar)   Constr. rmsd
    9.87164e+03    2.30856e+04    1.94565e-04

           Step           Time
             29       29.00000

           Step           Time
             30       30.00000

   Energies (kJ/mol)
          Angle Ryckaert-Bell.  Improper Dih.        LJ (SR)   Coulomb (SR)
    3.20903e+03    7.08005e+02    0.00000e+00    5.02764e+03    2.29597e+02
      Potential Pressure (bar)   Constr. rmsd
    9.17428e+03    2.24079e+04    8.56367e-05

           Step           Time
             31       31.00000

   Energies (kJ/mol)
          Angle Ryckaert-Bell.  Improper Dih.        LJ (SR)   Coulomb (SR)
    3.37023e+03    7.00062e+02    0.00000e+00    4.30168e+03    2.29061e+02
      Potential Pressure (bar)   Constr. rmsd
    8.60103e+03    2.17643e+04    1.23096e-04

           Step           Time
             32       32.00000

   Energies (kJ/mol)
          Angle Ryckaert-Bell.  Improper Dih.        LJ (SR)   Coulomb (SR)
    3.15003e+03    6.97185e+02    0.00000e+00    3.91022e+03    2.29684e+02
      Potential Pressure (bar)   Constr. rmsd
    7.98713e+03    2.10746e+04    1.96744e-04

           Step           Time
             33       33.00000

           Step           Time
             34       34.00000

   Energies (kJ/mol)
          Angle Ryckaert-Bell.  Improper Dih.        LJ (SR)   Coulomb (SR)
    2.77405e+03    6.95470e+02    0.00000e+00    3.72321e+03    2.29246e+02
      Potential Pressure (bar)   Constr. rmsd
    7.42197e+03    2.07206e+04    7.22931e-05

           Step           Time
             35       35.00000

   Energies (kJ/mol)
          Angle Ryckaert-Bell.  Improper Dih.        LJ (SR)   Coulomb (SR)
    3.03460e+03    6.86550e+02    0.00000e+00    3.03554e+03    2.29604e+02
      Potential Pressure (bar)   Constr. rmsd
    6.98630e+03    1.99508e+04    9.82837e-05

           Step           Time
             36       36.00000

   Energies (kJ/mol)
          Angle Ryckaert-Bell.  Improper Dih.        LJ (SR)   Coulomb (SR)
    2.71283e+03    6.86404e+02    0.00000e+00    2.83207e+03    2.28854e+02
      Potential Pressure (bar)   Constr. rmsd
    6.46016e+03    1.96438e+04    1.66411e-04

           Step           Time
             37       37.00000

           Step           Time
             38       38.00000

   Energies (kJ/mol)
          Angle Ryckaert-Bell.  Improper Dih.        LJ (SR)   Coulomb (SR)
    2.48435e+03    6.83277e+02    0.00000e+00    2.61347e+03    2.29212e+02
      Potential Pressure (bar)   Constr. rmsd
    6.01031e+03    1.91957e+04    6.34280e-05

           Step           Time
             39       39.00000

   Energies (kJ/mol)
          Angle Ryckaert-Bell.  Improper Dih.        LJ (SR)   Coulomb (SR)
    2.72428e+03    6.79409e+02    0.00000e+00    2.18639e+03    2.28492e+02
      Potential Pressure (bar)   Constr. rmsd
    5.81857e+03    1.88232e+04    1.01406e-04

           Step           Time
             40       40.00000

   Energies (kJ/mol)
          Angle Ryckaert-Bell.  Improper Dih.        LJ (SR)   Coulomb (SR)
    2.43033e+03    6.75887e+02    0.00000e+00    1.97514e+03    2.29046e+02
      Potential Pressure (bar)   Constr. rmsd
    5.31040e+03    1.83693e+04    1.34807e-04

           Step           Time
             41       41.00000

           Step           Time
             42       42.00000

   Energies (kJ/mol)
          Angle Ryckaert-Bell.  Improper Dih.        LJ (SR)   Coulomb (SR)
    2.23084e+03    6.74916e+02    0.00000e+00    1.81470e+03    2.28544e+02
      Potential Pressure (bar)   Constr. rmsd
    4.94900e+03    1.80824e+04    5.22701e-05

           Step           Time
             43       43.00000

   Energies (kJ/mol)
          Angle Ryckaert-Bell.  Improper Dih.        LJ (SR)   Coulomb (SR)
    2.37517e+03    6.68732e+02    0.00000e+00    1.45438e+03    2.28822e+02
      Potential Pressure (bar)   Constr. rmsd
    4.72710e+03    1.76511e+04    7.02304e-05

           Step           Time
             44       44.00000

   Energies (kJ/mol)
          Angle Ryckaert-Bell.  Improper Dih.        LJ (SR)   Coulomb (SR)
    2.17203e+03    6.68414e+02    0.00000e+00    1.28746e+03    2.28105e+02
      Potential Pressure (bar)   Constr. rmsd
    4.35602e+03    1.73794e+04    9.66693e-05

           Step           Time
             45       45.00000

           Step           Time
             46       46.00000

   Energies (kJ/mol)
          Angle Ryckaert-Bell.  Improper Dih.        LJ (SR)   Coulomb (SR)
    2.02783e+03    6.65559e+02    0.00000e+00    1.15037e+03    2.28370e+02
      Potential Pressure (bar)   Constr. rmsd
    4.07213e+03    1.71001e+04    3.64069e-05

           Step           Time
             47       47.00000

   Energies (kJ/mol)
          Angle Ryckaert-Bell.  Improper Dih.        LJ (SR)   Coulomb (SR)
    2.06369e+03    6.62322e+02    0.00000e+00    8.66438e+02    2.27781e+02
      Potential Pressure (bar)   Constr. rmsd
    3.82023e+03    1.67509e+04    4.70460e-05

           Step           Time
             48       48.00000

   Energies (kJ/mol)
          Angle Ryckaert-Bell.  Improper Dih.        LJ (SR)   Coulomb (SR)
    1.98113e+03    6.58796e+02    0.00000e+00    7.17927e+02    2.28140e+02
      Potential Pressure (bar)   Constr. rmsd
    3.58600e+03    1.65023e+04    6.01127e-05

           Step           Time
             49       49.00000

   Energies (kJ/mol)
          Angle Ryckaert-Bell.  Improper Dih.        LJ (SR)   Coulomb (SR)
    2.02691e+03    6.57021e+02    0.00000e+00    5.16900e+02    2.27416e+02
      Potential Pressure (bar)   Constr. rmsd
    3.42825e+03    1.62718e+04    7.95412e-05

           Step           Time
             50       50.00000

   Energies (kJ/mol)
          Angle Ryckaert-Bell.  Improper Dih.        LJ (SR)   Coulomb (SR)
    2.00230e+03    6.52866e+02    0.00000e+00    3.74993e+02    2.27936e+02
      Potential Pressure (bar)   Constr. rmsd
    3.25809e+03    1.60545e+04    1.13136e-04

           Step           Time
             51       51.00000

   Energies (kJ/mol)
          Angle Ryckaert-Bell.  Improper Dih.        LJ (SR)   Coulomb (SR)
    2.05393e+03    6.51661e+02    0.00000e+00    1.92882e+02    2.26997e+02
      Potential Pressure (bar)   Constr. rmsd
    3.12547e+03    1.58507e+04    1.55280e-04

           Step           Time
             52       52.00000

   Energies (kJ/mol)
          Angle Ryckaert-Bell.  Improper Dih.        LJ (SR)   Coulomb (SR)
    2.12173e+03    6.46911e+02    0.00000e+00    6.89252e+01    2.27758e+02
      Potential Pressure (bar)   Constr. rmsd
    3.06533e+03    1.57009e+04    2.28523e-04

           Step           Time
             53       53.00000

   Energies (kJ/mol)
          Angle Ryckaert-Bell.  Improper Dih.        LJ (SR)   Coulomb (SR)
    2.17301e+03    6.46258e+02    0.00000e+00   -1.09178e+02    2.26524e+02
      Potential Pressure (bar)   Constr. rmsd
    2.93662e+03    1.55048e+04    3.19948e-04

           Step           Time
             54       54.00000

           Step           Time
             55       55.00000

   Energies (kJ/mol)
          Angle Ryckaert-Bell.  Improper Dih.        LJ (SR)   Coulomb (SR)
    1.65970e+03    6.43552e+02    0.00000e+00   -1.75570e+02    2.27052e+02
      Potential Pressure (bar)   Constr. rmsd
    2.35473e+03    1.51320e+04    1.05093e-04

           Step           Time
             56       56.00000

   Energies (kJ/mol)
          Angle Ryckaert-Bell.  Improper Dih.        LJ (SR)   Coulomb (SR)
    2.10562e+03    6.31346e+02    0.00000e+00   -7.25016e+02    2.25698e+02
      Potential Pressure (bar)   Constr. rmsd
    2.23765e+03    1.45541e+04    1.48053e-04

           Step           Time
             57       57.00000

   Energies (kJ/mol)
          Angle Ryckaert-Bell.  Improper Dih.        LJ (SR)   Coulomb (SR)
    1.60155e+03    6.28243e+02    0.00000e+00   -7.77223e+02    2.26425e+02
      Potential Pressure (bar)   Constr. rmsd
    1.67900e+03    1.42645e+04    2.18903e-04

           Step           Time
             58       58.00000

           Step           Time
             59       59.00000

   Energies (kJ/mol)
          Angle Ryckaert-Bell.  Improper Dih.        LJ (SR)   Coulomb (SR)
    1.58838e+03    6.26153e+02    0.00000e+00   -9.11526e+02    2.25718e+02
      Potential Pressure (bar)   Constr. rmsd
    1.52872e+03    1.40544e+04    8.42361e-05

           Step           Time
             60       60.00000

   Energies (kJ/mol)
          Angle Ryckaert-Bell.  Improper Dih.        LJ (SR)   Coulomb (SR)
    1.63711e+03    6.21563e+02    0.00000e+00   -1.01162e+03    2.26150e+02
      Potential Pressure (bar)   Constr. rmsd
    1.47320e+03    1.39310e+04    1.12854e-04

           Step           Time
             61       61.00000

   Energies (kJ/mol)
          Angle Ryckaert-Bell.  Improper Dih.        LJ (SR)   Coulomb (SR)
    1.62681e+03    6.19740e+02    0.00000e+00   -1.14533e+03    2.25236e+02
      Potential Pressure (bar)   Constr. rmsd
    1.32646e+03    1.37469e+04    1.60201e-04

           Step           Time
             62       62.00000

           Step           Time
             63       63.00000

   Energies (kJ/mol)
          Angle Ryckaert-Bell.  Improper Dih.        LJ (SR)   Coulomb (SR)
    1.41722e+03    6.17339e+02    0.00000e+00   -1.19203e+03    2.25561e+02
      Potential Pressure (bar)   Constr. rmsd
    1.06809e+03    1.35665e+04    5.59099e-05

           Step           Time
             64       64.00000

   Energies (kJ/mol)
          Angle Ryckaert-Bell.  Improper Dih.        LJ (SR)   Coulomb (SR)
    1.61739e+03    6.08509e+02    0.00000e+00   -1.51031e+03    2.24520e+02
      Potential Pressure (bar)   Constr. rmsd
    9.40111e+02    1.31864e+04    8.93437e-05

           Step           Time
             65       65.00000

   Energies (kJ/mol)
          Angle Ryckaert-Bell.  Improper Dih.        LJ (SR)   Coulomb (SR)
    1.37354e+03    6.05841e+02    0.00000e+00   -1.54962e+03    2.24995e+02
      Potential Pressure (bar)   Constr. rmsd
    6.54758e+02    1.30291e+04    1.11077e-04

           Step           Time
             66       66.00000

           Step           Time
             67       67.00000

   Energies (kJ/mol)
          Angle Ryckaert-Bell.  Improper Dih.        LJ (SR)   Coulomb (SR)
    1.36674e+03    6.03478e+02    0.00000e+00   -1.65479e+03    2.24454e+02
      Potential Pressure (bar)   Constr. rmsd
    5.39889e+02    1.28657e+04    4.67646e-05

           Step           Time
             68       68.00000

   Energies (kJ/mol)
          Angle Ryckaert-Bell.  Improper Dih.        LJ (SR)   Coulomb (SR)
    1.37767e+03    5.99424e+02    0.00000e+00   -1.73912e+03    2.24685e+02
      Potential Pressure (bar)   Constr. rmsd
    4.62666e+02    1.27441e+04    6.22800e-05

           Step           Time
             69       69.00000

   Energies (kJ/mol)
          Angle Ryckaert-Bell.  Improper Dih.        LJ (SR)   Coulomb (SR)
    1.37493e+03    5.97286e+02    0.00000e+00   -1.84561e+03    2.24000e+02
      Potential Pressure (bar)   Constr. rmsd
    3.50601e+02    1.25948e+04    8.70667e-05

           Step           Time
             70       70.00000

   Energies (kJ/mol)
          Angle Ryckaert-Bell.  Improper Dih.        LJ (SR)   Coulomb (SR)
    1.43187e+03    5.93180e+02    0.00000e+00   -1.91388e+03    2.24417e+02
      Potential Pressure (bar)   Constr. rmsd
    3.35593e+02    1.25185e+04    1.29300e-04

           Step           Time
             71       71.00000

   Energies (kJ/mol)
          Angle Ryckaert-Bell.  Improper Dih.        LJ (SR)   Coulomb (SR)
    1.42254e+03    5.91355e+02    0.00000e+00   -2.02533e+03    2.23539e+02
      Potential Pressure (bar)   Constr. rmsd
    2.12107e+02    1.23590e+04    1.82380e-04

           Step           Time
             72       72.00000

           Step           Time
             73       73.00000

   Energies (kJ/mol)
          Angle Ryckaert-Bell.  Improper Dih.        LJ (SR)   Coulomb (SR)
    1.22979e+03    5.89254e+02    0.00000e+00   -2.05723e+03    2.23863e+02
      Potential Pressure (bar)   Constr. rmsd
   -1.43243e+01    1.22069e+04    6.30787e-05

           Step           Time
             74       74.00000

   Energies (kJ/mol)
          Angle Ryckaert-Bell.  Improper Dih.        LJ (SR)   Coulomb (SR)
    1.46667e+03    5.81457e+02    0.00000e+00   -2.30144e+03    2.22884e+02
      Potential Pressure (bar)   Constr. rmsd
   -3.04288e+01    1.19440e+04    1.00940e-04

           Step           Time
             75       75.00000

   Energies (kJ/mol)
          Angle Ryckaert-Bell.  Improper Dih.        LJ (SR)   Coulomb (SR)
    1.20072e+03    5.79220e+02    0.00000e+00   -2.32433e+03    2.23366e+02
      Potential Pressure (bar)   Constr. rmsd
   -3.21020e+02    1.17977e+04    1.24175e-04

           Step           Time
             76       76.00000

           Step           Time
             77       77.00000

   Energies (kJ/mol)
          Angle Ryckaert-Bell.  Improper Dih.        LJ (SR)   Coulomb (SR)
    1.22304e+03    5.76660e+02    0.00000e+00   -2.42027e+03    2.22818e+02
      Potential Pressure (bar)   Constr. rmsd
   -3.97748e+02    1.16589e+04    5.41066e-05

           Step           Time
             78       78.00000

   Energies (kJ/mol)
          Angle Ryckaert-Bell.  Improper Dih.        LJ (SR)   Coulomb (SR)
    1.20855e+03    5.73422e+02    0.00000e+00   -2.47133e+03    2.23098e+02
      Potential Pressure (bar)   Constr. rmsd
   -4.66258e+02    1.15725e+04    6.85985e-05

           Step           Time
             79       79.00000

   Energies (kJ/mol)
          Angle Ryckaert-Bell.  Improper Dih.        LJ (SR)   Coulomb (SR)
    1.25910e+03    5.71075e+02    0.00000e+00   -2.56941e+03    2.22407e+02
      Potential Pressure (bar)   Constr. rmsd
   -5.16826e+02    1.14557e+04    1.02495e-04

           Step           Time
             80       80.00000

   Energies (kJ/mol)
          Angle Ryckaert-Bell.  Improper Dih.        LJ (SR)   Coulomb (SR)
    1.25639e+03    5.67815e+02    0.00000e+00   -2.60767e+03    2.22865e+02
      Potential Pressure (bar)   Constr. rmsd
   -5.60592e+02    1.13945e+04    1.44660e-04

           Step           Time
             81       81.00000

   Energies (kJ/mol)
          Angle Ryckaert-Bell.  Improper Dih.        LJ (SR)   Coulomb (SR)
    1.35670e+03    5.65756e+02    0.00000e+00   -2.71181e+03    2.21972e+02
      Potential Pressure (bar)   Constr. rmsd
   -5.67386e+02    1.12955e+04    2.19326e-04

           Step           Time
             82       82.00000

   Energies (kJ/mol)
          Angle Ryckaert-Bell.  Improper Dih.        LJ (SR)   Coulomb (SR)
    1.37553e+03    5.62470e+02    0.00000e+00   -2.73433e+03    2.22675e+02
      Potential Pressure (bar)   Constr. rmsd
   -5.73652e+02    1.12686e+04    3.15186e-04

           Step           Time
             83       83.00000

           Step           Time
             84       84.00000

   Energies (kJ/mol)
          Angle Ryckaert-Bell.  Improper Dih.        LJ (SR)   Coulomb (SR)
    1.07782e+03    5.61661e+02    0.00000e+00   -2.79949e+03    2.22086e+02
      Potential Pressure (bar)   Constr. rmsd
   -9.37917e+02    1.10202e+04    1.03658e-04


Steepest Descents converged to Fmax < 1000 in 85 steps
Potential Energy  = -9.3791705e+02
Maximum force     =  7.0359583e+02 on atom 615
Norm of force     =  1.2436337e+02
Finished mdrun on rank 0 Fri Nov 17 19:50:09 2023

